03-08-2024 19:36:45 [Gateway Single Process Thread] INFO  mil.arl.gift.gateway.interop.InteropConfigFileHandler - Loading interop config file of config/gateway/configurations/default.interopConfig.xml from file on disk.
03-08-2024 19:36:46 [Gateway Single Process Thread] INFO  mil.arl.gift.gateway.interop.dis.DISInterface - DIS interface configured to receive on 127.0.0.1:3000 and send on 127.0.0.1:3005
03-08-2024 19:36:46 [Gateway Single Process Thread] INFO  mil.arl.gift.gateway.interop.InteropConfigFileHandler - Configured interop interface: DIS Adapter 1
03-08-2024 19:36:47 [Gateway Single Process Thread] INFO  mil.arl.gift.gateway.interop.ApplicationConnectionFactory - Creating socket handler on 127.0.0.1:27015
03-08-2024 19:36:47 [Gateway Single Process Thread] INFO  mil.arl.gift.gateway.interop.vbsplugin.VBSPluginInterface - VBS plugin interface socket handler created.
03-08-2024 19:36:47 [Gateway Single Process Thread] INFO  mil.arl.gift.gateway.interop.vbsplugin.VBSPluginInterface - Plugin has been configured
03-08-2024 19:36:47 [Gateway Single Process Thread] INFO  mil.arl.gift.gateway.interop.InteropConfigFileHandler - Configured interop interface: VBS Plugin 1
03-08-2024 19:36:49 [Gateway Single Process Thread] INFO  mil.arl.gift.gateway.interop.ppt.PPTInterface - Plugin has been configured
03-08-2024 19:36:49 [Gateway Single Process Thread] INFO  mil.arl.gift.gateway.interop.InteropConfigFileHandler - Configured interop interface: Powerpoint Adapter
03-08-2024 19:36:49 [Gateway Single Process Thread] INFO  mil.arl.gift.gateway.interop.tc3plugin.TC3PluginInterface - TC3 plugin has been configured.
03-08-2024 19:36:49 [Gateway Single Process Thread] INFO  mil.arl.gift.gateway.interop.InteropConfigFileHandler - Configured interop interface: TC3 Plugin 1
03-08-2024 19:36:49 [Gateway Single Process Thread] INFO  mil.arl.gift.gateway.interop.scatt.SCATTInterface - SCATTInterface created
03-08-2024 19:36:49 [Gateway Single Process Thread] INFO  mil.arl.gift.gateway.interop.scatt.SCATTInterface - SCATT interface configured on 127.0.0.1:27000
03-08-2024 19:36:49 [Gateway Single Process Thread] INFO  mil.arl.gift.gateway.interop.InteropConfigFileHandler - Configured interop interface: SCATT Adapter
03-08-2024 19:36:49 [Gateway Single Process Thread] INFO  mil.arl.gift.gateway.interop.ApplicationConnectionFactory - Creating XML RPC server on port 10564 with the following handlers: [Ljava.lang.Class;@39e7718c
03-08-2024 19:36:50 [Gateway Single Process Thread] INFO  mil.arl.gift.gateway.interop.ApplicationConnectionFactory - Creating XML RPC client on localhost:10565
03-08-2024 19:36:50 [Gateway Single Process Thread] INFO  mil.arl.gift.gateway.interop.simple.SimpleExampleTAPluginInterface - Plugin has been configured
03-08-2024 19:36:50 [Gateway Single Process Thread] INFO  mil.arl.gift.gateway.interop.InteropConfigFileHandler - Configured interop interface: Simple Example TA Plugin 1
03-08-2024 19:36:50 [Gateway Single Process Thread] WARN  mil.arl.gift.gateway.interop.InteropConfigFileHandler - Not instantiating interop interface named DE Testbed DIS Adapter with id of 8 because the 'isAvailable' value is false.
03-08-2024 19:36:50 [Gateway Single Process Thread] WARN  mil.arl.gift.gateway.interop.InteropConfigFileHandler - Not instantiating interop interface named DE Testbed XMLRPC Adapter with id of 9 because the 'isAvailable' value is false.
03-08-2024 19:36:50 [Gateway Single Process Thread] INFO  mil.arl.gift.gateway.interop.ApplicationConnectionFactory - Creating XML RPC server on port 10574 with the following handlers: [Ljava.lang.Class;@3506bc0e
03-08-2024 19:36:50 [Gateway Single Process Thread] INFO  mil.arl.gift.gateway.interop.sudoku.SudokuTAPluginInterface - Plugin has been configured
03-08-2024 19:36:50 [Gateway Single Process Thread] INFO  mil.arl.gift.gateway.interop.InteropConfigFileHandler - Configured interop interface: Sudoku TA Plugin
03-08-2024 19:36:50 [Gateway Single Process Thread] INFO  mil.arl.gift.gateway.interop.InteropConfigFileHandler - Configured interop interface: ARES RESTful Plugin 1
03-08-2024 19:36:50 [Gateway Single Process Thread] INFO  mil.arl.gift.gateway.interop.vrengage.VREngageInterface - VR-Engage plugin interface socket handler created.
03-08-2024 19:36:50 [Gateway Single Process Thread] INFO  mil.arl.gift.gateway.interop.vrengage.VREngageInterface - Plugin has been configured
03-08-2024 19:36:50 [Gateway Single Process Thread] INFO  mil.arl.gift.gateway.interop.InteropConfigFileHandler - Configured interop interface: VR-Engage Plugin 1
03-08-2024 19:36:54 [Gateway Single Process Thread] INFO  mil.arl.gift.gateway.interop.InteropConfigFileHandler - Configured interop interface: Adaptive Learning Service Bus
03-08-2024 19:36:54 [Gateway Single Process Thread] INFO  mil.arl.gift.gateway.interop.unity.UnityInterface - Created new socket handler
03-08-2024 19:36:54 [Gateway Single Process Thread] INFO  mil.arl.gift.gateway.interop.unity.UnityInterface - Plugin has been configured
03-08-2024 19:36:54 [Gateway Single Process Thread] INFO  mil.arl.gift.gateway.interop.InteropConfigFileHandler - Configured interop interface: Unity Interface
03-08-2024 19:36:56 [Gateway Single Process Thread] INFO  mil.arl.gift.gateway.interop.sesandboxplugin.SESandboxPluginInterface - SE Sandbox plugin interface socket handler created.
03-08-2024 19:36:58 [Gateway Single Process Thread] INFO  mil.arl.gift.gateway.interop.sesandboxplugin.SESandboxPluginInterface - Plugin has been configured
03-08-2024 19:36:58 [Gateway Single Process Thread] INFO  mil.arl.gift.gateway.interop.InteropConfigFileHandler - Configured interop interface: SE Sandbox Plugin
03-08-2024 19:36:59 [Gateway Single Process Thread] INFO  mil.arl.gift.gateway.interop.ride.RIDEPluginInterface - RIDE plugin interface socket handler created.
03-08-2024 19:36:59 [Gateway Single Process Thread] INFO  mil.arl.gift.gateway.interop.ride.RIDEPluginInterface - Plugin has been configured
03-08-2024 19:36:59 [Gateway Single Process Thread] INFO  mil.arl.gift.gateway.interop.InteropConfigFileHandler - Configured interop interface: RIDE Plugin
03-08-2024 19:36:59 [Gateway Single Process Thread] INFO  mil.arl.gift.gateway.interop.InteropConfigFileHandler - Successfully configured using interop config file
03-08-2024 19:36:59 [Gateway Single Process Thread] WARN  mil.arl.gift.gateway.GatewayModule - The following gateway interops are not being used in this instance because they are either set to 'not' available or a configuration is missing in config/gateway/configurations/default.interopConfig.xml:
mil.arl.gift.gateway.interop.detestbedplugin.DETestbedPluginXMLRPCInterface

03-08-2024 19:42:46 [Kill Module] ERROR mil.arl.gift.net.api.MessageClient - Failed to destroy the destination of 'Gateway_Queue_192.168.56.1'.
mil.arl.gift.common.io.DetailedException: Failed to invoke the 'removeQueue' operation on 'Gateway_Queue_192.168.56.1' through JMX connection.  Does that destination exist? Check the ActiveMQ Console (e.g. http://localhost:8161/admin/index.jsp). The error reads:
org.apache.activemq:BrokerName=localhost,Type=Broker
	at mil.arl.gift.net.api.MessageClient.attemptDestroy(MessageClient.java:446) ~[gift-common.jar:?]
	at mil.arl.gift.net.api.MessageClient.attemptDestroy(MessageClient.java:497) ~[gift-common.jar:?]
	at mil.arl.gift.net.api.MessageClient.terminateConnection(MessageClient.java:1010) [gift-common.jar:?]
	at mil.arl.gift.net.api.MessageClient.disconnect(MessageClient.java:876) [gift-common.jar:?]
	at mil.arl.gift.net.api.NetworkSession.cleanup(NetworkSession.java:3199) [gift-common.jar:?]
	at mil.arl.gift.common.module.AbstractModule.cleanup(AbstractModule.java:1124) [gift-common.jar:?]
	at mil.arl.gift.gateway.GatewayModule.cleanup(GatewayModule.java:1587) [gift-gateway.jar:?]
	at mil.arl.gift.common.module.AbstractModule.killModule(AbstractModule.java:1087) [gift-common.jar:?]
	at mil.arl.gift.gateway.GatewayModule$2.run(GatewayModule.java:642) [gift-gateway.jar:?]
Caused by: javax.management.InstanceNotFoundException: org.apache.activemq:BrokerName=localhost,Type=Broker
	at com.sun.jmx.interceptor.DefaultMBeanServerInterceptor.getMBean(DefaultMBeanServerInterceptor.java:1083) ~[?:?]
	at com.sun.jmx.interceptor.DefaultMBeanServerInterceptor.getClassLoaderFor(DefaultMBeanServerInterceptor.java:1421) ~[?:?]
	at com.sun.jmx.mbeanserver.JmxMBeanServer.getClassLoaderFor(JmxMBeanServer.java:1322) ~[?:?]
	at javax.management.remote.rmi.RMIConnectionImpl$6.run(RMIConnectionImpl.java:1363) ~[?:?]
	at java.security.AccessController.doPrivileged(Native Method) ~[?:?]
	at javax.management.remote.rmi.RMIConnectionImpl.getClassLoaderFor(RMIConnectionImpl.java:1360) ~[?:?]
	at javax.management.remote.rmi.RMIConnectionImpl.invoke(RMIConnectionImpl.java:811) ~[?:?]
	at jdk.internal.reflect.NativeMethodAccessorImpl.invoke0(Native Method) ~[?:?]
	at jdk.internal.reflect.NativeMethodAccessorImpl.invoke(NativeMethodAccessorImpl.java:62) ~[?:?]
	at jdk.internal.reflect.DelegatingMethodAccessorImpl.invoke(DelegatingMethodAccessorImpl.java:43) ~[?:?]
	at java.lang.reflect.Method.invoke(Method.java:566) ~[?:?]
	at sun.rmi.server.UnicastServerRef.dispatch(UnicastServerRef.java:359) ~[?:?]
	at sun.rmi.transport.Transport$1.run(Transport.java:200) ~[?:?]
	at sun.rmi.transport.Transport$1.run(Transport.java:197) ~[?:?]
	at java.security.AccessController.doPrivileged(Native Method) ~[?:?]
	at sun.rmi.transport.Transport.serviceCall(Transport.java:196) ~[?:?]
	at sun.rmi.transport.tcp.TCPTransport.handleMessages(TCPTransport.java:562) ~[?:?]
	at sun.rmi.transport.tcp.TCPTransport$ConnectionHandler.run0(TCPTransport.java:796) ~[?:?]
	at sun.rmi.transport.tcp.TCPTransport$ConnectionHandler.lambda$run$0(TCPTransport.java:677) ~[?:?]
	at java.security.AccessController.doPrivileged(Native Method) ~[?:?]
	at sun.rmi.transport.tcp.TCPTransport$ConnectionHandler.run(TCPTransport.java:676) ~[?:?]
	at java.util.concurrent.ThreadPoolExecutor.runWorker(ThreadPoolExecutor.java:1128) ~[?:?]
	at java.util.concurrent.ThreadPoolExecutor$Worker.run(ThreadPoolExecutor.java:628) ~[?:?]
	at java.lang.Thread.run(Thread.java:834) ~[?:?]
	at sun.rmi.transport.StreamRemoteCall.exceptionReceivedFromServer(StreamRemoteCall.java:283) ~[?:?]
	at sun.rmi.transport.StreamRemoteCall.executeCall(StreamRemoteCall.java:260) ~[?:?]
	at sun.rmi.server.UnicastRef.invoke(UnicastRef.java:161) ~[?:?]
	at jdk.jmx.remote.internal.rmi.PRef.invoke(Unknown Source) ~[?:?]
	at javax.management.remote.rmi.RMIConnectionImpl_Stub.invoke(Unknown Source) ~[?:?]
	at javax.management.remote.rmi.RMIConnector$RemoteMBeanServerConnection.invoke(RMIConnector.java:1021) ~[?:?]
	at mil.arl.gift.net.api.MessageClient.attemptDestroy(MessageClient.java:423) ~[gift-common.jar:?]
	... 8 more
03-08-2024 19:42:46 [Kill Module] INFO  mil.arl.gift.gateway.GatewayModule - cleaning up interop interface(s)
03-08-2024 19:42:46 [Kill Module] INFO  mil.arl.gift.gateway.interop.simple.SimpleExampleTAPluginInterface - Stopped listening for incoming training application messages.
03-08-2024 19:42:46 [Kill Module] INFO  mil.arl.gift.gateway.interop.sudoku.SudokuTAPluginInterface - Stopped listening for incoming training application messages.
03-08-2024 19:42:46 [Kill Module] INFO  mil.arl.gift.gateway.interop.unity.UnityInterface - Closing socket handler
03-08-2024 19:42:46 [Gateway Single Process Thread] INFO  mil.arl.gift.gateway.GatewayModule - cleaning up interop interface(s)
03-08-2024 19:42:46 [Gateway module Shutdown Hook] INFO  mil.arl.gift.gateway.GatewayModule - cleaning up interop interface(s)
