02-26-2024 20:56:50 [main] ERROR mil.arl.gift.gateway.interop.InteropConfigFileHandler - caught exception while trying to instantiate interop interface class gateway.interop.tc3plugin.TC3PluginInterface
mil.arl.gift.common.ConfigurationException: The TC3 interface was unable to connect to TC3 via the network port of 11002.
	at mil.arl.gift.gateway.interop.tc3plugin.TC3PluginInterface.configure(TC3PluginInterface.java:203) ~[gift-gateway.jar:?]
	at mil.arl.gift.gateway.interop.InteropConfigFileHandler.buildInteropInterfaces(InteropConfigFileHandler.java:373) [gift-gateway.jar:?]
	at mil.arl.gift.gateway.interop.InteropConfigFileHandler.configureByImplementationClassName(InteropConfigFileHandler.java:144) [gift-gateway.jar:?]
	at mil.arl.gift.gateway.GatewayModule.configureInterop(GatewayModule.java:386) [gift-gateway.jar:?]
	at mil.arl.gift.gateway.GatewayModule.init(GatewayModule.java:217) [gift-gateway.jar:?]
	at mil.arl.gift.gateway.GatewayModule.main(GatewayModule.java:1707) [gift-gateway.jar:?]
Caused by: java.net.BindException: Address already in use: NET_Bind
	at java.net.PlainSocketImpl.bind0(Native Method) ~[?:?]
	at java.net.PlainSocketImpl.socketBind(PlainSocketImpl.java:132) ~[?:?]
	at java.net.AbstractPlainSocketImpl.bind(AbstractPlainSocketImpl.java:436) ~[?:?]
	at java.net.ServerSocket.bind(ServerSocket.java:381) ~[?:?]
	at java.net.ServerSocket.<init>(ServerSocket.java:243) ~[?:?]
	at java.net.ServerSocket.<init>(ServerSocket.java:135) ~[?:?]
	at mil.arl.gift.gateway.interop.tc3plugin.TC3PluginInterface.configure(TC3PluginInterface.java:199) ~[gift-gateway.jar:?]
	... 5 more
02-26-2024 20:56:56 [main] ERROR mil.arl.gift.gateway.GatewayModule - Caught exception while running Gateway module.
mil.arl.gift.common.ConfigurationException: The TC3 interface was unable to connect to TC3 via the network port of 11002.
	at mil.arl.gift.gateway.interop.InteropConfigFileHandler.buildInteropInterfaces(InteropConfigFileHandler.java:415) ~[gift-gateway.jar:?]
	at mil.arl.gift.gateway.interop.InteropConfigFileHandler.configureByImplementationClassName(InteropConfigFileHandler.java:144) ~[gift-gateway.jar:?]
	at mil.arl.gift.gateway.GatewayModule.configureInterop(GatewayModule.java:386) ~[gift-gateway.jar:?]
	at mil.arl.gift.gateway.GatewayModule.init(GatewayModule.java:217) ~[gift-gateway.jar:?]
	at mil.arl.gift.gateway.GatewayModule.main(GatewayModule.java:1707) [gift-gateway.jar:?]
Caused by: mil.arl.gift.common.ConfigurationException: The TC3 interface was unable to connect to TC3 via the network port of 11002.
	at mil.arl.gift.gateway.interop.tc3plugin.TC3PluginInterface.configure(TC3PluginInterface.java:203) ~[gift-gateway.jar:?]
	at mil.arl.gift.gateway.interop.InteropConfigFileHandler.buildInteropInterfaces(InteropConfigFileHandler.java:373) ~[gift-gateway.jar:?]
	... 4 more
Caused by: java.net.BindException: Address already in use: NET_Bind
	at java.net.PlainSocketImpl.bind0(Native Method) ~[?:?]
	at java.net.PlainSocketImpl.socketBind(PlainSocketImpl.java:132) ~[?:?]
	at java.net.AbstractPlainSocketImpl.bind(AbstractPlainSocketImpl.java:436) ~[?:?]
	at java.net.ServerSocket.bind(ServerSocket.java:381) ~[?:?]
	at java.net.ServerSocket.<init>(ServerSocket.java:243) ~[?:?]
	at java.net.ServerSocket.<init>(ServerSocket.java:135) ~[?:?]
	at mil.arl.gift.gateway.interop.tc3plugin.TC3PluginInterface.configure(TC3PluginInterface.java:199) ~[gift-gateway.jar:?]
	at mil.arl.gift.gateway.interop.InteropConfigFileHandler.buildInteropInterfaces(InteropConfigFileHandler.java:373) ~[gift-gateway.jar:?]
	... 4 more
02-26-2024 20:56:59 [main] ERROR mil.arl.gift.net.api.MessageClient - Failed to destroy the destination of 'Gateway_Queue_192.168.56.1'.
mil.arl.gift.common.io.DetailedException: Failed to invoke the 'removeQueue' operation on 'Gateway_Queue_192.168.56.1' through JMX connection.  Does that destination exist? Check the ActiveMQ Console (e.g. http://localhost:8161/admin/index.jsp). The error reads:
org.apache.activemq:BrokerName=localhost,Type=Broker
	at mil.arl.gift.net.api.MessageClient.attemptDestroy(MessageClient.java:446) ~[gift-common.jar:?]
	at mil.arl.gift.net.api.MessageClient.attemptDestroy(MessageClient.java:497) ~[gift-common.jar:?]
	at mil.arl.gift.net.api.MessageClient.terminateConnection(MessageClient.java:1010) [gift-common.jar:?]
	at mil.arl.gift.net.api.MessageClient.disconnect(MessageClient.java:876) [gift-common.jar:?]
	at mil.arl.gift.net.api.NetworkSession.cleanup(NetworkSession.java:3199) [gift-common.jar:?]
	at mil.arl.gift.common.module.AbstractModule.cleanup(AbstractModule.java:1124) [gift-common.jar:?]
	at mil.arl.gift.gateway.GatewayModule.cleanup(GatewayModule.java:1587) [gift-gateway.jar:?]
	at mil.arl.gift.gateway.GatewayModule.main(GatewayModule.java:1734) [gift-gateway.jar:?]
Caused by: javax.management.InstanceNotFoundException: org.apache.activemq:BrokerName=localhost,Type=Broker
	at com.sun.jmx.interceptor.DefaultMBeanServerInterceptor.getMBean(DefaultMBeanServerInterceptor.java:1083) ~[?:?]
	at com.sun.jmx.interceptor.DefaultMBeanServerInterceptor.getClassLoaderFor(DefaultMBeanServerInterceptor.java:1421) ~[?:?]
	at com.sun.jmx.mbeanserver.JmxMBeanServer.getClassLoaderFor(JmxMBeanServer.java:1322) ~[?:?]
	at javax.management.remote.rmi.RMIConnectionImpl$6.run(RMIConnectionImpl.java:1363) ~[?:?]
	at java.security.AccessController.doPrivileged(Native Method) ~[?:?]
	at javax.management.remote.rmi.RMIConnectionImpl.getClassLoaderFor(RMIConnectionImpl.java:1360) ~[?:?]
	at javax.management.remote.rmi.RMIConnectionImpl.invoke(RMIConnectionImpl.java:811) ~[?:?]
	at jdk.internal.reflect.NativeMethodAccessorImpl.invoke0(Native Method) ~[?:?]
	at jdk.internal.reflect.NativeMethodAccessorImpl.invoke(NativeMethodAccessorImpl.java:62) ~[?:?]
	at jdk.internal.reflect.DelegatingMethodAccessorImpl.invoke(DelegatingMethodAccessorImpl.java:43) ~[?:?]
	at java.lang.reflect.Method.invoke(Method.java:566) ~[?:?]
	at sun.rmi.server.UnicastServerRef.dispatch(UnicastServerRef.java:359) ~[?:?]
	at sun.rmi.transport.Transport$1.run(Transport.java:200) ~[?:?]
	at sun.rmi.transport.Transport$1.run(Transport.java:197) ~[?:?]
	at java.security.AccessController.doPrivileged(Native Method) ~[?:?]
	at sun.rmi.transport.Transport.serviceCall(Transport.java:196) ~[?:?]
	at sun.rmi.transport.tcp.TCPTransport.handleMessages(TCPTransport.java:562) ~[?:?]
	at sun.rmi.transport.tcp.TCPTransport$ConnectionHandler.run0(TCPTransport.java:796) ~[?:?]
	at sun.rmi.transport.tcp.TCPTransport$ConnectionHandler.lambda$run$0(TCPTransport.java:677) ~[?:?]
	at java.security.AccessController.doPrivileged(Native Method) ~[?:?]
	at sun.rmi.transport.tcp.TCPTransport$ConnectionHandler.run(TCPTransport.java:676) ~[?:?]
	at java.util.concurrent.ThreadPoolExecutor.runWorker(ThreadPoolExecutor.java:1128) ~[?:?]
	at java.util.concurrent.ThreadPoolExecutor$Worker.run(ThreadPoolExecutor.java:628) ~[?:?]
	at java.lang.Thread.run(Thread.java:834) ~[?:?]
	at sun.rmi.transport.StreamRemoteCall.exceptionReceivedFromServer(StreamRemoteCall.java:283) ~[?:?]
	at sun.rmi.transport.StreamRemoteCall.executeCall(StreamRemoteCall.java:260) ~[?:?]
	at sun.rmi.server.UnicastRef.invoke(UnicastRef.java:161) ~[?:?]
	at jdk.jmx.remote.internal.rmi.PRef.invoke(Unknown Source) ~[?:?]
	at javax.management.remote.rmi.RMIConnectionImpl_Stub.invoke(Unknown Source) ~[?:?]
	at javax.management.remote.rmi.RMIConnector$RemoteMBeanServerConnection.invoke(RMIConnector.java:1021) ~[?:?]
	at mil.arl.gift.net.api.MessageClient.attemptDestroy(MessageClient.java:423) ~[gift-common.jar:?]
	... 7 more
