03-08-2024 19:43:28 [Thread-80] ERROR mil.arl.gift.common.python.ProcessStreamProcessor - src.py/xml.rpc.server/XmlRpcServer.py ERROR> Traceback (most recent call last):
src.py/xml.rpc.server/XmlRpcServer.py ERROR>   File "F:\Projects\release_2023-1\GIFT\src.py\xml.rpc.server\XmlRpcServer.py", line 9, in <module>
src.py/xml.rpc.server/XmlRpcServer.py ERROR>     from IncECGdetection import *
src.py/xml.rpc.server/XmlRpcServer.py ERROR>   File "F:\Projects\release_2023-1\GIFT\src.py\xml.rpc.server\IncECGdetection.py", line 5, in <module>
src.py/xml.rpc.server/XmlRpcServer.py ERROR>     import scipy
src.py/xml.rpc.server/XmlRpcServer.py ERROR> ModuleNotFoundError: No module named 'scipy'

03-09-2024 23:05:11 [ActiveMQ Connection Executor: tcp://localhost/127.0.0.1:61617@51081] WARN  mil.arl.gift.net.api.MessageClient - Message client for subject 'Learner_Discovery_Topic' caught JMSExcepion, attempting to reconnect.
javax.jms.JMSException: java.io.EOFException
	at org.apache.activemq.util.JMSExceptionSupport.create(JMSExceptionSupport.java:67) ~[activemq-all-5.18.3.jar:5.18.3]
	at org.apache.activemq.ActiveMQConnection.onAsyncException(ActiveMQConnection.java:2033) ~[activemq-all-5.18.3.jar:5.18.3]
	at org.apache.activemq.ActiveMQConnection.onException(ActiveMQConnection.java:2052) ~[activemq-all-5.18.3.jar:5.18.3]
	at org.apache.activemq.transport.TransportFilter.onException(TransportFilter.java:114) ~[activemq-all-5.18.3.jar:5.18.3]
	at org.apache.activemq.transport.ResponseCorrelator.onException(ResponseCorrelator.java:126) ~[activemq-all-5.18.3.jar:5.18.3]
	at org.apache.activemq.transport.TransportFilter.onException(TransportFilter.java:114) ~[activemq-all-5.18.3.jar:5.18.3]
	at org.apache.activemq.transport.TransportFilter.onException(TransportFilter.java:114) ~[activemq-all-5.18.3.jar:5.18.3]
	at org.apache.activemq.transport.WireFormatNegotiator.onException(WireFormatNegotiator.java:173) ~[activemq-all-5.18.3.jar:5.18.3]
	at org.apache.activemq.transport.AbstractInactivityMonitor.onException(AbstractInactivityMonitor.java:346) ~[activemq-all-5.18.3.jar:5.18.3]
	at org.apache.activemq.transport.TransportSupport.onException(TransportSupport.java:96) ~[activemq-all-5.18.3.jar:5.18.3]
	at org.apache.activemq.transport.tcp.TcpTransport.run(TcpTransport.java:219) ~[activemq-all-5.18.3.jar:5.18.3]
	at java.lang.Thread.run(Thread.java:834) [?:?]
Caused by: java.io.EOFException
	at java.io.DataInputStream.readInt(DataInputStream.java:397) ~[?:?]
	at org.apache.activemq.openwire.OpenWireFormat.unmarshal(OpenWireFormat.java:280) ~[activemq-all-5.18.3.jar:5.18.3]
	at org.apache.activemq.transport.tcp.TcpTransport.readCommand(TcpTransport.java:240) ~[activemq-all-5.18.3.jar:5.18.3]
	at org.apache.activemq.transport.tcp.TcpTransport.doRun(TcpTransport.java:232) ~[activemq-all-5.18.3.jar:5.18.3]
	at org.apache.activemq.transport.tcp.TcpTransport.run(TcpTransport.java:215) ~[activemq-all-5.18.3.jar:5.18.3]
	... 1 more
03-09-2024 23:05:11 [ActiveMQ Connection Executor: tcp://localhost/127.0.0.1:61617@51076] WARN  mil.arl.gift.net.api.MessageClient - Message client for subject 'Learner_Queue_192.168.56.1' caught JMSExcepion, attempting to reconnect.
javax.jms.JMSException: java.io.EOFException
	at org.apache.activemq.util.JMSExceptionSupport.create(JMSExceptionSupport.java:67) ~[activemq-all-5.18.3.jar:5.18.3]
	at org.apache.activemq.ActiveMQConnection.onAsyncException(ActiveMQConnection.java:2033) ~[activemq-all-5.18.3.jar:5.18.3]
	at org.apache.activemq.ActiveMQConnection.onException(ActiveMQConnection.java:2052) ~[activemq-all-5.18.3.jar:5.18.3]
	at org.apache.activemq.transport.TransportFilter.onException(TransportFilter.java:114) ~[activemq-all-5.18.3.jar:5.18.3]
	at org.apache.activemq.transport.ResponseCorrelator.onException(ResponseCorrelator.java:126) ~[activemq-all-5.18.3.jar:5.18.3]
	at org.apache.activemq.transport.TransportFilter.onException(TransportFilter.java:114) ~[activemq-all-5.18.3.jar:5.18.3]
	at org.apache.activemq.transport.TransportFilter.onException(TransportFilter.java:114) ~[activemq-all-5.18.3.jar:5.18.3]
	at org.apache.activemq.transport.WireFormatNegotiator.onException(WireFormatNegotiator.java:173) ~[activemq-all-5.18.3.jar:5.18.3]
	at org.apache.activemq.transport.AbstractInactivityMonitor.onException(AbstractInactivityMonitor.java:346) ~[activemq-all-5.18.3.jar:5.18.3]
	at org.apache.activemq.transport.TransportSupport.onException(TransportSupport.java:96) ~[activemq-all-5.18.3.jar:5.18.3]
	at org.apache.activemq.transport.tcp.TcpTransport.run(TcpTransport.java:219) ~[activemq-all-5.18.3.jar:5.18.3]
	at java.lang.Thread.run(Thread.java:834) [?:?]
Caused by: java.io.EOFException
	at java.io.DataInputStream.readInt(DataInputStream.java:397) ~[?:?]
	at org.apache.activemq.openwire.OpenWireFormat.unmarshal(OpenWireFormat.java:280) ~[activemq-all-5.18.3.jar:5.18.3]
	at org.apache.activemq.transport.tcp.TcpTransport.readCommand(TcpTransport.java:240) ~[activemq-all-5.18.3.jar:5.18.3]
	at org.apache.activemq.transport.tcp.TcpTransport.doRun(TcpTransport.java:232) ~[activemq-all-5.18.3.jar:5.18.3]
	at org.apache.activemq.transport.tcp.TcpTransport.run(TcpTransport.java:215) ~[activemq-all-5.18.3.jar:5.18.3]
	... 1 more
03-09-2024 23:05:12 [Learner_Discovery_Topic_Reconnect_Thread] WARN  mil.arl.gift.net.api.MessageClient - Caught JMSException for an inactive message client (hence why this is a warning and not an error) while disconnecting the message client message producer
03-09-2024 23:05:12 [ActiveMQ Connection Executor: tcp://localhost/127.0.0.1:61617@51333] WARN  mil.arl.gift.net.api.MessageClient - Message client for subject 'LMS_Queue_192.168.56.1_Inbox' caught JMSExcepion, attempting to reconnect.
javax.jms.JMSException: java.io.EOFException
	at org.apache.activemq.util.JMSExceptionSupport.create(JMSExceptionSupport.java:67) ~[activemq-all-5.18.3.jar:5.18.3]
	at org.apache.activemq.ActiveMQConnection.onAsyncException(ActiveMQConnection.java:2033) ~[activemq-all-5.18.3.jar:5.18.3]
	at org.apache.activemq.ActiveMQConnection.onException(ActiveMQConnection.java:2052) ~[activemq-all-5.18.3.jar:5.18.3]
	at org.apache.activemq.transport.TransportFilter.onException(TransportFilter.java:114) ~[activemq-all-5.18.3.jar:5.18.3]
	at org.apache.activemq.transport.ResponseCorrelator.onException(ResponseCorrelator.java:126) ~[activemq-all-5.18.3.jar:5.18.3]
	at org.apache.activemq.transport.TransportFilter.onException(TransportFilter.java:114) ~[activemq-all-5.18.3.jar:5.18.3]
	at org.apache.activemq.transport.TransportFilter.onException(TransportFilter.java:114) ~[activemq-all-5.18.3.jar:5.18.3]
	at org.apache.activemq.transport.WireFormatNegotiator.onException(WireFormatNegotiator.java:173) ~[activemq-all-5.18.3.jar:5.18.3]
	at org.apache.activemq.transport.AbstractInactivityMonitor.onException(AbstractInactivityMonitor.java:346) ~[activemq-all-5.18.3.jar:5.18.3]
	at org.apache.activemq.transport.TransportSupport.onException(TransportSupport.java:96) ~[activemq-all-5.18.3.jar:5.18.3]
	at org.apache.activemq.transport.tcp.TcpTransport.run(TcpTransport.java:219) ~[activemq-all-5.18.3.jar:5.18.3]
	at java.lang.Thread.run(Thread.java:834) [?:?]
Caused by: java.io.EOFException
	at java.io.DataInputStream.readInt(DataInputStream.java:397) ~[?:?]
	at org.apache.activemq.openwire.OpenWireFormat.unmarshal(OpenWireFormat.java:280) ~[activemq-all-5.18.3.jar:5.18.3]
	at org.apache.activemq.transport.tcp.TcpTransport.readCommand(TcpTransport.java:240) ~[activemq-all-5.18.3.jar:5.18.3]
	at org.apache.activemq.transport.tcp.TcpTransport.doRun(TcpTransport.java:232) ~[activemq-all-5.18.3.jar:5.18.3]
	at org.apache.activemq.transport.tcp.TcpTransport.run(TcpTransport.java:215) ~[activemq-all-5.18.3.jar:5.18.3]
	... 1 more
03-09-2024 23:05:12 [ActiveMQ Connection Executor: tcp://localhost/127.0.0.1:61617@51335] WARN  mil.arl.gift.net.api.MessageClient - Message client for subject 'UMS_Queue_192.168.56.1_Inbox' caught JMSExcepion, attempting to reconnect.
javax.jms.JMSException: java.io.EOFException
	at org.apache.activemq.util.JMSExceptionSupport.create(JMSExceptionSupport.java:67) ~[activemq-all-5.18.3.jar:5.18.3]
	at org.apache.activemq.ActiveMQConnection.onAsyncException(ActiveMQConnection.java:2033) ~[activemq-all-5.18.3.jar:5.18.3]
	at org.apache.activemq.ActiveMQConnection.onException(ActiveMQConnection.java:2052) ~[activemq-all-5.18.3.jar:5.18.3]
	at org.apache.activemq.transport.TransportFilter.onException(TransportFilter.java:114) ~[activemq-all-5.18.3.jar:5.18.3]
	at org.apache.activemq.transport.ResponseCorrelator.onException(ResponseCorrelator.java:126) ~[activemq-all-5.18.3.jar:5.18.3]
	at org.apache.activemq.transport.TransportFilter.onException(TransportFilter.java:114) ~[activemq-all-5.18.3.jar:5.18.3]
	at org.apache.activemq.transport.TransportFilter.onException(TransportFilter.java:114) ~[activemq-all-5.18.3.jar:5.18.3]
	at org.apache.activemq.transport.WireFormatNegotiator.onException(WireFormatNegotiator.java:173) ~[activemq-all-5.18.3.jar:5.18.3]
	at org.apache.activemq.transport.AbstractInactivityMonitor.onException(AbstractInactivityMonitor.java:346) ~[activemq-all-5.18.3.jar:5.18.3]
	at org.apache.activemq.transport.TransportSupport.onException(TransportSupport.java:96) ~[activemq-all-5.18.3.jar:5.18.3]
	at org.apache.activemq.transport.tcp.TcpTransport.run(TcpTransport.java:219) ~[activemq-all-5.18.3.jar:5.18.3]
	at java.lang.Thread.run(Thread.java:834) [?:?]
Caused by: java.io.EOFException
	at java.io.DataInputStream.readInt(DataInputStream.java:397) ~[?:?]
	at org.apache.activemq.openwire.OpenWireFormat.unmarshal(OpenWireFormat.java:280) ~[activemq-all-5.18.3.jar:5.18.3]
	at org.apache.activemq.transport.tcp.TcpTransport.readCommand(TcpTransport.java:240) ~[activemq-all-5.18.3.jar:5.18.3]
	at org.apache.activemq.transport.tcp.TcpTransport.doRun(TcpTransport.java:232) ~[activemq-all-5.18.3.jar:5.18.3]
	at org.apache.activemq.transport.tcp.TcpTransport.run(TcpTransport.java:215) ~[activemq-all-5.18.3.jar:5.18.3]
	... 1 more
03-09-2024 23:05:12 [LMS_Queue_192.168.56.1_Inbox_Reconnect_Thread] WARN  mil.arl.gift.net.api.MessageClient - Caught JMSException for an inactive message client (hence why this is a warning and not an error) while disconnecting the message client message producer
03-09-2024 23:05:12 [ActiveMQ Connection Executor: tcp://localhost/127.0.0.1:61617@51331] WARN  mil.arl.gift.net.api.MessageClient - Message client for subject 'Domain_Queue_192.168.56.1_Inbox' caught JMSExcepion, attempting to reconnect.
javax.jms.JMSException: java.io.EOFException
	at org.apache.activemq.util.JMSExceptionSupport.create(JMSExceptionSupport.java:67) ~[activemq-all-5.18.3.jar:5.18.3]
	at org.apache.activemq.ActiveMQConnection.onAsyncException(ActiveMQConnection.java:2033) ~[activemq-all-5.18.3.jar:5.18.3]
	at org.apache.activemq.ActiveMQConnection.onException(ActiveMQConnection.java:2052) ~[activemq-all-5.18.3.jar:5.18.3]
	at org.apache.activemq.transport.TransportFilter.onException(TransportFilter.java:114) ~[activemq-all-5.18.3.jar:5.18.3]
	at org.apache.activemq.transport.ResponseCorrelator.onException(ResponseCorrelator.java:126) ~[activemq-all-5.18.3.jar:5.18.3]
	at org.apache.activemq.transport.TransportFilter.onException(TransportFilter.java:114) ~[activemq-all-5.18.3.jar:5.18.3]
	at org.apache.activemq.transport.TransportFilter.onException(TransportFilter.java:114) ~[activemq-all-5.18.3.jar:5.18.3]
	at org.apache.activemq.transport.WireFormatNegotiator.onException(WireFormatNegotiator.java:173) ~[activemq-all-5.18.3.jar:5.18.3]
	at org.apache.activemq.transport.AbstractInactivityMonitor.onException(AbstractInactivityMonitor.java:346) ~[activemq-all-5.18.3.jar:5.18.3]
	at org.apache.activemq.transport.TransportSupport.onException(TransportSupport.java:96) ~[activemq-all-5.18.3.jar:5.18.3]
	at org.apache.activemq.transport.tcp.TcpTransport.run(TcpTransport.java:219) ~[activemq-all-5.18.3.jar:5.18.3]
	at java.lang.Thread.run(Thread.java:834) [?:?]
Caused by: java.io.EOFException
	at java.io.DataInputStream.readInt(DataInputStream.java:397) ~[?:?]
	at org.apache.activemq.openwire.OpenWireFormat.unmarshal(OpenWireFormat.java:280) ~[activemq-all-5.18.3.jar:5.18.3]
	at org.apache.activemq.transport.tcp.TcpTransport.readCommand(TcpTransport.java:240) ~[activemq-all-5.18.3.jar:5.18.3]
	at org.apache.activemq.transport.tcp.TcpTransport.doRun(TcpTransport.java:232) ~[activemq-all-5.18.3.jar:5.18.3]
	at org.apache.activemq.transport.tcp.TcpTransport.run(TcpTransport.java:215) ~[activemq-all-5.18.3.jar:5.18.3]
	... 1 more
03-09-2024 23:05:12 [UMS_Queue_192.168.56.1_Inbox_Reconnect_Thread] WARN  mil.arl.gift.net.api.MessageClient - Caught JMSException for an inactive message client (hence why this is a warning and not an error) while disconnecting the message client message producer
03-09-2024 23:05:12 [Domain_Queue_192.168.56.1_Inbox_Reconnect_Thread] WARN  mil.arl.gift.net.api.MessageClient - Caught JMSException for an inactive message client (hence why this is a warning and not an error) while disconnecting the message client message producer
03-09-2024 23:05:12 [Heartbeat:Learner_Module] ERROR mil.arl.gift.net.api.NetworkSession - Unable to find a message client for subject name Learner_Discovery_Topic, therefore unable to send the payload = [ModuleStatus: moduleName = Learner_Module, queueName = Learner_Queue_192.168.56.1_Inbox, moduleType = Learner_Module, moduleState = Unknown] for message type ModuleStatus
03-09-2024 23:05:12 [Heartbeat:Learner_Module] ERROR mil.arl.gift.net.api.NetworkSession - Caught exception while trying to send message type ModuleStatus with payload = [ModuleStatus: moduleName = Learner_Module, queueName = Learner_Queue_192.168.56.1_Inbox, moduleType = Learner_Module, moduleState = Unknown].
java.lang.Exception: Unable to find a message client for subject name Learner_Discovery_Topic
	at mil.arl.gift.net.api.NetworkSession.sendMessage(NetworkSession.java:2874) [gift-common.jar:?]
	at mil.arl.gift.common.module.AbstractModule.sendMessage(AbstractModule.java:769) [gift-common.jar:?]
	at mil.arl.gift.learner.LearnerModule.sendModuleStatus(LearnerModule.java:960) [gift-learner.jar:?]
	at mil.arl.gift.common.module.ModuleHeartbeatDaemon.handleHeartbeat(ModuleHeartbeatDaemon.java:127) [gift-common.jar:?]
	at mil.arl.gift.common.module.ModuleHeartbeatDaemon$HeartbeatThread.run(ModuleHeartbeatDaemon.java:118) [gift-common.jar:?]
03-09-2024 23:05:13 [Heartbeat:Learner_Module] ERROR mil.arl.gift.net.api.NetworkSession - Unable to find a message client for subject name Learner_Discovery_Topic, therefore unable to send the payload = [ModuleStatus: moduleName = Learner_Module, queueName = Learner_Queue_192.168.56.1_Inbox, moduleType = Learner_Module, moduleState = Unknown] for message type ModuleStatus
03-09-2024 23:05:13 [Heartbeat:Learner_Module] ERROR mil.arl.gift.net.api.NetworkSession - Caught exception while trying to send message type ModuleStatus with payload = [ModuleStatus: moduleName = Learner_Module, queueName = Learner_Queue_192.168.56.1_Inbox, moduleType = Learner_Module, moduleState = Unknown].
java.lang.Exception: Unable to find a message client for subject name Learner_Discovery_Topic
	at mil.arl.gift.net.api.NetworkSession.sendMessage(NetworkSession.java:2874) [gift-common.jar:?]
	at mil.arl.gift.common.module.AbstractModule.sendMessage(AbstractModule.java:769) [gift-common.jar:?]
	at mil.arl.gift.learner.LearnerModule.sendModuleStatus(LearnerModule.java:960) [gift-learner.jar:?]
	at mil.arl.gift.common.module.ModuleHeartbeatDaemon.handleHeartbeat(ModuleHeartbeatDaemon.java:127) [gift-common.jar:?]
	at mil.arl.gift.common.module.ModuleHeartbeatDaemon$HeartbeatThread.run(ModuleHeartbeatDaemon.java:118) [gift-common.jar:?]
03-09-2024 23:05:14 [Heartbeat:Learner_Module] ERROR mil.arl.gift.net.api.NetworkSession - Unable to find a message client for subject name Learner_Discovery_Topic, therefore unable to send the payload = [ModuleStatus: moduleName = Learner_Module, queueName = Learner_Queue_192.168.56.1_Inbox, moduleType = Learner_Module, moduleState = Unknown] for message type ModuleStatus
03-09-2024 23:05:14 [Heartbeat:Learner_Module] ERROR mil.arl.gift.net.api.NetworkSession - Caught exception while trying to send message type ModuleStatus with payload = [ModuleStatus: moduleName = Learner_Module, queueName = Learner_Queue_192.168.56.1_Inbox, moduleType = Learner_Module, moduleState = Unknown].
java.lang.Exception: Unable to find a message client for subject name Learner_Discovery_Topic
	at mil.arl.gift.net.api.NetworkSession.sendMessage(NetworkSession.java:2874) [gift-common.jar:?]
	at mil.arl.gift.common.module.AbstractModule.sendMessage(AbstractModule.java:769) [gift-common.jar:?]
	at mil.arl.gift.learner.LearnerModule.sendModuleStatus(LearnerModule.java:960) [gift-learner.jar:?]
	at mil.arl.gift.common.module.ModuleHeartbeatDaemon.handleHeartbeat(ModuleHeartbeatDaemon.java:127) [gift-common.jar:?]
	at mil.arl.gift.common.module.ModuleHeartbeatDaemon$HeartbeatThread.run(ModuleHeartbeatDaemon.java:118) [gift-common.jar:?]
03-09-2024 23:05:15 [Heartbeat:Learner_Module] ERROR mil.arl.gift.net.api.NetworkSession - Unable to find a message client for subject name Learner_Discovery_Topic, therefore unable to send the payload = [ModuleStatus: moduleName = Learner_Module, queueName = Learner_Queue_192.168.56.1_Inbox, moduleType = Learner_Module, moduleState = Unknown] for message type ModuleStatus
03-09-2024 23:05:15 [Heartbeat:Learner_Module] ERROR mil.arl.gift.net.api.NetworkSession - Caught exception while trying to send message type ModuleStatus with payload = [ModuleStatus: moduleName = Learner_Module, queueName = Learner_Queue_192.168.56.1_Inbox, moduleType = Learner_Module, moduleState = Unknown].
java.lang.Exception: Unable to find a message client for subject name Learner_Discovery_Topic
	at mil.arl.gift.net.api.NetworkSession.sendMessage(NetworkSession.java:2874) [gift-common.jar:?]
	at mil.arl.gift.common.module.AbstractModule.sendMessage(AbstractModule.java:769) [gift-common.jar:?]
	at mil.arl.gift.learner.LearnerModule.sendModuleStatus(LearnerModule.java:960) [gift-learner.jar:?]
	at mil.arl.gift.common.module.ModuleHeartbeatDaemon.handleHeartbeat(ModuleHeartbeatDaemon.java:127) [gift-common.jar:?]
	at mil.arl.gift.common.module.ModuleHeartbeatDaemon$HeartbeatThread.run(ModuleHeartbeatDaemon.java:118) [gift-common.jar:?]
03-09-2024 23:05:16 [Heartbeat:Learner_Module] ERROR mil.arl.gift.net.api.NetworkSession - Unable to find a message client for subject name Learner_Discovery_Topic, therefore unable to send the payload = [ModuleStatus: moduleName = Learner_Module, queueName = Learner_Queue_192.168.56.1_Inbox, moduleType = Learner_Module, moduleState = Unknown] for message type ModuleStatus
03-09-2024 23:05:17 [Heartbeat:Learner_Module] ERROR mil.arl.gift.net.api.NetworkSession - Caught exception while trying to send message type ModuleStatus with payload = [ModuleStatus: moduleName = Learner_Module, queueName = Learner_Queue_192.168.56.1_Inbox, moduleType = Learner_Module, moduleState = Unknown].
java.lang.Exception: Unable to find a message client for subject name Learner_Discovery_Topic
	at mil.arl.gift.net.api.NetworkSession.sendMessage(NetworkSession.java:2874) [gift-common.jar:?]
	at mil.arl.gift.common.module.AbstractModule.sendMessage(AbstractModule.java:769) [gift-common.jar:?]
	at mil.arl.gift.learner.LearnerModule.sendModuleStatus(LearnerModule.java:960) [gift-learner.jar:?]
	at mil.arl.gift.common.module.ModuleHeartbeatDaemon.handleHeartbeat(ModuleHeartbeatDaemon.java:127) [gift-common.jar:?]
	at mil.arl.gift.common.module.ModuleHeartbeatDaemon$HeartbeatThread.run(ModuleHeartbeatDaemon.java:118) [gift-common.jar:?]
03-09-2024 23:05:18 [Heartbeat:Learner_Module] ERROR mil.arl.gift.net.api.NetworkSession - Unable to find a message client for subject name Learner_Discovery_Topic, therefore unable to send the payload = [ModuleStatus: moduleName = Learner_Module, queueName = Learner_Queue_192.168.56.1_Inbox, moduleType = Learner_Module, moduleState = Unknown] for message type ModuleStatus
03-09-2024 23:05:18 [Heartbeat:Learner_Module] ERROR mil.arl.gift.net.api.NetworkSession - Caught exception while trying to send message type ModuleStatus with payload = [ModuleStatus: moduleName = Learner_Module, queueName = Learner_Queue_192.168.56.1_Inbox, moduleType = Learner_Module, moduleState = Unknown].
java.lang.Exception: Unable to find a message client for subject name Learner_Discovery_Topic
	at mil.arl.gift.net.api.NetworkSession.sendMessage(NetworkSession.java:2874) [gift-common.jar:?]
	at mil.arl.gift.common.module.AbstractModule.sendMessage(AbstractModule.java:769) [gift-common.jar:?]
	at mil.arl.gift.learner.LearnerModule.sendModuleStatus(LearnerModule.java:960) [gift-learner.jar:?]
	at mil.arl.gift.common.module.ModuleHeartbeatDaemon.handleHeartbeat(ModuleHeartbeatDaemon.java:127) [gift-common.jar:?]
	at mil.arl.gift.common.module.ModuleHeartbeatDaemon$HeartbeatThread.run(ModuleHeartbeatDaemon.java:118) [gift-common.jar:?]
03-09-2024 23:05:19 [Heartbeat:Learner_Module] ERROR mil.arl.gift.net.api.NetworkSession - Unable to find a message client for subject name Learner_Discovery_Topic, therefore unable to send the payload = [ModuleStatus: moduleName = Learner_Module, queueName = Learner_Queue_192.168.56.1_Inbox, moduleType = Learner_Module, moduleState = Unknown] for message type ModuleStatus
03-09-2024 23:05:19 [Heartbeat:Learner_Module] ERROR mil.arl.gift.net.api.NetworkSession - Caught exception while trying to send message type ModuleStatus with payload = [ModuleStatus: moduleName = Learner_Module, queueName = Learner_Queue_192.168.56.1_Inbox, moduleType = Learner_Module, moduleState = Unknown].
java.lang.Exception: Unable to find a message client for subject name Learner_Discovery_Topic
	at mil.arl.gift.net.api.NetworkSession.sendMessage(NetworkSession.java:2874) [gift-common.jar:?]
	at mil.arl.gift.common.module.AbstractModule.sendMessage(AbstractModule.java:769) [gift-common.jar:?]
	at mil.arl.gift.learner.LearnerModule.sendModuleStatus(LearnerModule.java:960) [gift-learner.jar:?]
	at mil.arl.gift.common.module.ModuleHeartbeatDaemon.handleHeartbeat(ModuleHeartbeatDaemon.java:127) [gift-common.jar:?]
	at mil.arl.gift.common.module.ModuleHeartbeatDaemon$HeartbeatThread.run(ModuleHeartbeatDaemon.java:118) [gift-common.jar:?]
03-09-2024 23:05:20 [Heartbeat:Learner_Module] ERROR mil.arl.gift.net.api.NetworkSession - Unable to find a message client for subject name Learner_Discovery_Topic, therefore unable to send the payload = [ModuleStatus: moduleName = Learner_Module, queueName = Learner_Queue_192.168.56.1_Inbox, moduleType = Learner_Module, moduleState = Unknown] for message type ModuleStatus
03-09-2024 23:05:20 [Heartbeat:Learner_Module] ERROR mil.arl.gift.net.api.NetworkSession - Caught exception while trying to send message type ModuleStatus with payload = [ModuleStatus: moduleName = Learner_Module, queueName = Learner_Queue_192.168.56.1_Inbox, moduleType = Learner_Module, moduleState = Unknown].
java.lang.Exception: Unable to find a message client for subject name Learner_Discovery_Topic
	at mil.arl.gift.net.api.NetworkSession.sendMessage(NetworkSession.java:2874) [gift-common.jar:?]
	at mil.arl.gift.common.module.AbstractModule.sendMessage(AbstractModule.java:769) [gift-common.jar:?]
	at mil.arl.gift.learner.LearnerModule.sendModuleStatus(LearnerModule.java:960) [gift-learner.jar:?]
	at mil.arl.gift.common.module.ModuleHeartbeatDaemon.handleHeartbeat(ModuleHeartbeatDaemon.java:127) [gift-common.jar:?]
	at mil.arl.gift.common.module.ModuleHeartbeatDaemon$HeartbeatThread.run(ModuleHeartbeatDaemon.java:118) [gift-common.jar:?]
03-09-2024 23:05:21 [Heartbeat:Learner_Module] ERROR mil.arl.gift.net.api.NetworkSession - Unable to find a message client for subject name Learner_Discovery_Topic, therefore unable to send the payload = [ModuleStatus: moduleName = Learner_Module, queueName = Learner_Queue_192.168.56.1_Inbox, moduleType = Learner_Module, moduleState = Unknown] for message type ModuleStatus
03-09-2024 23:05:21 [Heartbeat:Learner_Module] ERROR mil.arl.gift.net.api.NetworkSession - Caught exception while trying to send message type ModuleStatus with payload = [ModuleStatus: moduleName = Learner_Module, queueName = Learner_Queue_192.168.56.1_Inbox, moduleType = Learner_Module, moduleState = Unknown].
java.lang.Exception: Unable to find a message client for subject name Learner_Discovery_Topic
	at mil.arl.gift.net.api.NetworkSession.sendMessage(NetworkSession.java:2874) [gift-common.jar:?]
	at mil.arl.gift.common.module.AbstractModule.sendMessage(AbstractModule.java:769) [gift-common.jar:?]
	at mil.arl.gift.learner.LearnerModule.sendModuleStatus(LearnerModule.java:960) [gift-learner.jar:?]
	at mil.arl.gift.common.module.ModuleHeartbeatDaemon.handleHeartbeat(ModuleHeartbeatDaemon.java:127) [gift-common.jar:?]
	at mil.arl.gift.common.module.ModuleHeartbeatDaemon$HeartbeatThread.run(ModuleHeartbeatDaemon.java:118) [gift-common.jar:?]
03-09-2024 23:05:22 [Heartbeat:Learner_Module] ERROR mil.arl.gift.net.api.NetworkSession - Unable to find a message client for subject name Learner_Discovery_Topic, therefore unable to send the payload = [ModuleStatus: moduleName = Learner_Module, queueName = Learner_Queue_192.168.56.1_Inbox, moduleType = Learner_Module, moduleState = Unknown] for message type ModuleStatus
03-09-2024 23:05:22 [Heartbeat:Learner_Module] ERROR mil.arl.gift.net.api.NetworkSession - Caught exception while trying to send message type ModuleStatus with payload = [ModuleStatus: moduleName = Learner_Module, queueName = Learner_Queue_192.168.56.1_Inbox, moduleType = Learner_Module, moduleState = Unknown].
java.lang.Exception: Unable to find a message client for subject name Learner_Discovery_Topic
	at mil.arl.gift.net.api.NetworkSession.sendMessage(NetworkSession.java:2874) [gift-common.jar:?]
	at mil.arl.gift.common.module.AbstractModule.sendMessage(AbstractModule.java:769) [gift-common.jar:?]
	at mil.arl.gift.learner.LearnerModule.sendModuleStatus(LearnerModule.java:960) [gift-learner.jar:?]
	at mil.arl.gift.common.module.ModuleHeartbeatDaemon.handleHeartbeat(ModuleHeartbeatDaemon.java:127) [gift-common.jar:?]
	at mil.arl.gift.common.module.ModuleHeartbeatDaemon$HeartbeatThread.run(ModuleHeartbeatDaemon.java:118) [gift-common.jar:?]
03-09-2024 23:05:23 [Heartbeat:Learner_Module] ERROR mil.arl.gift.net.api.NetworkSession - Unable to find a message client for subject name Learner_Discovery_Topic, therefore unable to send the payload = [ModuleStatus: moduleName = Learner_Module, queueName = Learner_Queue_192.168.56.1_Inbox, moduleType = Learner_Module, moduleState = Unknown] for message type ModuleStatus
03-09-2024 23:05:23 [Heartbeat:Learner_Module] ERROR mil.arl.gift.net.api.NetworkSession - Caught exception while trying to send message type ModuleStatus with payload = [ModuleStatus: moduleName = Learner_Module, queueName = Learner_Queue_192.168.56.1_Inbox, moduleType = Learner_Module, moduleState = Unknown].
java.lang.Exception: Unable to find a message client for subject name Learner_Discovery_Topic
	at mil.arl.gift.net.api.NetworkSession.sendMessage(NetworkSession.java:2874) [gift-common.jar:?]
	at mil.arl.gift.common.module.AbstractModule.sendMessage(AbstractModule.java:769) [gift-common.jar:?]
	at mil.arl.gift.learner.LearnerModule.sendModuleStatus(LearnerModule.java:960) [gift-learner.jar:?]
	at mil.arl.gift.common.module.ModuleHeartbeatDaemon.handleHeartbeat(ModuleHeartbeatDaemon.java:127) [gift-common.jar:?]
	at mil.arl.gift.common.module.ModuleHeartbeatDaemon$HeartbeatThread.run(ModuleHeartbeatDaemon.java:118) [gift-common.jar:?]
03-09-2024 23:05:24 [Heartbeat:Learner_Module] ERROR mil.arl.gift.net.api.NetworkSession - Unable to find a message client for subject name Learner_Discovery_Topic, therefore unable to send the payload = [ModuleStatus: moduleName = Learner_Module, queueName = Learner_Queue_192.168.56.1_Inbox, moduleType = Learner_Module, moduleState = Unknown] for message type ModuleStatus
03-09-2024 23:05:24 [Heartbeat:Learner_Module] ERROR mil.arl.gift.net.api.NetworkSession - Caught exception while trying to send message type ModuleStatus with payload = [ModuleStatus: moduleName = Learner_Module, queueName = Learner_Queue_192.168.56.1_Inbox, moduleType = Learner_Module, moduleState = Unknown].
java.lang.Exception: Unable to find a message client for subject name Learner_Discovery_Topic
	at mil.arl.gift.net.api.NetworkSession.sendMessage(NetworkSession.java:2874) [gift-common.jar:?]
	at mil.arl.gift.common.module.AbstractModule.sendMessage(AbstractModule.java:769) [gift-common.jar:?]
	at mil.arl.gift.learner.LearnerModule.sendModuleStatus(LearnerModule.java:960) [gift-learner.jar:?]
	at mil.arl.gift.common.module.ModuleHeartbeatDaemon.handleHeartbeat(ModuleHeartbeatDaemon.java:127) [gift-common.jar:?]
	at mil.arl.gift.common.module.ModuleHeartbeatDaemon$HeartbeatThread.run(ModuleHeartbeatDaemon.java:118) [gift-common.jar:?]
03-09-2024 23:05:25 [Heartbeat:Learner_Module] ERROR mil.arl.gift.net.api.NetworkSession - Unable to find a message client for subject name Learner_Discovery_Topic, therefore unable to send the payload = [ModuleStatus: moduleName = Learner_Module, queueName = Learner_Queue_192.168.56.1_Inbox, moduleType = Learner_Module, moduleState = Unknown] for message type ModuleStatus
03-09-2024 23:05:25 [Heartbeat:Learner_Module] ERROR mil.arl.gift.net.api.NetworkSession - Caught exception while trying to send message type ModuleStatus with payload = [ModuleStatus: moduleName = Learner_Module, queueName = Learner_Queue_192.168.56.1_Inbox, moduleType = Learner_Module, moduleState = Unknown].
java.lang.Exception: Unable to find a message client for subject name Learner_Discovery_Topic
	at mil.arl.gift.net.api.NetworkSession.sendMessage(NetworkSession.java:2874) [gift-common.jar:?]
	at mil.arl.gift.common.module.AbstractModule.sendMessage(AbstractModule.java:769) [gift-common.jar:?]
	at mil.arl.gift.learner.LearnerModule.sendModuleStatus(LearnerModule.java:960) [gift-learner.jar:?]
	at mil.arl.gift.common.module.ModuleHeartbeatDaemon.handleHeartbeat(ModuleHeartbeatDaemon.java:127) [gift-common.jar:?]
	at mil.arl.gift.common.module.ModuleHeartbeatDaemon$HeartbeatThread.run(ModuleHeartbeatDaemon.java:118) [gift-common.jar:?]
03-09-2024 23:05:26 [Heartbeat:Learner_Module] ERROR mil.arl.gift.net.api.NetworkSession - Unable to find a message client for subject name Learner_Discovery_Topic, therefore unable to send the payload = [ModuleStatus: moduleName = Learner_Module, queueName = Learner_Queue_192.168.56.1_Inbox, moduleType = Learner_Module, moduleState = Unknown] for message type ModuleStatus
03-09-2024 23:05:26 [Heartbeat:Learner_Module] ERROR mil.arl.gift.net.api.NetworkSession - Caught exception while trying to send message type ModuleStatus with payload = [ModuleStatus: moduleName = Learner_Module, queueName = Learner_Queue_192.168.56.1_Inbox, moduleType = Learner_Module, moduleState = Unknown].
java.lang.Exception: Unable to find a message client for subject name Learner_Discovery_Topic
	at mil.arl.gift.net.api.NetworkSession.sendMessage(NetworkSession.java:2874) [gift-common.jar:?]
	at mil.arl.gift.common.module.AbstractModule.sendMessage(AbstractModule.java:769) [gift-common.jar:?]
	at mil.arl.gift.learner.LearnerModule.sendModuleStatus(LearnerModule.java:960) [gift-learner.jar:?]
	at mil.arl.gift.common.module.ModuleHeartbeatDaemon.handleHeartbeat(ModuleHeartbeatDaemon.java:127) [gift-common.jar:?]
	at mil.arl.gift.common.module.ModuleHeartbeatDaemon$HeartbeatThread.run(ModuleHeartbeatDaemon.java:118) [gift-common.jar:?]
03-09-2024 23:05:27 [Heartbeat:Learner_Module] ERROR mil.arl.gift.net.api.NetworkSession - Unable to find a message client for subject name Learner_Discovery_Topic, therefore unable to send the payload = [ModuleStatus: moduleName = Learner_Module, queueName = Learner_Queue_192.168.56.1_Inbox, moduleType = Learner_Module, moduleState = Unknown] for message type ModuleStatus
03-09-2024 23:05:27 [Heartbeat:Learner_Module] ERROR mil.arl.gift.net.api.NetworkSession - Caught exception while trying to send message type ModuleStatus with payload = [ModuleStatus: moduleName = Learner_Module, queueName = Learner_Queue_192.168.56.1_Inbox, moduleType = Learner_Module, moduleState = Unknown].
java.lang.Exception: Unable to find a message client for subject name Learner_Discovery_Topic
	at mil.arl.gift.net.api.NetworkSession.sendMessage(NetworkSession.java:2874) [gift-common.jar:?]
	at mil.arl.gift.common.module.AbstractModule.sendMessage(AbstractModule.java:769) [gift-common.jar:?]
	at mil.arl.gift.learner.LearnerModule.sendModuleStatus(LearnerModule.java:960) [gift-learner.jar:?]
	at mil.arl.gift.common.module.ModuleHeartbeatDaemon.handleHeartbeat(ModuleHeartbeatDaemon.java:127) [gift-common.jar:?]
	at mil.arl.gift.common.module.ModuleHeartbeatDaemon$HeartbeatThread.run(ModuleHeartbeatDaemon.java:118) [gift-common.jar:?]
03-09-2024 23:05:28 [Heartbeat:Learner_Module] ERROR mil.arl.gift.net.api.NetworkSession - Unable to find a message client for subject name Learner_Discovery_Topic, therefore unable to send the payload = [ModuleStatus: moduleName = Learner_Module, queueName = Learner_Queue_192.168.56.1_Inbox, moduleType = Learner_Module, moduleState = Unknown] for message type ModuleStatus
03-09-2024 23:05:28 [Heartbeat:Learner_Module] ERROR mil.arl.gift.net.api.NetworkSession - Caught exception while trying to send message type ModuleStatus with payload = [ModuleStatus: moduleName = Learner_Module, queueName = Learner_Queue_192.168.56.1_Inbox, moduleType = Learner_Module, moduleState = Unknown].
java.lang.Exception: Unable to find a message client for subject name Learner_Discovery_Topic
	at mil.arl.gift.net.api.NetworkSession.sendMessage(NetworkSession.java:2874) [gift-common.jar:?]
	at mil.arl.gift.common.module.AbstractModule.sendMessage(AbstractModule.java:769) [gift-common.jar:?]
	at mil.arl.gift.learner.LearnerModule.sendModuleStatus(LearnerModule.java:960) [gift-learner.jar:?]
	at mil.arl.gift.common.module.ModuleHeartbeatDaemon.handleHeartbeat(ModuleHeartbeatDaemon.java:127) [gift-common.jar:?]
	at mil.arl.gift.common.module.ModuleHeartbeatDaemon$HeartbeatThread.run(ModuleHeartbeatDaemon.java:118) [gift-common.jar:?]
