02-29-2024 15:09:56 [LMS_Queue_172.20.80.1_Message_Listener] WARN  mil.arl.gift.net.api.NetworkSession - It took 7883 ms to decode the PublishLessonScoreRequest message of:
[DomainSessionMessage: domainSessionId = 1, [UserSessionMessage: userId = 1, username = jvaida, experimentId = null, [Message: type = PublishLessonScoreRequest, source event id = 2859, seq # = 2874, time = 2024:02:29 15:09:45:238 MST, sender type = Domain_Module, sender name = Domain_Module, sender address = Domain_Queue_172.20.80.1_Inbox, destination address = LMS_Queue_172.20.80.1_Inbox, payload = [PublishLessonScore:  lms-username = jvaida, courseData = [LMSCourseRecord: ref = [CourseRecordRef: ref = null], domain = Public/Simple Example Training App Course/exampleCourse.course.xml, eventId = null, LMS connection Info = null, root = GradedScoreNode: name = "Simple Example TA Test", assessment = Unknown, type = "Graded Score Node", id = null, observerMedia = "null", observerComment = "null", evaluator = "null", children=[name = "Course Completed Percentage", assessment = Unknown, type = "Raw Score Node", id = null, observerMedia = "null", observerComment = "null", evaluator = "null", users = [jvaida], value = 33.33 units = percent]}, date = Thu Feb 29 15:09:45 MST 2024], rootConcept = null], needs response = false]]]
02-29-2024 15:13:14 [LMS_Queue_172.20.80.1_Message_Listener] WARN  mil.arl.gift.net.api.NetworkSession - It took 1102 ms to decode the KnowledgeSessionCreated message of:
[DomainSessionMessage: domainSessionId = 2, [UserSessionMessage: userId = 1, username = jvaida, experimentId = null, [Message: type = KnowledgeSessionCreated, source event id = 3311, seq # = 3348, time = 2024:02:29 15:13:12:076 MST, sender type = Domain_Module, sender name = Domain_Module, sender address = Domain_Queue_172.20.80.1_Inbox, destination address = LMS_Queue_172.20.80.1_Inbox, payload = [KnowledgeSessionCreated: , knowledge session = [IndividualKnowledgeSession: nameOfSession = Lesson, scenarioDescription = This DKF is used to assess game state messages coming from the Simple Example Training Application., hostSessionMember = [SessionMember: userSession = [UserSession: userId = 1, username = jvaida, experimentId = null, sessionType = GIFT_USER, sessionDetails = null], domainSessionId = 2, membership = [IndividualMembership: memberName = jvaida, teamMember = null]], isRunning = false, courseName = Simple Example TA Test, courseRuntimeId = jvaida\2024-02-29_15-11-31\Simple Example Training App Course\exampleCourse.course.xml, courseSourceId = Public/Simple Example Training App Course/exampleCourse.course.xml, experimentName = null, domainSessionLogFileName = null, nodeIdToNameMap = {1=pressing buttons task, 2=pressed button 1, 3=pressed button 2, 4=pressed button 3, 5=Application Completed}, trainingAppType = SimpleExampleTrainingApp, sessionType = ACTIVE, inPastSessionMode = false, sessionStartTime = 1709244792074, team = null, playbackId =null, mission = null, observerControls = null]], needs response = false]]]
02-29-2024 15:34:59 [Kill Module] ERROR mil.arl.gift.net.api.MessageClient - Failed to destroy the destination of 'LMS_Queue_172.20.80.1'.
mil.arl.gift.common.io.DetailedException: Failed to invoke the 'removeQueue' operation on 'LMS_Queue_172.20.80.1' through JMX connection.  Does that destination exist? Check the ActiveMQ Console (e.g. http://localhost:8161/admin/index.jsp). The error reads:
org.apache.activemq:BrokerName=localhost,Type=Broker
	at mil.arl.gift.net.api.MessageClient.attemptDestroy(MessageClient.java:446) ~[gift-common.jar:?]
	at mil.arl.gift.net.api.MessageClient.attemptDestroy(MessageClient.java:497) ~[gift-common.jar:?]
	at mil.arl.gift.net.api.MessageClient.terminateConnection(MessageClient.java:1010) [gift-common.jar:?]
	at mil.arl.gift.net.api.MessageClient.disconnect(MessageClient.java:876) [gift-common.jar:?]
	at mil.arl.gift.net.api.NetworkSession.cleanup(NetworkSession.java:3199) [gift-common.jar:?]
	at mil.arl.gift.common.module.AbstractModule.cleanup(AbstractModule.java:1124) [gift-common.jar:?]
	at mil.arl.gift.lms.LmsModule.cleanup(LmsModule.java:487) [gift-lms.jar:?]
	at mil.arl.gift.common.module.AbstractModule.killModule(AbstractModule.java:1087) [gift-common.jar:?]
	at mil.arl.gift.lms.LmsModule$1.run(LmsModule.java:473) [gift-lms.jar:?]
Caused by: javax.management.InstanceNotFoundException: org.apache.activemq:BrokerName=localhost,Type=Broker
	at com.sun.jmx.interceptor.DefaultMBeanServerInterceptor.getMBean(DefaultMBeanServerInterceptor.java:1083) ~[?:?]
	at com.sun.jmx.interceptor.DefaultMBeanServerInterceptor.getClassLoaderFor(DefaultMBeanServerInterceptor.java:1421) ~[?:?]
	at com.sun.jmx.mbeanserver.JmxMBeanServer.getClassLoaderFor(JmxMBeanServer.java:1322) ~[?:?]
	at javax.management.remote.rmi.RMIConnectionImpl$6.run(RMIConnectionImpl.java:1363) ~[?:?]
	at java.security.AccessController.doPrivileged(Native Method) ~[?:?]
	at javax.management.remote.rmi.RMIConnectionImpl.getClassLoaderFor(RMIConnectionImpl.java:1360) ~[?:?]
	at javax.management.remote.rmi.RMIConnectionImpl.invoke(RMIConnectionImpl.java:811) ~[?:?]
	at jdk.internal.reflect.NativeMethodAccessorImpl.invoke0(Native Method) ~[?:?]
	at jdk.internal.reflect.NativeMethodAccessorImpl.invoke(NativeMethodAccessorImpl.java:62) ~[?:?]
	at jdk.internal.reflect.DelegatingMethodAccessorImpl.invoke(DelegatingMethodAccessorImpl.java:43) ~[?:?]
	at java.lang.reflect.Method.invoke(Method.java:566) ~[?:?]
	at sun.rmi.server.UnicastServerRef.dispatch(UnicastServerRef.java:359) ~[?:?]
	at sun.rmi.transport.Transport$1.run(Transport.java:200) ~[?:?]
	at sun.rmi.transport.Transport$1.run(Transport.java:197) ~[?:?]
	at java.security.AccessController.doPrivileged(Native Method) ~[?:?]
	at sun.rmi.transport.Transport.serviceCall(Transport.java:196) ~[?:?]
	at sun.rmi.transport.tcp.TCPTransport.handleMessages(TCPTransport.java:562) ~[?:?]
	at sun.rmi.transport.tcp.TCPTransport$ConnectionHandler.run0(TCPTransport.java:796) ~[?:?]
	at sun.rmi.transport.tcp.TCPTransport$ConnectionHandler.lambda$run$0(TCPTransport.java:677) ~[?:?]
	at java.security.AccessController.doPrivileged(Native Method) ~[?:?]
	at sun.rmi.transport.tcp.TCPTransport$ConnectionHandler.run(TCPTransport.java:676) ~[?:?]
	at java.util.concurrent.ThreadPoolExecutor.runWorker(ThreadPoolExecutor.java:1128) ~[?:?]
	at java.util.concurrent.ThreadPoolExecutor$Worker.run(ThreadPoolExecutor.java:628) ~[?:?]
	at java.lang.Thread.run(Thread.java:834) ~[?:?]
	at sun.rmi.transport.StreamRemoteCall.exceptionReceivedFromServer(StreamRemoteCall.java:283) ~[?:?]
	at sun.rmi.transport.StreamRemoteCall.executeCall(StreamRemoteCall.java:260) ~[?:?]
	at sun.rmi.server.UnicastRef.invoke(UnicastRef.java:161) ~[?:?]
	at jdk.jmx.remote.internal.rmi.PRef.invoke(Unknown Source) ~[?:?]
	at javax.management.remote.rmi.RMIConnectionImpl_Stub.invoke(Unknown Source) ~[?:?]
	at javax.management.remote.rmi.RMIConnector$RemoteMBeanServerConnection.invoke(RMIConnector.java:1021) ~[?:?]
	at mil.arl.gift.net.api.MessageClient.attemptDestroy(MessageClient.java:423) ~[gift-common.jar:?]
	... 8 more
