02-26-2024 19:01:19 [AWT-EventQueue-0] ERROR mil.arl.gift.net.api.MessageClient - Failed to destroy the destination of 'Monitor_Queue:192.168.56.1'.
mil.arl.gift.common.io.DetailedException: Failed to create a JMX connection to 'localhost:7020'.  Please check the ActiveMQ jmxremote properties in GIFT\external\activemq\bin\win32\wrapper.conf if running with GIFT\external\activemq\bin\win32\activemq.bat -or- GIFT\external\activemq\conf\activemq.xml if running in Learner Mode.

The error reads:
Failed to retrieve RMIServer stub: javax.naming.ServiceUnavailableException [Root exception is java.rmi.ConnectException: Connection refused to host: localhost; nested exception is: 
	java.net.ConnectException: Connection refused: connect]
	at mil.arl.gift.net.api.MessageClient.attemptDestroy(MessageClient.java:398) ~[gift-common.jar:?]
	at mil.arl.gift.net.api.MessageClient.attemptDestroy(MessageClient.java:497) ~[gift-common.jar:?]
	at mil.arl.gift.net.api.MessageClient.terminateConnection(MessageClient.java:1010) [gift-common.jar:?]
	at mil.arl.gift.net.api.MessageClient.disconnect(MessageClient.java:876) [gift-common.jar:?]
	at mil.arl.gift.net.api.NetworkSession.cleanup(NetworkSession.java:3199) [gift-common.jar:?]
	at mil.arl.gift.common.module.AbstractModule.cleanup(AbstractModule.java:1124) [gift-common.jar:?]
	at mil.arl.gift.tools.monitor.MonitorModule.access$000(MonitorModule.java:80) [gift-monitor.jar:?]
	at mil.arl.gift.tools.monitor.MonitorModule$2.windowClosing(MonitorModule.java:271) [gift-monitor.jar:?]
	at java.awt.AWTEventMulticaster.windowClosing(AWTEventMulticaster.java:357) [?:?]
	at java.awt.Window.processWindowEvent(Window.java:2078) [?:?]
	at javax.swing.JFrame.processWindowEvent(JFrame.java:298) [?:?]
	at java.awt.Window.processEvent(Window.java:2037) [?:?]
	at java.awt.Component.dispatchEventImpl(Component.java:5008) [?:?]
	at java.awt.Container.dispatchEventImpl(Container.java:2321) [?:?]
	at java.awt.Window.dispatchEventImpl(Window.java:2772) [?:?]
	at java.awt.Component.dispatchEvent(Component.java:4840) [?:?]
	at java.awt.EventQueue.dispatchEventImpl(EventQueue.java:772) [?:?]
	at java.awt.EventQueue$4.run(EventQueue.java:721) [?:?]
	at java.awt.EventQueue$4.run(EventQueue.java:715) [?:?]
	at java.security.AccessController.doPrivileged(Native Method) ~[?:?]
	at java.security.ProtectionDomain$JavaSecurityAccessImpl.doIntersectionPrivilege(ProtectionDomain.java:85) [?:?]
	at java.security.ProtectionDomain$JavaSecurityAccessImpl.doIntersectionPrivilege(ProtectionDomain.java:95) [?:?]
	at java.awt.EventQueue$5.run(EventQueue.java:745) [?:?]
	at java.awt.EventQueue$5.run(EventQueue.java:743) [?:?]
	at java.security.AccessController.doPrivileged(Native Method) ~[?:?]
	at java.security.ProtectionDomain$JavaSecurityAccessImpl.doIntersectionPrivilege(ProtectionDomain.java:85) [?:?]
	at java.awt.EventQueue.dispatchEvent(EventQueue.java:742) [?:?]
	at java.awt.EventDispatchThread.pumpOneEventForFilters(EventDispatchThread.java:203) [?:?]
	at java.awt.EventDispatchThread.pumpEventsForFilter(EventDispatchThread.java:124) [?:?]
	at java.awt.EventDispatchThread.pumpEventsForHierarchy(EventDispatchThread.java:113) [?:?]
	at java.awt.EventDispatchThread.pumpEvents(EventDispatchThread.java:109) [?:?]
	at java.awt.EventDispatchThread.pumpEvents(EventDispatchThread.java:101) [?:?]
	at java.awt.EventDispatchThread.run(EventDispatchThread.java:90) [?:?]
Caused by: java.io.IOException: Failed to retrieve RMIServer stub: javax.naming.ServiceUnavailableException [Root exception is java.rmi.ConnectException: Connection refused to host: localhost; nested exception is: 
	java.net.ConnectException: Connection refused: connect]
	at javax.management.remote.rmi.RMIConnector.connect(RMIConnector.java:370) ~[?:?]
	at javax.management.remote.JMXConnectorFactory.connect(JMXConnectorFactory.java:270) ~[?:?]
	at javax.management.remote.JMXConnectorFactory.connect(JMXConnectorFactory.java:229) ~[?:?]
	at mil.arl.gift.net.api.MessageClient.attemptDestroy(MessageClient.java:386) ~[gift-common.jar:?]
	... 32 more
Caused by: javax.naming.ServiceUnavailableException
	at com.sun.jndi.rmi.registry.RegistryContext.lookup(RegistryContext.java:137) ~[?:?]
	at com.sun.jndi.toolkit.url.GenericURLContext.lookup(GenericURLContext.java:207) ~[?:?]
	at javax.naming.InitialContext.lookup(InitialContext.java:409) ~[?:?]
	at javax.management.remote.rmi.RMIConnector.findRMIServerJNDI(RMIConnector.java:1839) ~[?:?]
	at javax.management.remote.rmi.RMIConnector.findRMIServer(RMIConnector.java:1813) ~[?:?]
	at javax.management.remote.rmi.RMIConnector.connect(RMIConnector.java:302) ~[?:?]
	at javax.management.remote.JMXConnectorFactory.connect(JMXConnectorFactory.java:270) ~[?:?]
	at javax.management.remote.JMXConnectorFactory.connect(JMXConnectorFactory.java:229) ~[?:?]
	at mil.arl.gift.net.api.MessageClient.attemptDestroy(MessageClient.java:386) ~[gift-common.jar:?]
	... 32 more
Caused by: java.rmi.ConnectException: Connection refused to host: localhost; nested exception is: 
	java.net.ConnectException: Connection refused: connect
	at sun.rmi.transport.tcp.TCPEndpoint.newSocket(TCPEndpoint.java:619) ~[?:?]
	at sun.rmi.transport.tcp.TCPChannel.createConnection(TCPChannel.java:209) ~[?:?]
	at sun.rmi.transport.tcp.TCPChannel.newConnection(TCPChannel.java:196) ~[?:?]
	at sun.rmi.server.UnicastRef.newCall(UnicastRef.java:338) ~[?:?]
	at sun.rmi.registry.RegistryImpl_Stub.lookup(RegistryImpl_Stub.java:112) ~[?:?]
	at com.sun.jndi.rmi.registry.RegistryContext.lookup(RegistryContext.java:133) ~[?:?]
	at com.sun.jndi.toolkit.url.GenericURLContext.lookup(GenericURLContext.java:207) ~[?:?]
	at javax.naming.InitialContext.lookup(InitialContext.java:409) ~[?:?]
	at javax.management.remote.rmi.RMIConnector.findRMIServerJNDI(RMIConnector.java:1839) ~[?:?]
	at javax.management.remote.rmi.RMIConnector.findRMIServer(RMIConnector.java:1813) ~[?:?]
	at javax.management.remote.rmi.RMIConnector.connect(RMIConnector.java:302) ~[?:?]
	at javax.management.remote.JMXConnectorFactory.connect(JMXConnectorFactory.java:270) ~[?:?]
	at javax.management.remote.JMXConnectorFactory.connect(JMXConnectorFactory.java:229) ~[?:?]
	at mil.arl.gift.net.api.MessageClient.attemptDestroy(MessageClient.java:386) ~[gift-common.jar:?]
	... 32 more
Caused by: java.net.ConnectException: Connection refused: connect
	at java.net.PlainSocketImpl.connect0(Native Method) ~[?:?]
	at java.net.PlainSocketImpl.socketConnect(PlainSocketImpl.java:101) ~[?:?]
	at java.net.AbstractPlainSocketImpl.doConnect(AbstractPlainSocketImpl.java:399) ~[?:?]
	at java.net.AbstractPlainSocketImpl.connectToAddress(AbstractPlainSocketImpl.java:242) ~[?:?]
	at java.net.AbstractPlainSocketImpl.connect(AbstractPlainSocketImpl.java:224) ~[?:?]
	at java.net.SocksSocketImpl.connect(SocksSocketImpl.java:403) ~[?:?]
	at java.net.Socket.connect(Socket.java:591) ~[?:?]
	at java.net.Socket.connect(Socket.java:540) ~[?:?]
	at java.net.Socket.<init>(Socket.java:436) ~[?:?]
	at java.net.Socket.<init>(Socket.java:213) ~[?:?]
	at sun.rmi.transport.tcp.TCPDirectSocketFactory.createSocket(TCPDirectSocketFactory.java:40) ~[?:?]
	at sun.rmi.transport.tcp.TCPEndpoint.newSocket(TCPEndpoint.java:613) ~[?:?]
	at sun.rmi.transport.tcp.TCPChannel.createConnection(TCPChannel.java:209) ~[?:?]
	at sun.rmi.transport.tcp.TCPChannel.newConnection(TCPChannel.java:196) ~[?:?]
	at sun.rmi.server.UnicastRef.newCall(UnicastRef.java:338) ~[?:?]
	at sun.rmi.registry.RegistryImpl_Stub.lookup(RegistryImpl_Stub.java:112) ~[?:?]
	at com.sun.jndi.rmi.registry.RegistryContext.lookup(RegistryContext.java:133) ~[?:?]
	at com.sun.jndi.toolkit.url.GenericURLContext.lookup(GenericURLContext.java:207) ~[?:?]
	at javax.naming.InitialContext.lookup(InitialContext.java:409) ~[?:?]
	at javax.management.remote.rmi.RMIConnector.findRMIServerJNDI(RMIConnector.java:1839) ~[?:?]
	at javax.management.remote.rmi.RMIConnector.findRMIServer(RMIConnector.java:1813) ~[?:?]
	at javax.management.remote.rmi.RMIConnector.connect(RMIConnector.java:302) ~[?:?]
	at javax.management.remote.JMXConnectorFactory.connect(JMXConnectorFactory.java:270) ~[?:?]
	at javax.management.remote.JMXConnectorFactory.connect(JMXConnectorFactory.java:229) ~[?:?]
	at mil.arl.gift.net.api.MessageClient.attemptDestroy(MessageClient.java:386) ~[gift-common.jar:?]
	... 32 more
