03-08-2024 19:43:27 [Sensor Single Process Thread] WARN  mil.arl.gift.sensor.SensorModule - There is no sensor configuration file property value, therefore the sensor module will not be configured with any sensors.  To change this configuration, update the SensorConfigurationFile property in sensor\sensor.properties to point to the appropriate sensor configuration XML file.
03-09-2024 23:05:11 [ActiveMQ Connection Executor: tcp://localhost/127.0.0.1:61617@51101] WARN  mil.arl.gift.net.api.MessageClient - Message client for subject 'Sensor_Discovery_Topic' caught JMSExcepion, attempting to reconnect.
javax.jms.JMSException: java.io.EOFException
	at org.apache.activemq.util.JMSExceptionSupport.create(JMSExceptionSupport.java:67) ~[activemq-all-5.18.3.jar:5.18.3]
	at org.apache.activemq.ActiveMQConnection.onAsyncException(ActiveMQConnection.java:2033) ~[activemq-all-5.18.3.jar:5.18.3]
	at org.apache.activemq.ActiveMQConnection.onException(ActiveMQConnection.java:2052) ~[activemq-all-5.18.3.jar:5.18.3]
	at org.apache.activemq.transport.TransportFilter.onException(TransportFilter.java:114) ~[activemq-all-5.18.3.jar:5.18.3]
	at org.apache.activemq.transport.ResponseCorrelator.onException(ResponseCorrelator.java:126) ~[activemq-all-5.18.3.jar:5.18.3]
	at org.apache.activemq.transport.TransportFilter.onException(TransportFilter.java:114) ~[activemq-all-5.18.3.jar:5.18.3]
	at org.apache.activemq.transport.TransportFilter.onException(TransportFilter.java:114) ~[activemq-all-5.18.3.jar:5.18.3]
	at org.apache.activemq.transport.WireFormatNegotiator.onException(WireFormatNegotiator.java:173) ~[activemq-all-5.18.3.jar:5.18.3]
	at org.apache.activemq.transport.AbstractInactivityMonitor.onException(AbstractInactivityMonitor.java:346) ~[activemq-all-5.18.3.jar:5.18.3]
	at org.apache.activemq.transport.TransportSupport.onException(TransportSupport.java:96) ~[activemq-all-5.18.3.jar:5.18.3]
	at org.apache.activemq.transport.tcp.TcpTransport.run(TcpTransport.java:219) ~[activemq-all-5.18.3.jar:5.18.3]
	at java.lang.Thread.run(Thread.java:834) [?:?]
Caused by: java.io.EOFException
	at java.io.DataInputStream.readInt(DataInputStream.java:397) ~[?:?]
	at org.apache.activemq.openwire.OpenWireFormat.unmarshal(OpenWireFormat.java:280) ~[activemq-all-5.18.3.jar:5.18.3]
	at org.apache.activemq.transport.tcp.TcpTransport.readCommand(TcpTransport.java:240) ~[activemq-all-5.18.3.jar:5.18.3]
	at org.apache.activemq.transport.tcp.TcpTransport.doRun(TcpTransport.java:232) ~[activemq-all-5.18.3.jar:5.18.3]
	at org.apache.activemq.transport.tcp.TcpTransport.run(TcpTransport.java:215) ~[activemq-all-5.18.3.jar:5.18.3]
	... 1 more
03-09-2024 23:05:12 [ActiveMQ Connection Executor: tcp://localhost/127.0.0.1:61617@51102] WARN  mil.arl.gift.net.api.MessageClient - Message client for subject 'Sensor_Status_Topic' caught JMSExcepion, attempting to reconnect.
javax.jms.JMSException: java.io.EOFException
	at org.apache.activemq.util.JMSExceptionSupport.create(JMSExceptionSupport.java:67) ~[activemq-all-5.18.3.jar:5.18.3]
	at org.apache.activemq.ActiveMQConnection.onAsyncException(ActiveMQConnection.java:2033) ~[activemq-all-5.18.3.jar:5.18.3]
	at org.apache.activemq.ActiveMQConnection.onException(ActiveMQConnection.java:2052) ~[activemq-all-5.18.3.jar:5.18.3]
	at org.apache.activemq.transport.TransportFilter.onException(TransportFilter.java:114) ~[activemq-all-5.18.3.jar:5.18.3]
	at org.apache.activemq.transport.ResponseCorrelator.onException(ResponseCorrelator.java:126) ~[activemq-all-5.18.3.jar:5.18.3]
	at org.apache.activemq.transport.TransportFilter.onException(TransportFilter.java:114) ~[activemq-all-5.18.3.jar:5.18.3]
	at org.apache.activemq.transport.TransportFilter.onException(TransportFilter.java:114) ~[activemq-all-5.18.3.jar:5.18.3]
	at org.apache.activemq.transport.WireFormatNegotiator.onException(WireFormatNegotiator.java:173) ~[activemq-all-5.18.3.jar:5.18.3]
	at org.apache.activemq.transport.AbstractInactivityMonitor.onException(AbstractInactivityMonitor.java:346) ~[activemq-all-5.18.3.jar:5.18.3]
	at org.apache.activemq.transport.TransportSupport.onException(TransportSupport.java:96) ~[activemq-all-5.18.3.jar:5.18.3]
	at org.apache.activemq.transport.tcp.TcpTransport.run(TcpTransport.java:219) ~[activemq-all-5.18.3.jar:5.18.3]
	at java.lang.Thread.run(Thread.java:834) [?:?]
Caused by: java.io.EOFException
	at java.io.DataInputStream.readInt(DataInputStream.java:397) ~[?:?]
	at org.apache.activemq.openwire.OpenWireFormat.unmarshal(OpenWireFormat.java:280) ~[activemq-all-5.18.3.jar:5.18.3]
	at org.apache.activemq.transport.tcp.TcpTransport.readCommand(TcpTransport.java:240) ~[activemq-all-5.18.3.jar:5.18.3]
	at org.apache.activemq.transport.tcp.TcpTransport.doRun(TcpTransport.java:232) ~[activemq-all-5.18.3.jar:5.18.3]
	at org.apache.activemq.transport.tcp.TcpTransport.run(TcpTransport.java:215) ~[activemq-all-5.18.3.jar:5.18.3]
	... 1 more
03-09-2024 23:05:12 [ActiveMQ Connection Executor: tcp://localhost/127.0.0.1:61617@51099] WARN  mil.arl.gift.net.api.MessageClient - Message client for subject 'Sensor_Queue_192.168.56.1' caught JMSExcepion, attempting to reconnect.
javax.jms.JMSException: java.io.EOFException
	at org.apache.activemq.util.JMSExceptionSupport.create(JMSExceptionSupport.java:67) ~[activemq-all-5.18.3.jar:5.18.3]
	at org.apache.activemq.ActiveMQConnection.onAsyncException(ActiveMQConnection.java:2033) ~[activemq-all-5.18.3.jar:5.18.3]
	at org.apache.activemq.ActiveMQConnection.onException(ActiveMQConnection.java:2052) ~[activemq-all-5.18.3.jar:5.18.3]
	at org.apache.activemq.transport.TransportFilter.onException(TransportFilter.java:114) ~[activemq-all-5.18.3.jar:5.18.3]
	at org.apache.activemq.transport.ResponseCorrelator.onException(ResponseCorrelator.java:126) ~[activemq-all-5.18.3.jar:5.18.3]
	at org.apache.activemq.transport.TransportFilter.onException(TransportFilter.java:114) ~[activemq-all-5.18.3.jar:5.18.3]
	at org.apache.activemq.transport.TransportFilter.onException(TransportFilter.java:114) ~[activemq-all-5.18.3.jar:5.18.3]
	at org.apache.activemq.transport.WireFormatNegotiator.onException(WireFormatNegotiator.java:173) ~[activemq-all-5.18.3.jar:5.18.3]
	at org.apache.activemq.transport.AbstractInactivityMonitor.onException(AbstractInactivityMonitor.java:346) ~[activemq-all-5.18.3.jar:5.18.3]
	at org.apache.activemq.transport.TransportSupport.onException(TransportSupport.java:96) ~[activemq-all-5.18.3.jar:5.18.3]
	at org.apache.activemq.transport.tcp.TcpTransport.run(TcpTransport.java:219) ~[activemq-all-5.18.3.jar:5.18.3]
	at java.lang.Thread.run(Thread.java:834) [?:?]
Caused by: java.io.EOFException
	at java.io.DataInputStream.readInt(DataInputStream.java:397) ~[?:?]
	at org.apache.activemq.openwire.OpenWireFormat.unmarshal(OpenWireFormat.java:280) ~[activemq-all-5.18.3.jar:5.18.3]
	at org.apache.activemq.transport.tcp.TcpTransport.readCommand(TcpTransport.java:240) ~[activemq-all-5.18.3.jar:5.18.3]
	at org.apache.activemq.transport.tcp.TcpTransport.doRun(TcpTransport.java:232) ~[activemq-all-5.18.3.jar:5.18.3]
	at org.apache.activemq.transport.tcp.TcpTransport.run(TcpTransport.java:215) ~[activemq-all-5.18.3.jar:5.18.3]
	... 1 more
03-09-2024 23:05:12 [Sensor_Discovery_Topic_Reconnect_Thread] WARN  mil.arl.gift.net.api.MessageClient - Caught JMSException for an inactive message client (hence why this is a warning and not an error) while disconnecting the message client message producer
03-09-2024 23:05:12 [Sensor_Discovery_Topic_Reconnect_Thread] WARN  mil.arl.gift.net.api.MessageClient - Caught JMSException for an inactive message client (hence why this is a warning and not an error) while disconnecting the message client broker session
03-09-2024 23:05:12 [Sensor_Status_Topic_Reconnect_Thread] WARN  mil.arl.gift.net.api.MessageClient - Caught JMSException for an inactive message client (hence why this is a warning and not an error) while disconnecting the message client message producer
03-09-2024 23:05:12 [Sensor_Status_Topic_Reconnect_Thread] WARN  mil.arl.gift.net.api.MessageClient - Caught JMSException for an inactive message client (hence why this is a warning and not an error) while disconnecting the message client broker session
03-09-2024 23:05:12 [Sensor_Queue_192.168.56.1_Reconnect_Thread] WARN  mil.arl.gift.net.api.MessageClient - Caught JMSException for an inactive message client (hence why this is a warning and not an error) while disconnecting the message client message producer
03-09-2024 23:05:12 [ActiveMQ Connection Executor: tcp://localhost/127.0.0.1:61617@51339] WARN  mil.arl.gift.net.api.MessageClient - Message client for subject 'Domain_Queue_192.168.56.1_Inbox' caught JMSExcepion, attempting to reconnect.
javax.jms.JMSException: java.io.EOFException
	at org.apache.activemq.util.JMSExceptionSupport.create(JMSExceptionSupport.java:67) ~[activemq-all-5.18.3.jar:5.18.3]
	at org.apache.activemq.ActiveMQConnection.onAsyncException(ActiveMQConnection.java:2033) ~[activemq-all-5.18.3.jar:5.18.3]
	at org.apache.activemq.ActiveMQConnection.onException(ActiveMQConnection.java:2052) ~[activemq-all-5.18.3.jar:5.18.3]
	at org.apache.activemq.transport.TransportFilter.onException(TransportFilter.java:114) ~[activemq-all-5.18.3.jar:5.18.3]
	at org.apache.activemq.transport.ResponseCorrelator.onException(ResponseCorrelator.java:126) ~[activemq-all-5.18.3.jar:5.18.3]
	at org.apache.activemq.transport.TransportFilter.onException(TransportFilter.java:114) ~[activemq-all-5.18.3.jar:5.18.3]
	at org.apache.activemq.transport.TransportFilter.onException(TransportFilter.java:114) ~[activemq-all-5.18.3.jar:5.18.3]
	at org.apache.activemq.transport.WireFormatNegotiator.onException(WireFormatNegotiator.java:173) ~[activemq-all-5.18.3.jar:5.18.3]
	at org.apache.activemq.transport.AbstractInactivityMonitor.onException(AbstractInactivityMonitor.java:346) ~[activemq-all-5.18.3.jar:5.18.3]
	at org.apache.activemq.transport.TransportSupport.onException(TransportSupport.java:96) ~[activemq-all-5.18.3.jar:5.18.3]
	at org.apache.activemq.transport.tcp.TcpTransport.run(TcpTransport.java:219) ~[activemq-all-5.18.3.jar:5.18.3]
	at java.lang.Thread.run(Thread.java:834) [?:?]
Caused by: java.io.EOFException
	at java.io.DataInputStream.readInt(DataInputStream.java:397) ~[?:?]
	at org.apache.activemq.openwire.OpenWireFormat.unmarshal(OpenWireFormat.java:280) ~[activemq-all-5.18.3.jar:5.18.3]
	at org.apache.activemq.transport.tcp.TcpTransport.readCommand(TcpTransport.java:240) ~[activemq-all-5.18.3.jar:5.18.3]
	at org.apache.activemq.transport.tcp.TcpTransport.doRun(TcpTransport.java:232) ~[activemq-all-5.18.3.jar:5.18.3]
	at org.apache.activemq.transport.tcp.TcpTransport.run(TcpTransport.java:215) ~[activemq-all-5.18.3.jar:5.18.3]
	... 1 more
03-09-2024 23:05:12 [ActiveMQ Connection Executor: tcp://localhost/127.0.0.1:61617@51344] WARN  mil.arl.gift.net.api.MessageClient - Message client for subject 'UMS_Queue_192.168.56.1_Inbox' caught JMSExcepion, attempting to reconnect.
javax.jms.JMSException: java.io.EOFException
	at org.apache.activemq.util.JMSExceptionSupport.create(JMSExceptionSupport.java:67) ~[activemq-all-5.18.3.jar:5.18.3]
	at org.apache.activemq.ActiveMQConnection.onAsyncException(ActiveMQConnection.java:2033) ~[activemq-all-5.18.3.jar:5.18.3]
	at org.apache.activemq.ActiveMQConnection.onException(ActiveMQConnection.java:2052) ~[activemq-all-5.18.3.jar:5.18.3]
	at org.apache.activemq.transport.TransportFilter.onException(TransportFilter.java:114) ~[activemq-all-5.18.3.jar:5.18.3]
	at org.apache.activemq.transport.ResponseCorrelator.onException(ResponseCorrelator.java:126) ~[activemq-all-5.18.3.jar:5.18.3]
	at org.apache.activemq.transport.TransportFilter.onException(TransportFilter.java:114) ~[activemq-all-5.18.3.jar:5.18.3]
	at org.apache.activemq.transport.TransportFilter.onException(TransportFilter.java:114) ~[activemq-all-5.18.3.jar:5.18.3]
	at org.apache.activemq.transport.WireFormatNegotiator.onException(WireFormatNegotiator.java:173) ~[activemq-all-5.18.3.jar:5.18.3]
	at org.apache.activemq.transport.AbstractInactivityMonitor.onException(AbstractInactivityMonitor.java:346) ~[activemq-all-5.18.3.jar:5.18.3]
	at org.apache.activemq.transport.TransportSupport.onException(TransportSupport.java:96) ~[activemq-all-5.18.3.jar:5.18.3]
	at org.apache.activemq.transport.tcp.TcpTransport.run(TcpTransport.java:219) ~[activemq-all-5.18.3.jar:5.18.3]
	at java.lang.Thread.run(Thread.java:834) [?:?]
Caused by: java.io.EOFException
	at java.io.DataInputStream.readInt(DataInputStream.java:397) ~[?:?]
	at org.apache.activemq.openwire.OpenWireFormat.unmarshal(OpenWireFormat.java:280) ~[activemq-all-5.18.3.jar:5.18.3]
	at org.apache.activemq.transport.tcp.TcpTransport.readCommand(TcpTransport.java:240) ~[activemq-all-5.18.3.jar:5.18.3]
	at org.apache.activemq.transport.tcp.TcpTransport.doRun(TcpTransport.java:232) ~[activemq-all-5.18.3.jar:5.18.3]
	at org.apache.activemq.transport.tcp.TcpTransport.run(TcpTransport.java:215) ~[activemq-all-5.18.3.jar:5.18.3]
	... 1 more
03-09-2024 23:05:12 [ActiveMQ Connection Executor: tcp://localhost/127.0.0.1:61617@51343] WARN  mil.arl.gift.net.api.MessageClient - Message client for subject 'Tutor_Queue_192.168.56.1_Inbox' caught JMSExcepion, attempting to reconnect.
javax.jms.JMSException: java.io.EOFException
	at org.apache.activemq.util.JMSExceptionSupport.create(JMSExceptionSupport.java:67) ~[activemq-all-5.18.3.jar:5.18.3]
	at org.apache.activemq.ActiveMQConnection.onAsyncException(ActiveMQConnection.java:2033) ~[activemq-all-5.18.3.jar:5.18.3]
	at org.apache.activemq.ActiveMQConnection.onException(ActiveMQConnection.java:2052) ~[activemq-all-5.18.3.jar:5.18.3]
	at org.apache.activemq.transport.TransportFilter.onException(TransportFilter.java:114) ~[activemq-all-5.18.3.jar:5.18.3]
	at org.apache.activemq.transport.ResponseCorrelator.onException(ResponseCorrelator.java:126) ~[activemq-all-5.18.3.jar:5.18.3]
	at org.apache.activemq.transport.TransportFilter.onException(TransportFilter.java:114) ~[activemq-all-5.18.3.jar:5.18.3]
	at org.apache.activemq.transport.TransportFilter.onException(TransportFilter.java:114) ~[activemq-all-5.18.3.jar:5.18.3]
	at org.apache.activemq.transport.WireFormatNegotiator.onException(WireFormatNegotiator.java:173) ~[activemq-all-5.18.3.jar:5.18.3]
	at org.apache.activemq.transport.AbstractInactivityMonitor.onException(AbstractInactivityMonitor.java:346) ~[activemq-all-5.18.3.jar:5.18.3]
	at org.apache.activemq.transport.TransportSupport.onException(TransportSupport.java:96) ~[activemq-all-5.18.3.jar:5.18.3]
	at org.apache.activemq.transport.tcp.TcpTransport.run(TcpTransport.java:219) ~[activemq-all-5.18.3.jar:5.18.3]
	at java.lang.Thread.run(Thread.java:834) [?:?]
Caused by: java.io.EOFException
	at java.io.DataInputStream.readInt(DataInputStream.java:397) ~[?:?]
	at org.apache.activemq.openwire.OpenWireFormat.unmarshal(OpenWireFormat.java:280) ~[activemq-all-5.18.3.jar:5.18.3]
	at org.apache.activemq.transport.tcp.TcpTransport.readCommand(TcpTransport.java:240) ~[activemq-all-5.18.3.jar:5.18.3]
	at org.apache.activemq.transport.tcp.TcpTransport.doRun(TcpTransport.java:232) ~[activemq-all-5.18.3.jar:5.18.3]
	at org.apache.activemq.transport.tcp.TcpTransport.run(TcpTransport.java:215) ~[activemq-all-5.18.3.jar:5.18.3]
	... 1 more
03-09-2024 23:05:12 [ActiveMQ Connection Executor: tcp://localhost/127.0.0.1:61617@51342] WARN  mil.arl.gift.net.api.MessageClient - Message client for subject 'Learner_Queue_192.168.56.1_Inbox' caught JMSExcepion, attempting to reconnect.
javax.jms.JMSException: java.io.EOFException
	at org.apache.activemq.util.JMSExceptionSupport.create(JMSExceptionSupport.java:67) ~[activemq-all-5.18.3.jar:5.18.3]
	at org.apache.activemq.ActiveMQConnection.onAsyncException(ActiveMQConnection.java:2033) ~[activemq-all-5.18.3.jar:5.18.3]
	at org.apache.activemq.ActiveMQConnection.onException(ActiveMQConnection.java:2052) ~[activemq-all-5.18.3.jar:5.18.3]
	at org.apache.activemq.transport.TransportFilter.onException(TransportFilter.java:114) ~[activemq-all-5.18.3.jar:5.18.3]
	at org.apache.activemq.transport.ResponseCorrelator.onException(ResponseCorrelator.java:126) ~[activemq-all-5.18.3.jar:5.18.3]
	at org.apache.activemq.transport.TransportFilter.onException(TransportFilter.java:114) ~[activemq-all-5.18.3.jar:5.18.3]
	at org.apache.activemq.transport.TransportFilter.onException(TransportFilter.java:114) ~[activemq-all-5.18.3.jar:5.18.3]
	at org.apache.activemq.transport.WireFormatNegotiator.onException(WireFormatNegotiator.java:173) ~[activemq-all-5.18.3.jar:5.18.3]
	at org.apache.activemq.transport.AbstractInactivityMonitor.onException(AbstractInactivityMonitor.java:346) ~[activemq-all-5.18.3.jar:5.18.3]
	at org.apache.activemq.transport.TransportSupport.onException(TransportSupport.java:96) ~[activemq-all-5.18.3.jar:5.18.3]
	at org.apache.activemq.transport.tcp.TcpTransport.run(TcpTransport.java:219) ~[activemq-all-5.18.3.jar:5.18.3]
	at java.lang.Thread.run(Thread.java:834) [?:?]
Caused by: java.io.EOFException
	at java.io.DataInputStream.readInt(DataInputStream.java:397) ~[?:?]
	at org.apache.activemq.openwire.OpenWireFormat.unmarshal(OpenWireFormat.java:280) ~[activemq-all-5.18.3.jar:5.18.3]
	at org.apache.activemq.transport.tcp.TcpTransport.readCommand(TcpTransport.java:240) ~[activemq-all-5.18.3.jar:5.18.3]
	at org.apache.activemq.transport.tcp.TcpTransport.doRun(TcpTransport.java:232) ~[activemq-all-5.18.3.jar:5.18.3]
	at org.apache.activemq.transport.tcp.TcpTransport.run(TcpTransport.java:215) ~[activemq-all-5.18.3.jar:5.18.3]
	... 1 more
03-09-2024 23:05:12 [ActiveMQ Connection Executor: tcp://localhost/127.0.0.1:61617@51341] WARN  mil.arl.gift.net.api.MessageClient - Message client for subject 'LMS_Queue_192.168.56.1_Inbox' caught JMSExcepion, attempting to reconnect.
javax.jms.JMSException: java.io.EOFException
	at org.apache.activemq.util.JMSExceptionSupport.create(JMSExceptionSupport.java:67) ~[activemq-all-5.18.3.jar:5.18.3]
	at org.apache.activemq.ActiveMQConnection.onAsyncException(ActiveMQConnection.java:2033) ~[activemq-all-5.18.3.jar:5.18.3]
	at org.apache.activemq.ActiveMQConnection.onException(ActiveMQConnection.java:2052) ~[activemq-all-5.18.3.jar:5.18.3]
	at org.apache.activemq.transport.TransportFilter.onException(TransportFilter.java:114) ~[activemq-all-5.18.3.jar:5.18.3]
	at org.apache.activemq.transport.ResponseCorrelator.onException(ResponseCorrelator.java:126) ~[activemq-all-5.18.3.jar:5.18.3]
	at org.apache.activemq.transport.TransportFilter.onException(TransportFilter.java:114) ~[activemq-all-5.18.3.jar:5.18.3]
	at org.apache.activemq.transport.TransportFilter.onException(TransportFilter.java:114) ~[activemq-all-5.18.3.jar:5.18.3]
	at org.apache.activemq.transport.WireFormatNegotiator.onException(WireFormatNegotiator.java:173) ~[activemq-all-5.18.3.jar:5.18.3]
	at org.apache.activemq.transport.AbstractInactivityMonitor.onException(AbstractInactivityMonitor.java:346) ~[activemq-all-5.18.3.jar:5.18.3]
	at org.apache.activemq.transport.TransportSupport.onException(TransportSupport.java:96) ~[activemq-all-5.18.3.jar:5.18.3]
	at org.apache.activemq.transport.tcp.TcpTransport.run(TcpTransport.java:219) ~[activemq-all-5.18.3.jar:5.18.3]
	at java.lang.Thread.run(Thread.java:834) [?:?]
Caused by: java.io.EOFException
	at java.io.DataInputStream.readInt(DataInputStream.java:397) ~[?:?]
	at org.apache.activemq.openwire.OpenWireFormat.unmarshal(OpenWireFormat.java:280) ~[activemq-all-5.18.3.jar:5.18.3]
	at org.apache.activemq.transport.tcp.TcpTransport.readCommand(TcpTransport.java:240) ~[activemq-all-5.18.3.jar:5.18.3]
	at org.apache.activemq.transport.tcp.TcpTransport.doRun(TcpTransport.java:232) ~[activemq-all-5.18.3.jar:5.18.3]
	at org.apache.activemq.transport.tcp.TcpTransport.run(TcpTransport.java:215) ~[activemq-all-5.18.3.jar:5.18.3]
	... 1 more
03-09-2024 23:05:12 [UMS_Queue_192.168.56.1_Inbox_Reconnect_Thread] WARN  mil.arl.gift.net.api.MessageClient - Caught JMSException for an inactive message client (hence why this is a warning and not an error) while disconnecting the message client message producer
03-09-2024 23:05:12 [ActiveMQ Connection Executor: tcp://localhost/127.0.0.1:61617@51340] WARN  mil.arl.gift.net.api.MessageClient - Message client for subject 'Pedagogical_Queue_192.168.56.1_Inbox' caught JMSExcepion, attempting to reconnect.
javax.jms.JMSException: java.io.EOFException
	at org.apache.activemq.util.JMSExceptionSupport.create(JMSExceptionSupport.java:67) ~[activemq-all-5.18.3.jar:5.18.3]
	at org.apache.activemq.ActiveMQConnection.onAsyncException(ActiveMQConnection.java:2033) ~[activemq-all-5.18.3.jar:5.18.3]
	at org.apache.activemq.ActiveMQConnection.onException(ActiveMQConnection.java:2052) ~[activemq-all-5.18.3.jar:5.18.3]
	at org.apache.activemq.transport.TransportFilter.onException(TransportFilter.java:114) ~[activemq-all-5.18.3.jar:5.18.3]
	at org.apache.activemq.transport.ResponseCorrelator.onException(ResponseCorrelator.java:126) ~[activemq-all-5.18.3.jar:5.18.3]
	at org.apache.activemq.transport.TransportFilter.onException(TransportFilter.java:114) ~[activemq-all-5.18.3.jar:5.18.3]
	at org.apache.activemq.transport.TransportFilter.onException(TransportFilter.java:114) ~[activemq-all-5.18.3.jar:5.18.3]
	at org.apache.activemq.transport.WireFormatNegotiator.onException(WireFormatNegotiator.java:173) ~[activemq-all-5.18.3.jar:5.18.3]
	at org.apache.activemq.transport.AbstractInactivityMonitor.onException(AbstractInactivityMonitor.java:346) ~[activemq-all-5.18.3.jar:5.18.3]
	at org.apache.activemq.transport.TransportSupport.onException(TransportSupport.java:96) ~[activemq-all-5.18.3.jar:5.18.3]
	at org.apache.activemq.transport.tcp.TcpTransport.run(TcpTransport.java:219) ~[activemq-all-5.18.3.jar:5.18.3]
	at java.lang.Thread.run(Thread.java:834) [?:?]
Caused by: java.io.EOFException
	at java.io.DataInputStream.readInt(DataInputStream.java:397) ~[?:?]
	at org.apache.activemq.openwire.OpenWireFormat.unmarshal(OpenWireFormat.java:280) ~[activemq-all-5.18.3.jar:5.18.3]
	at org.apache.activemq.transport.tcp.TcpTransport.readCommand(TcpTransport.java:240) ~[activemq-all-5.18.3.jar:5.18.3]
	at org.apache.activemq.transport.tcp.TcpTransport.doRun(TcpTransport.java:232) ~[activemq-all-5.18.3.jar:5.18.3]
	at org.apache.activemq.transport.tcp.TcpTransport.run(TcpTransport.java:215) ~[activemq-all-5.18.3.jar:5.18.3]
	... 1 more
03-09-2024 23:05:12 [Sensor_Queue_192.168.56.1_Reconnect_Thread] WARN  mil.arl.gift.net.api.MessageClient - Caught JMSException for an inactive message client (hence why this is a warning and not an error) while disconnecting the message client broker session
03-09-2024 23:05:12 [LMS_Queue_192.168.56.1_Inbox_Reconnect_Thread] WARN  mil.arl.gift.net.api.MessageClient - Caught JMSException for an inactive message client (hence why this is a warning and not an error) while disconnecting the message client message producer
03-09-2024 23:05:12 [Learner_Queue_192.168.56.1_Inbox_Reconnect_Thread] WARN  mil.arl.gift.net.api.MessageClient - Caught JMSException for an inactive message client (hence why this is a warning and not an error) while disconnecting the message client message producer
03-09-2024 23:05:12 [UMS_Queue_192.168.56.1_Inbox_Reconnect_Thread] WARN  mil.arl.gift.net.api.MessageClient - Caught JMSException for an inactive message client (hence why this is a warning and not an error) while disconnecting the message client broker session
03-09-2024 23:05:12 [Sensor_Status_Topic_Reconnect_Thread] WARN  mil.arl.gift.net.api.MessageClient - Caught JMSException for an inactive message client (hence why this is a warning and not an error) while disconnecting the message client broker connection
03-09-2024 23:05:12 [Sensor_Discovery_Topic_Reconnect_Thread] WARN  mil.arl.gift.net.api.MessageClient - Caught JMSException for an inactive message client (hence why this is a warning and not an error) while disconnecting the message client broker connection
03-09-2024 23:05:12 [ActiveMQ Connection Executor: tcp://localhost/127.0.0.1:61617@51345] WARN  mil.arl.gift.net.api.MessageClient - Message client for subject 'Gateway_Queue_192.168.56.1_Inbox' caught JMSExcepion, attempting to reconnect.
javax.jms.JMSException: java.io.EOFException
	at org.apache.activemq.util.JMSExceptionSupport.create(JMSExceptionSupport.java:67) ~[activemq-all-5.18.3.jar:5.18.3]
	at org.apache.activemq.ActiveMQConnection.onAsyncException(ActiveMQConnection.java:2033) ~[activemq-all-5.18.3.jar:5.18.3]
	at org.apache.activemq.ActiveMQConnection.onException(ActiveMQConnection.java:2052) ~[activemq-all-5.18.3.jar:5.18.3]
	at org.apache.activemq.transport.TransportFilter.onException(TransportFilter.java:114) ~[activemq-all-5.18.3.jar:5.18.3]
	at org.apache.activemq.transport.ResponseCorrelator.onException(ResponseCorrelator.java:126) ~[activemq-all-5.18.3.jar:5.18.3]
	at org.apache.activemq.transport.TransportFilter.onException(TransportFilter.java:114) ~[activemq-all-5.18.3.jar:5.18.3]
	at org.apache.activemq.transport.TransportFilter.onException(TransportFilter.java:114) ~[activemq-all-5.18.3.jar:5.18.3]
	at org.apache.activemq.transport.WireFormatNegotiator.onException(WireFormatNegotiator.java:173) ~[activemq-all-5.18.3.jar:5.18.3]
	at org.apache.activemq.transport.AbstractInactivityMonitor.onException(AbstractInactivityMonitor.java:346) ~[activemq-all-5.18.3.jar:5.18.3]
	at org.apache.activemq.transport.TransportSupport.onException(TransportSupport.java:96) ~[activemq-all-5.18.3.jar:5.18.3]
	at org.apache.activemq.transport.tcp.TcpTransport.run(TcpTransport.java:219) ~[activemq-all-5.18.3.jar:5.18.3]
	at java.lang.Thread.run(Thread.java:834) [?:?]
Caused by: java.io.EOFException
	at java.io.DataInputStream.readInt(DataInputStream.java:397) ~[?:?]
	at org.apache.activemq.openwire.OpenWireFormat.unmarshal(OpenWireFormat.java:280) ~[activemq-all-5.18.3.jar:5.18.3]
	at org.apache.activemq.transport.tcp.TcpTransport.readCommand(TcpTransport.java:240) ~[activemq-all-5.18.3.jar:5.18.3]
	at org.apache.activemq.transport.tcp.TcpTransport.doRun(TcpTransport.java:232) ~[activemq-all-5.18.3.jar:5.18.3]
	at org.apache.activemq.transport.tcp.TcpTransport.run(TcpTransport.java:215) ~[activemq-all-5.18.3.jar:5.18.3]
	... 1 more
03-09-2024 23:05:12 [Pedagogical_Queue_192.168.56.1_Inbox_Reconnect_Thread] WARN  mil.arl.gift.net.api.MessageClient - Caught JMSException for an inactive message client (hence why this is a warning and not an error) while disconnecting the message client message producer
03-09-2024 23:05:12 [Gateway_Queue_192.168.56.1_Inbox_Reconnect_Thread] WARN  mil.arl.gift.net.api.MessageClient - Caught JMSException for an inactive message client (hence why this is a warning and not an error) while disconnecting the message client message producer
03-09-2024 23:05:12 [Gateway_Queue_192.168.56.1_Inbox_Reconnect_Thread] WARN  mil.arl.gift.net.api.MessageClient - Caught JMSException for an inactive message client (hence why this is a warning and not an error) while disconnecting the message client broker session
03-09-2024 23:05:12 [Heartbeat:Sensor_Module] ERROR mil.arl.gift.net.api.NetworkSession - Unable to find a message client for subject name Sensor_Discovery_Topic, therefore unable to send the payload = [ModuleStatus: moduleName = Sensor_Module, queueName = Sensor_Queue_192.168.56.1_Inbox, moduleType = Sensor_Module, moduleState = Unknown] for message type ModuleStatus
03-09-2024 23:05:12 [Heartbeat:Sensor_Module] ERROR mil.arl.gift.net.api.NetworkSession - Caught exception while trying to send message type ModuleStatus with payload = [ModuleStatus: moduleName = Sensor_Module, queueName = Sensor_Queue_192.168.56.1_Inbox, moduleType = Sensor_Module, moduleState = Unknown].
java.lang.Exception: Unable to find a message client for subject name Sensor_Discovery_Topic
	at mil.arl.gift.net.api.NetworkSession.sendMessage(NetworkSession.java:2874) [gift-common.jar:?]
	at mil.arl.gift.common.module.AbstractModule.sendMessage(AbstractModule.java:769) [gift-common.jar:?]
	at mil.arl.gift.sensor.SensorModule.sendModuleStatus(SensorModule.java:655) [gift-sensor.jar:?]
	at mil.arl.gift.common.module.ModuleHeartbeatDaemon.handleHeartbeat(ModuleHeartbeatDaemon.java:127) [gift-common.jar:?]
	at mil.arl.gift.common.module.ModuleHeartbeatDaemon$HeartbeatThread.run(ModuleHeartbeatDaemon.java:118) [gift-common.jar:?]
03-09-2024 23:05:13 [Heartbeat:Sensor_Module] ERROR mil.arl.gift.net.api.NetworkSession - Unable to find a message client for subject name Sensor_Discovery_Topic, therefore unable to send the payload = [ModuleStatus: moduleName = Sensor_Module, queueName = Sensor_Queue_192.168.56.1_Inbox, moduleType = Sensor_Module, moduleState = Unknown] for message type ModuleStatus
03-09-2024 23:05:13 [Heartbeat:Sensor_Module] ERROR mil.arl.gift.net.api.NetworkSession - Caught exception while trying to send message type ModuleStatus with payload = [ModuleStatus: moduleName = Sensor_Module, queueName = Sensor_Queue_192.168.56.1_Inbox, moduleType = Sensor_Module, moduleState = Unknown].
java.lang.Exception: Unable to find a message client for subject name Sensor_Discovery_Topic
	at mil.arl.gift.net.api.NetworkSession.sendMessage(NetworkSession.java:2874) [gift-common.jar:?]
	at mil.arl.gift.common.module.AbstractModule.sendMessage(AbstractModule.java:769) [gift-common.jar:?]
	at mil.arl.gift.sensor.SensorModule.sendModuleStatus(SensorModule.java:655) [gift-sensor.jar:?]
	at mil.arl.gift.common.module.ModuleHeartbeatDaemon.handleHeartbeat(ModuleHeartbeatDaemon.java:127) [gift-common.jar:?]
	at mil.arl.gift.common.module.ModuleHeartbeatDaemon$HeartbeatThread.run(ModuleHeartbeatDaemon.java:118) [gift-common.jar:?]
03-09-2024 23:05:14 [Heartbeat:Sensor_Module] ERROR mil.arl.gift.net.api.NetworkSession - Unable to find a message client for subject name Sensor_Discovery_Topic, therefore unable to send the payload = [ModuleStatus: moduleName = Sensor_Module, queueName = Sensor_Queue_192.168.56.1_Inbox, moduleType = Sensor_Module, moduleState = Unknown] for message type ModuleStatus
03-09-2024 23:05:14 [Heartbeat:Sensor_Module] ERROR mil.arl.gift.net.api.NetworkSession - Caught exception while trying to send message type ModuleStatus with payload = [ModuleStatus: moduleName = Sensor_Module, queueName = Sensor_Queue_192.168.56.1_Inbox, moduleType = Sensor_Module, moduleState = Unknown].
java.lang.Exception: Unable to find a message client for subject name Sensor_Discovery_Topic
	at mil.arl.gift.net.api.NetworkSession.sendMessage(NetworkSession.java:2874) [gift-common.jar:?]
	at mil.arl.gift.common.module.AbstractModule.sendMessage(AbstractModule.java:769) [gift-common.jar:?]
	at mil.arl.gift.sensor.SensorModule.sendModuleStatus(SensorModule.java:655) [gift-sensor.jar:?]
	at mil.arl.gift.common.module.ModuleHeartbeatDaemon.handleHeartbeat(ModuleHeartbeatDaemon.java:127) [gift-common.jar:?]
	at mil.arl.gift.common.module.ModuleHeartbeatDaemon$HeartbeatThread.run(ModuleHeartbeatDaemon.java:118) [gift-common.jar:?]
03-09-2024 23:05:15 [Heartbeat:Sensor_Module] ERROR mil.arl.gift.net.api.NetworkSession - Unable to find a message client for subject name Sensor_Discovery_Topic, therefore unable to send the payload = [ModuleStatus: moduleName = Sensor_Module, queueName = Sensor_Queue_192.168.56.1_Inbox, moduleType = Sensor_Module, moduleState = Unknown] for message type ModuleStatus
03-09-2024 23:05:15 [Heartbeat:Sensor_Module] ERROR mil.arl.gift.net.api.NetworkSession - Caught exception while trying to send message type ModuleStatus with payload = [ModuleStatus: moduleName = Sensor_Module, queueName = Sensor_Queue_192.168.56.1_Inbox, moduleType = Sensor_Module, moduleState = Unknown].
java.lang.Exception: Unable to find a message client for subject name Sensor_Discovery_Topic
	at mil.arl.gift.net.api.NetworkSession.sendMessage(NetworkSession.java:2874) [gift-common.jar:?]
	at mil.arl.gift.common.module.AbstractModule.sendMessage(AbstractModule.java:769) [gift-common.jar:?]
	at mil.arl.gift.sensor.SensorModule.sendModuleStatus(SensorModule.java:655) [gift-sensor.jar:?]
	at mil.arl.gift.common.module.ModuleHeartbeatDaemon.handleHeartbeat(ModuleHeartbeatDaemon.java:127) [gift-common.jar:?]
	at mil.arl.gift.common.module.ModuleHeartbeatDaemon$HeartbeatThread.run(ModuleHeartbeatDaemon.java:118) [gift-common.jar:?]
03-09-2024 23:05:16 [Heartbeat:Sensor_Module] ERROR mil.arl.gift.net.api.NetworkSession - Unable to find a message client for subject name Sensor_Discovery_Topic, therefore unable to send the payload = [ModuleStatus: moduleName = Sensor_Module, queueName = Sensor_Queue_192.168.56.1_Inbox, moduleType = Sensor_Module, moduleState = Unknown] for message type ModuleStatus
03-09-2024 23:05:17 [Heartbeat:Sensor_Module] ERROR mil.arl.gift.net.api.NetworkSession - Caught exception while trying to send message type ModuleStatus with payload = [ModuleStatus: moduleName = Sensor_Module, queueName = Sensor_Queue_192.168.56.1_Inbox, moduleType = Sensor_Module, moduleState = Unknown].
java.lang.Exception: Unable to find a message client for subject name Sensor_Discovery_Topic
	at mil.arl.gift.net.api.NetworkSession.sendMessage(NetworkSession.java:2874) [gift-common.jar:?]
	at mil.arl.gift.common.module.AbstractModule.sendMessage(AbstractModule.java:769) [gift-common.jar:?]
	at mil.arl.gift.sensor.SensorModule.sendModuleStatus(SensorModule.java:655) [gift-sensor.jar:?]
	at mil.arl.gift.common.module.ModuleHeartbeatDaemon.handleHeartbeat(ModuleHeartbeatDaemon.java:127) [gift-common.jar:?]
	at mil.arl.gift.common.module.ModuleHeartbeatDaemon$HeartbeatThread.run(ModuleHeartbeatDaemon.java:118) [gift-common.jar:?]
03-09-2024 23:05:18 [Heartbeat:Sensor_Module] ERROR mil.arl.gift.net.api.NetworkSession - Unable to find a message client for subject name Sensor_Discovery_Topic, therefore unable to send the payload = [ModuleStatus: moduleName = Sensor_Module, queueName = Sensor_Queue_192.168.56.1_Inbox, moduleType = Sensor_Module, moduleState = Unknown] for message type ModuleStatus
03-09-2024 23:05:18 [Heartbeat:Sensor_Module] ERROR mil.arl.gift.net.api.NetworkSession - Caught exception while trying to send message type ModuleStatus with payload = [ModuleStatus: moduleName = Sensor_Module, queueName = Sensor_Queue_192.168.56.1_Inbox, moduleType = Sensor_Module, moduleState = Unknown].
java.lang.Exception: Unable to find a message client for subject name Sensor_Discovery_Topic
	at mil.arl.gift.net.api.NetworkSession.sendMessage(NetworkSession.java:2874) [gift-common.jar:?]
	at mil.arl.gift.common.module.AbstractModule.sendMessage(AbstractModule.java:769) [gift-common.jar:?]
	at mil.arl.gift.sensor.SensorModule.sendModuleStatus(SensorModule.java:655) [gift-sensor.jar:?]
	at mil.arl.gift.common.module.ModuleHeartbeatDaemon.handleHeartbeat(ModuleHeartbeatDaemon.java:127) [gift-common.jar:?]
	at mil.arl.gift.common.module.ModuleHeartbeatDaemon$HeartbeatThread.run(ModuleHeartbeatDaemon.java:118) [gift-common.jar:?]
03-09-2024 23:05:19 [Heartbeat:Sensor_Module] ERROR mil.arl.gift.net.api.NetworkSession - Unable to find a message client for subject name Sensor_Discovery_Topic, therefore unable to send the payload = [ModuleStatus: moduleName = Sensor_Module, queueName = Sensor_Queue_192.168.56.1_Inbox, moduleType = Sensor_Module, moduleState = Unknown] for message type ModuleStatus
03-09-2024 23:05:19 [Heartbeat:Sensor_Module] ERROR mil.arl.gift.net.api.NetworkSession - Caught exception while trying to send message type ModuleStatus with payload = [ModuleStatus: moduleName = Sensor_Module, queueName = Sensor_Queue_192.168.56.1_Inbox, moduleType = Sensor_Module, moduleState = Unknown].
java.lang.Exception: Unable to find a message client for subject name Sensor_Discovery_Topic
	at mil.arl.gift.net.api.NetworkSession.sendMessage(NetworkSession.java:2874) [gift-common.jar:?]
	at mil.arl.gift.common.module.AbstractModule.sendMessage(AbstractModule.java:769) [gift-common.jar:?]
	at mil.arl.gift.sensor.SensorModule.sendModuleStatus(SensorModule.java:655) [gift-sensor.jar:?]
	at mil.arl.gift.common.module.ModuleHeartbeatDaemon.handleHeartbeat(ModuleHeartbeatDaemon.java:127) [gift-common.jar:?]
	at mil.arl.gift.common.module.ModuleHeartbeatDaemon$HeartbeatThread.run(ModuleHeartbeatDaemon.java:118) [gift-common.jar:?]
03-09-2024 23:05:20 [Heartbeat:Sensor_Module] ERROR mil.arl.gift.net.api.NetworkSession - Unable to find a message client for subject name Sensor_Discovery_Topic, therefore unable to send the payload = [ModuleStatus: moduleName = Sensor_Module, queueName = Sensor_Queue_192.168.56.1_Inbox, moduleType = Sensor_Module, moduleState = Unknown] for message type ModuleStatus
03-09-2024 23:05:20 [Heartbeat:Sensor_Module] ERROR mil.arl.gift.net.api.NetworkSession - Caught exception while trying to send message type ModuleStatus with payload = [ModuleStatus: moduleName = Sensor_Module, queueName = Sensor_Queue_192.168.56.1_Inbox, moduleType = Sensor_Module, moduleState = Unknown].
java.lang.Exception: Unable to find a message client for subject name Sensor_Discovery_Topic
	at mil.arl.gift.net.api.NetworkSession.sendMessage(NetworkSession.java:2874) [gift-common.jar:?]
	at mil.arl.gift.common.module.AbstractModule.sendMessage(AbstractModule.java:769) [gift-common.jar:?]
	at mil.arl.gift.sensor.SensorModule.sendModuleStatus(SensorModule.java:655) [gift-sensor.jar:?]
	at mil.arl.gift.common.module.ModuleHeartbeatDaemon.handleHeartbeat(ModuleHeartbeatDaemon.java:127) [gift-common.jar:?]
	at mil.arl.gift.common.module.ModuleHeartbeatDaemon$HeartbeatThread.run(ModuleHeartbeatDaemon.java:118) [gift-common.jar:?]
03-09-2024 23:05:21 [Heartbeat:Sensor_Module] ERROR mil.arl.gift.net.api.NetworkSession - Unable to find a message client for subject name Sensor_Discovery_Topic, therefore unable to send the payload = [ModuleStatus: moduleName = Sensor_Module, queueName = Sensor_Queue_192.168.56.1_Inbox, moduleType = Sensor_Module, moduleState = Unknown] for message type ModuleStatus
03-09-2024 23:05:21 [Heartbeat:Sensor_Module] ERROR mil.arl.gift.net.api.NetworkSession - Caught exception while trying to send message type ModuleStatus with payload = [ModuleStatus: moduleName = Sensor_Module, queueName = Sensor_Queue_192.168.56.1_Inbox, moduleType = Sensor_Module, moduleState = Unknown].
java.lang.Exception: Unable to find a message client for subject name Sensor_Discovery_Topic
	at mil.arl.gift.net.api.NetworkSession.sendMessage(NetworkSession.java:2874) [gift-common.jar:?]
	at mil.arl.gift.common.module.AbstractModule.sendMessage(AbstractModule.java:769) [gift-common.jar:?]
	at mil.arl.gift.sensor.SensorModule.sendModuleStatus(SensorModule.java:655) [gift-sensor.jar:?]
	at mil.arl.gift.common.module.ModuleHeartbeatDaemon.handleHeartbeat(ModuleHeartbeatDaemon.java:127) [gift-common.jar:?]
	at mil.arl.gift.common.module.ModuleHeartbeatDaemon$HeartbeatThread.run(ModuleHeartbeatDaemon.java:118) [gift-common.jar:?]
03-09-2024 23:05:22 [Heartbeat:Sensor_Module] ERROR mil.arl.gift.net.api.NetworkSession - Unable to find a message client for subject name Sensor_Discovery_Topic, therefore unable to send the payload = [ModuleStatus: moduleName = Sensor_Module, queueName = Sensor_Queue_192.168.56.1_Inbox, moduleType = Sensor_Module, moduleState = Unknown] for message type ModuleStatus
03-09-2024 23:05:22 [Heartbeat:Sensor_Module] ERROR mil.arl.gift.net.api.NetworkSession - Caught exception while trying to send message type ModuleStatus with payload = [ModuleStatus: moduleName = Sensor_Module, queueName = Sensor_Queue_192.168.56.1_Inbox, moduleType = Sensor_Module, moduleState = Unknown].
java.lang.Exception: Unable to find a message client for subject name Sensor_Discovery_Topic
	at mil.arl.gift.net.api.NetworkSession.sendMessage(NetworkSession.java:2874) [gift-common.jar:?]
	at mil.arl.gift.common.module.AbstractModule.sendMessage(AbstractModule.java:769) [gift-common.jar:?]
	at mil.arl.gift.sensor.SensorModule.sendModuleStatus(SensorModule.java:655) [gift-sensor.jar:?]
	at mil.arl.gift.common.module.ModuleHeartbeatDaemon.handleHeartbeat(ModuleHeartbeatDaemon.java:127) [gift-common.jar:?]
	at mil.arl.gift.common.module.ModuleHeartbeatDaemon$HeartbeatThread.run(ModuleHeartbeatDaemon.java:118) [gift-common.jar:?]
03-09-2024 23:05:23 [Heartbeat:Sensor_Module] ERROR mil.arl.gift.net.api.NetworkSession - Unable to find a message client for subject name Sensor_Discovery_Topic, therefore unable to send the payload = [ModuleStatus: moduleName = Sensor_Module, queueName = Sensor_Queue_192.168.56.1_Inbox, moduleType = Sensor_Module, moduleState = Unknown] for message type ModuleStatus
03-09-2024 23:05:23 [Heartbeat:Sensor_Module] ERROR mil.arl.gift.net.api.NetworkSession - Caught exception while trying to send message type ModuleStatus with payload = [ModuleStatus: moduleName = Sensor_Module, queueName = Sensor_Queue_192.168.56.1_Inbox, moduleType = Sensor_Module, moduleState = Unknown].
java.lang.Exception: Unable to find a message client for subject name Sensor_Discovery_Topic
	at mil.arl.gift.net.api.NetworkSession.sendMessage(NetworkSession.java:2874) [gift-common.jar:?]
	at mil.arl.gift.common.module.AbstractModule.sendMessage(AbstractModule.java:769) [gift-common.jar:?]
	at mil.arl.gift.sensor.SensorModule.sendModuleStatus(SensorModule.java:655) [gift-sensor.jar:?]
	at mil.arl.gift.common.module.ModuleHeartbeatDaemon.handleHeartbeat(ModuleHeartbeatDaemon.java:127) [gift-common.jar:?]
	at mil.arl.gift.common.module.ModuleHeartbeatDaemon$HeartbeatThread.run(ModuleHeartbeatDaemon.java:118) [gift-common.jar:?]
03-09-2024 23:05:24 [Heartbeat:Sensor_Module] ERROR mil.arl.gift.net.api.NetworkSession - Unable to find a message client for subject name Sensor_Discovery_Topic, therefore unable to send the payload = [ModuleStatus: moduleName = Sensor_Module, queueName = Sensor_Queue_192.168.56.1_Inbox, moduleType = Sensor_Module, moduleState = Unknown] for message type ModuleStatus
03-09-2024 23:05:24 [Heartbeat:Sensor_Module] ERROR mil.arl.gift.net.api.NetworkSession - Caught exception while trying to send message type ModuleStatus with payload = [ModuleStatus: moduleName = Sensor_Module, queueName = Sensor_Queue_192.168.56.1_Inbox, moduleType = Sensor_Module, moduleState = Unknown].
java.lang.Exception: Unable to find a message client for subject name Sensor_Discovery_Topic
	at mil.arl.gift.net.api.NetworkSession.sendMessage(NetworkSession.java:2874) [gift-common.jar:?]
	at mil.arl.gift.common.module.AbstractModule.sendMessage(AbstractModule.java:769) [gift-common.jar:?]
	at mil.arl.gift.sensor.SensorModule.sendModuleStatus(SensorModule.java:655) [gift-sensor.jar:?]
	at mil.arl.gift.common.module.ModuleHeartbeatDaemon.handleHeartbeat(ModuleHeartbeatDaemon.java:127) [gift-common.jar:?]
	at mil.arl.gift.common.module.ModuleHeartbeatDaemon$HeartbeatThread.run(ModuleHeartbeatDaemon.java:118) [gift-common.jar:?]
03-09-2024 23:05:25 [Heartbeat:Sensor_Module] ERROR mil.arl.gift.net.api.NetworkSession - Unable to find a message client for subject name Sensor_Discovery_Topic, therefore unable to send the payload = [ModuleStatus: moduleName = Sensor_Module, queueName = Sensor_Queue_192.168.56.1_Inbox, moduleType = Sensor_Module, moduleState = Unknown] for message type ModuleStatus
03-09-2024 23:05:25 [Heartbeat:Sensor_Module] ERROR mil.arl.gift.net.api.NetworkSession - Caught exception while trying to send message type ModuleStatus with payload = [ModuleStatus: moduleName = Sensor_Module, queueName = Sensor_Queue_192.168.56.1_Inbox, moduleType = Sensor_Module, moduleState = Unknown].
java.lang.Exception: Unable to find a message client for subject name Sensor_Discovery_Topic
	at mil.arl.gift.net.api.NetworkSession.sendMessage(NetworkSession.java:2874) [gift-common.jar:?]
	at mil.arl.gift.common.module.AbstractModule.sendMessage(AbstractModule.java:769) [gift-common.jar:?]
	at mil.arl.gift.sensor.SensorModule.sendModuleStatus(SensorModule.java:655) [gift-sensor.jar:?]
	at mil.arl.gift.common.module.ModuleHeartbeatDaemon.handleHeartbeat(ModuleHeartbeatDaemon.java:127) [gift-common.jar:?]
	at mil.arl.gift.common.module.ModuleHeartbeatDaemon$HeartbeatThread.run(ModuleHeartbeatDaemon.java:118) [gift-common.jar:?]
03-09-2024 23:05:26 [Heartbeat:Sensor_Module] ERROR mil.arl.gift.net.api.NetworkSession - Unable to find a message client for subject name Sensor_Discovery_Topic, therefore unable to send the payload = [ModuleStatus: moduleName = Sensor_Module, queueName = Sensor_Queue_192.168.56.1_Inbox, moduleType = Sensor_Module, moduleState = Unknown] for message type ModuleStatus
03-09-2024 23:05:26 [Heartbeat:Sensor_Module] ERROR mil.arl.gift.net.api.NetworkSession - Caught exception while trying to send message type ModuleStatus with payload = [ModuleStatus: moduleName = Sensor_Module, queueName = Sensor_Queue_192.168.56.1_Inbox, moduleType = Sensor_Module, moduleState = Unknown].
java.lang.Exception: Unable to find a message client for subject name Sensor_Discovery_Topic
	at mil.arl.gift.net.api.NetworkSession.sendMessage(NetworkSession.java:2874) [gift-common.jar:?]
	at mil.arl.gift.common.module.AbstractModule.sendMessage(AbstractModule.java:769) [gift-common.jar:?]
	at mil.arl.gift.sensor.SensorModule.sendModuleStatus(SensorModule.java:655) [gift-sensor.jar:?]
	at mil.arl.gift.common.module.ModuleHeartbeatDaemon.handleHeartbeat(ModuleHeartbeatDaemon.java:127) [gift-common.jar:?]
	at mil.arl.gift.common.module.ModuleHeartbeatDaemon$HeartbeatThread.run(ModuleHeartbeatDaemon.java:118) [gift-common.jar:?]
03-09-2024 23:05:27 [Heartbeat:Sensor_Module] ERROR mil.arl.gift.net.api.NetworkSession - Unable to find a message client for subject name Sensor_Discovery_Topic, therefore unable to send the payload = [ModuleStatus: moduleName = Sensor_Module, queueName = Sensor_Queue_192.168.56.1_Inbox, moduleType = Sensor_Module, moduleState = Unknown] for message type ModuleStatus
03-09-2024 23:05:27 [Heartbeat:Sensor_Module] ERROR mil.arl.gift.net.api.NetworkSession - Caught exception while trying to send message type ModuleStatus with payload = [ModuleStatus: moduleName = Sensor_Module, queueName = Sensor_Queue_192.168.56.1_Inbox, moduleType = Sensor_Module, moduleState = Unknown].
java.lang.Exception: Unable to find a message client for subject name Sensor_Discovery_Topic
	at mil.arl.gift.net.api.NetworkSession.sendMessage(NetworkSession.java:2874) [gift-common.jar:?]
	at mil.arl.gift.common.module.AbstractModule.sendMessage(AbstractModule.java:769) [gift-common.jar:?]
	at mil.arl.gift.sensor.SensorModule.sendModuleStatus(SensorModule.java:655) [gift-sensor.jar:?]
	at mil.arl.gift.common.module.ModuleHeartbeatDaemon.handleHeartbeat(ModuleHeartbeatDaemon.java:127) [gift-common.jar:?]
	at mil.arl.gift.common.module.ModuleHeartbeatDaemon$HeartbeatThread.run(ModuleHeartbeatDaemon.java:118) [gift-common.jar:?]
03-09-2024 23:05:28 [Heartbeat:Sensor_Module] ERROR mil.arl.gift.net.api.NetworkSession - Unable to find a message client for subject name Sensor_Discovery_Topic, therefore unable to send the payload = [ModuleStatus: moduleName = Sensor_Module, queueName = Sensor_Queue_192.168.56.1_Inbox, moduleType = Sensor_Module, moduleState = Unknown] for message type ModuleStatus
03-09-2024 23:05:28 [Heartbeat:Sensor_Module] ERROR mil.arl.gift.net.api.NetworkSession - Caught exception while trying to send message type ModuleStatus with payload = [ModuleStatus: moduleName = Sensor_Module, queueName = Sensor_Queue_192.168.56.1_Inbox, moduleType = Sensor_Module, moduleState = Unknown].
java.lang.Exception: Unable to find a message client for subject name Sensor_Discovery_Topic
	at mil.arl.gift.net.api.NetworkSession.sendMessage(NetworkSession.java:2874) [gift-common.jar:?]
	at mil.arl.gift.common.module.AbstractModule.sendMessage(AbstractModule.java:769) [gift-common.jar:?]
	at mil.arl.gift.sensor.SensorModule.sendModuleStatus(SensorModule.java:655) [gift-sensor.jar:?]
	at mil.arl.gift.common.module.ModuleHeartbeatDaemon.handleHeartbeat(ModuleHeartbeatDaemon.java:127) [gift-common.jar:?]
	at mil.arl.gift.common.module.ModuleHeartbeatDaemon$HeartbeatThread.run(ModuleHeartbeatDaemon.java:118) [gift-common.jar:?]
