02-29-2024 14:58:03 [UMS_Queue_172.20.80.1_Message_Listener] WARN  mil.arl.gift.net.api.NetworkSession - It took 618 ms to decode the ModuleAllocationRequest message of:
[Message: type = ModuleAllocationRequest, source event id = 1367, seq # = 1367, time = 2024:02:29 14:58:02:470 MST, sender type = Tutor_Module, sender name = Tutor_Module, sender address = Tutor_Queue_172.20.80.1_Inbox, destination address = UMS_Queue_172.20.80.1_Inbox, payload = [ModuleAllocationRequest: requestor = [ModuleStatus: moduleName = Tutor_Module, queueName = Tutor_Queue_172.20.80.1_Inbox, moduleType = Tutor_Module, moduleState = Unknown], allocatedModules = {[ModuleStatus: moduleName = UMS_Module, queueName = UMS_Queue_172.20.80.1_Inbox, moduleType = UMS_Module, moduleState = Unknown], }], needs response = true]
02-29-2024 14:58:41 [Logger_Queue_Message_Listener] ERROR mil.arl.gift.ums.logger.MessageLogManager - Unable to create a new subject entry in the database for the course at 'Public/Simple Example Training App Course' because that course was not found in the table with all the courses.  Was this course manually copied into a workspace folder?  If so, try saving the course in the course creator first.
02-29-2024 15:11:46 [Logger_Queue_Message_Listener] ERROR mil.arl.gift.ums.logger.MessageLogManager - Unable to create a new subject entry in the database for the course at 'Public/Simple Example Training App Course' because that course was not found in the table with all the courses.  Was this course manually copied into a workspace folder?  If so, try saving the course in the course creator first.
02-29-2024 15:19:49 [UMS_Queue_172.20.80.1_Message_Listener] WARN  mil.arl.gift.net.api.NetworkSession - It took 4214 ms to decode the UserIdRequest message of:
[Message: type = UserIdRequest, source event id = 4045, seq # = 4045, time = 2024:02:29 15:19:45:055 MST, sender type = Tutor_Module, sender name = Tutor_Module, sender address = Tutor_Queue_172.20.80.1_Inbox, destination address = UMS_Queue_172.20.80.1_Inbox, payload = jvaida, needs response = true]
02-29-2024 15:19:50 [Logger_Queue_Message_Listener] ERROR mil.arl.gift.ums.logger.MessageLogManager - Unable to create a new subject entry in the database for the course at 'Public/Simple Example Training App Course' because that course was not found in the table with all the courses.  Was this course manually copied into a workspace folder?  If so, try saving the course in the course creator first.
02-29-2024 15:35:00 [Kill Module] ERROR mil.arl.gift.net.api.MessageClient - Failed to destroy the destination of 'UMS_Queue_172.20.80.1'.
mil.arl.gift.common.io.DetailedException: Failed to invoke the 'removeQueue' operation on 'UMS_Queue_172.20.80.1' through JMX connection.  Does that destination exist? Check the ActiveMQ Console (e.g. http://localhost:8161/admin/index.jsp). The error reads:
org.apache.activemq:BrokerName=localhost,Type=Broker
	at mil.arl.gift.net.api.MessageClient.attemptDestroy(MessageClient.java:446) ~[gift-common.jar:?]
	at mil.arl.gift.net.api.MessageClient.attemptDestroy(MessageClient.java:497) ~[gift-common.jar:?]
	at mil.arl.gift.net.api.MessageClient.terminateConnection(MessageClient.java:1010) [gift-common.jar:?]
	at mil.arl.gift.net.api.MessageClient.disconnect(MessageClient.java:876) [gift-common.jar:?]
	at mil.arl.gift.net.api.NetworkSession.cleanup(NetworkSession.java:3199) [gift-common.jar:?]
	at mil.arl.gift.common.module.AbstractModule.cleanup(AbstractModule.java:1124) [gift-common.jar:?]
	at mil.arl.gift.ums.UMSModule.cleanup(UMSModule.java:1480) [gift-ums.jar:?]
	at mil.arl.gift.common.module.AbstractModule.killModule(AbstractModule.java:1087) [gift-common.jar:?]
	at mil.arl.gift.ums.UMSModule$2.run(UMSModule.java:1464) [gift-ums.jar:?]
Caused by: javax.management.InstanceNotFoundException: org.apache.activemq:BrokerName=localhost,Type=Broker
	at com.sun.jmx.interceptor.DefaultMBeanServerInterceptor.getMBean(DefaultMBeanServerInterceptor.java:1083) ~[?:?]
	at com.sun.jmx.interceptor.DefaultMBeanServerInterceptor.getClassLoaderFor(DefaultMBeanServerInterceptor.java:1421) ~[?:?]
	at com.sun.jmx.mbeanserver.JmxMBeanServer.getClassLoaderFor(JmxMBeanServer.java:1322) ~[?:?]
	at javax.management.remote.rmi.RMIConnectionImpl$6.run(RMIConnectionImpl.java:1363) ~[?:?]
	at java.security.AccessController.doPrivileged(Native Method) ~[?:?]
	at javax.management.remote.rmi.RMIConnectionImpl.getClassLoaderFor(RMIConnectionImpl.java:1360) ~[?:?]
	at javax.management.remote.rmi.RMIConnectionImpl.invoke(RMIConnectionImpl.java:811) ~[?:?]
	at jdk.internal.reflect.NativeMethodAccessorImpl.invoke0(Native Method) ~[?:?]
	at jdk.internal.reflect.NativeMethodAccessorImpl.invoke(NativeMethodAccessorImpl.java:62) ~[?:?]
	at jdk.internal.reflect.DelegatingMethodAccessorImpl.invoke(DelegatingMethodAccessorImpl.java:43) ~[?:?]
	at java.lang.reflect.Method.invoke(Method.java:566) ~[?:?]
	at sun.rmi.server.UnicastServerRef.dispatch(UnicastServerRef.java:359) ~[?:?]
	at sun.rmi.transport.Transport$1.run(Transport.java:200) ~[?:?]
	at sun.rmi.transport.Transport$1.run(Transport.java:197) ~[?:?]
	at java.security.AccessController.doPrivileged(Native Method) ~[?:?]
	at sun.rmi.transport.Transport.serviceCall(Transport.java:196) ~[?:?]
	at sun.rmi.transport.tcp.TCPTransport.handleMessages(TCPTransport.java:562) ~[?:?]
	at sun.rmi.transport.tcp.TCPTransport$ConnectionHandler.run0(TCPTransport.java:796) ~[?:?]
	at sun.rmi.transport.tcp.TCPTransport$ConnectionHandler.lambda$run$0(TCPTransport.java:677) ~[?:?]
	at java.security.AccessController.doPrivileged(Native Method) ~[?:?]
	at sun.rmi.transport.tcp.TCPTransport$ConnectionHandler.run(TCPTransport.java:676) ~[?:?]
	at java.util.concurrent.ThreadPoolExecutor.runWorker(ThreadPoolExecutor.java:1128) ~[?:?]
	at java.util.concurrent.ThreadPoolExecutor$Worker.run(ThreadPoolExecutor.java:628) ~[?:?]
	at java.lang.Thread.run(Thread.java:834) ~[?:?]
	at sun.rmi.transport.StreamRemoteCall.exceptionReceivedFromServer(StreamRemoteCall.java:283) ~[?:?]
	at sun.rmi.transport.StreamRemoteCall.executeCall(StreamRemoteCall.java:260) ~[?:?]
	at sun.rmi.server.UnicastRef.invoke(UnicastRef.java:161) ~[?:?]
	at jdk.jmx.remote.internal.rmi.PRef.invoke(Unknown Source) ~[?:?]
	at javax.management.remote.rmi.RMIConnectionImpl_Stub.invoke(Unknown Source) ~[?:?]
	at javax.management.remote.rmi.RMIConnector$RemoteMBeanServerConnection.invoke(RMIConnector.java:1021) ~[?:?]
	at mil.arl.gift.net.api.MessageClient.attemptDestroy(MessageClient.java:423) ~[gift-common.jar:?]
	... 8 more
02-29-2024 15:35:00 [Kill Module] ERROR mil.arl.gift.net.api.MessageClient - Failed to destroy the destination of 'Logger_Queue'.
mil.arl.gift.common.io.DetailedException: Failed to invoke the 'removeQueue' operation on 'Logger_Queue' through JMX connection.  Does that destination exist? Check the ActiveMQ Console (e.g. http://localhost:8161/admin/index.jsp). The error reads:
org.apache.activemq:BrokerName=localhost,Type=Broker
	at mil.arl.gift.net.api.MessageClient.attemptDestroy(MessageClient.java:446) ~[gift-common.jar:?]
	at mil.arl.gift.net.api.MessageClient.attemptDestroy(MessageClient.java:497) ~[gift-common.jar:?]
	at mil.arl.gift.net.api.MessageClient.terminateConnection(MessageClient.java:1010) [gift-common.jar:?]
	at mil.arl.gift.net.api.MessageClient.disconnect(MessageClient.java:876) [gift-common.jar:?]
	at mil.arl.gift.net.api.NetworkSession.cleanup(NetworkSession.java:3223) [gift-common.jar:?]
	at mil.arl.gift.common.module.AbstractModule.cleanup(AbstractModule.java:1124) [gift-common.jar:?]
	at mil.arl.gift.ums.UMSModule.cleanup(UMSModule.java:1480) [gift-ums.jar:?]
	at mil.arl.gift.common.module.AbstractModule.killModule(AbstractModule.java:1087) [gift-common.jar:?]
	at mil.arl.gift.ums.UMSModule$2.run(UMSModule.java:1464) [gift-ums.jar:?]
Caused by: javax.management.InstanceNotFoundException: org.apache.activemq:BrokerName=localhost,Type=Broker
	at com.sun.jmx.interceptor.DefaultMBeanServerInterceptor.getMBean(DefaultMBeanServerInterceptor.java:1083) ~[?:?]
	at com.sun.jmx.interceptor.DefaultMBeanServerInterceptor.getClassLoaderFor(DefaultMBeanServerInterceptor.java:1421) ~[?:?]
	at com.sun.jmx.mbeanserver.JmxMBeanServer.getClassLoaderFor(JmxMBeanServer.java:1322) ~[?:?]
	at javax.management.remote.rmi.RMIConnectionImpl$6.run(RMIConnectionImpl.java:1363) ~[?:?]
	at java.security.AccessController.doPrivileged(Native Method) ~[?:?]
	at javax.management.remote.rmi.RMIConnectionImpl.getClassLoaderFor(RMIConnectionImpl.java:1360) ~[?:?]
	at javax.management.remote.rmi.RMIConnectionImpl.invoke(RMIConnectionImpl.java:811) ~[?:?]
	at jdk.internal.reflect.NativeMethodAccessorImpl.invoke0(Native Method) ~[?:?]
	at jdk.internal.reflect.NativeMethodAccessorImpl.invoke(NativeMethodAccessorImpl.java:62) ~[?:?]
	at jdk.internal.reflect.DelegatingMethodAccessorImpl.invoke(DelegatingMethodAccessorImpl.java:43) ~[?:?]
	at java.lang.reflect.Method.invoke(Method.java:566) ~[?:?]
	at sun.rmi.server.UnicastServerRef.dispatch(UnicastServerRef.java:359) ~[?:?]
	at sun.rmi.transport.Transport$1.run(Transport.java:200) ~[?:?]
	at sun.rmi.transport.Transport$1.run(Transport.java:197) ~[?:?]
	at java.security.AccessController.doPrivileged(Native Method) ~[?:?]
	at sun.rmi.transport.Transport.serviceCall(Transport.java:196) ~[?:?]
	at sun.rmi.transport.tcp.TCPTransport.handleMessages(TCPTransport.java:562) ~[?:?]
	at sun.rmi.transport.tcp.TCPTransport$ConnectionHandler.run0(TCPTransport.java:796) ~[?:?]
	at sun.rmi.transport.tcp.TCPTransport$ConnectionHandler.lambda$run$0(TCPTransport.java:677) ~[?:?]
	at java.security.AccessController.doPrivileged(Native Method) ~[?:?]
	at sun.rmi.transport.tcp.TCPTransport$ConnectionHandler.run(TCPTransport.java:676) ~[?:?]
	at java.util.concurrent.ThreadPoolExecutor.runWorker(ThreadPoolExecutor.java:1128) ~[?:?]
	at java.util.concurrent.ThreadPoolExecutor$Worker.run(ThreadPoolExecutor.java:628) ~[?:?]
	at java.lang.Thread.run(Thread.java:834) ~[?:?]
	at sun.rmi.transport.StreamRemoteCall.exceptionReceivedFromServer(StreamRemoteCall.java:283) ~[?:?]
	at sun.rmi.transport.StreamRemoteCall.executeCall(StreamRemoteCall.java:260) ~[?:?]
	at sun.rmi.server.UnicastRef.invoke(UnicastRef.java:161) ~[?:?]
	at jdk.jmx.remote.internal.rmi.PRef.invoke(Unknown Source) ~[?:?]
	at javax.management.remote.rmi.RMIConnectionImpl_Stub.invoke(Unknown Source) ~[?:?]
	at javax.management.remote.rmi.RMIConnector$RemoteMBeanServerConnection.invoke(RMIConnector.java:1021) ~[?:?]
	at mil.arl.gift.net.api.MessageClient.attemptDestroy(MessageClient.java:423) ~[gift-common.jar:?]
	... 8 more
