02-26-2024 19:03:03 [main] WARN  org.eclipse.jetty.webapp.WebAppContext - Failed startup of context o.e.j.w.WebAppContext@6e02721d{/dashboard,file:///F:/Projects/release_2023-1/GIFT/temp/jetty-gift-dashboard/webapp/,UNAVAILABLE}{F:\Projects\release_2023-1\GIFT/bin/gift-dashboard.war}
java.lang.Exception: Timeout scanning annotations
	at org.eclipse.jetty.annotations.AnnotationConfiguration.scanForAnnotations(AnnotationConfiguration.java:491) ~[jetty-annotations-9.4.41.v20210516.jar:9.4.41.v20210516]
	at org.eclipse.jetty.annotations.AnnotationConfiguration.configure(AnnotationConfiguration.java:346) ~[jetty-annotations-9.4.41.v20210516.jar:9.4.41.v20210516]
	at org.eclipse.jetty.webapp.WebAppContext.configure(WebAppContext.java:498) ~[jetty-webapp-9.4.41.v20210516.jar:9.4.41.v20210516]
	at org.eclipse.jetty.webapp.WebAppContext.startContext(WebAppContext.java:1409) ~[jetty-webapp-9.4.41.v20210516.jar:9.4.41.v20210516]
	at org.eclipse.jetty.server.handler.ContextHandler.doStart(ContextHandler.java:911) ~[jetty-server-9.4.41.v20210516.jar:9.4.41.v20210516]
	at org.eclipse.jetty.servlet.ServletContextHandler.doStart(ServletContextHandler.java:288) ~[jetty-servlet-9.4.41.v20210516.jar:9.4.41.v20210516]
	at org.eclipse.jetty.webapp.WebAppContext.doStart(WebAppContext.java:524) ~[jetty-webapp-9.4.41.v20210516.jar:9.4.41.v20210516]
	at org.eclipse.jetty.util.component.AbstractLifeCycle.start(AbstractLifeCycle.java:73) ~[jetty-util-9.4.41.v20210516.jar:9.4.41.v20210516]
	at org.eclipse.jetty.deploy.bindings.StandardStarter.processBinding(StandardStarter.java:46) ~[jetty-deploy-9.4.41.v20210516.jar:9.4.41.v20210516]
	at org.eclipse.jetty.deploy.AppLifeCycle.runBindings(AppLifeCycle.java:188) ~[jetty-deploy-9.4.41.v20210516.jar:9.4.41.v20210516]
	at org.eclipse.jetty.deploy.DeploymentManager.requestAppGoal(DeploymentManager.java:517) ~[jetty-deploy-9.4.41.v20210516.jar:9.4.41.v20210516]
	at org.eclipse.jetty.deploy.DeploymentManager.addApp(DeploymentManager.java:157) ~[jetty-deploy-9.4.41.v20210516.jar:9.4.41.v20210516]
	at org.eclipse.jetty.deploy.providers.ScanningAppProvider.fileAdded(ScanningAppProvider.java:173) ~[jetty-deploy-9.4.41.v20210516.jar:9.4.41.v20210516]
	at org.eclipse.jetty.deploy.providers.WebAppProvider.fileAdded(WebAppProvider.java:448) ~[jetty-deploy-9.4.41.v20210516.jar:9.4.41.v20210516]
	at org.eclipse.jetty.deploy.providers.ScanningAppProvider$1.fileAdded(ScanningAppProvider.java:66) ~[jetty-deploy-9.4.41.v20210516.jar:9.4.41.v20210516]
	at org.eclipse.jetty.util.Scanner.reportAddition(Scanner.java:785) ~[jetty-util-9.4.41.v20210516.jar:9.4.41.v20210516]
	at org.eclipse.jetty.util.Scanner.reportDifferences(Scanner.java:754) ~[jetty-util-9.4.41.v20210516.jar:9.4.41.v20210516]
	at org.eclipse.jetty.util.Scanner.scan(Scanner.java:641) ~[jetty-util-9.4.41.v20210516.jar:9.4.41.v20210516]
	at org.eclipse.jetty.util.Scanner.doStart(Scanner.java:540) ~[jetty-util-9.4.41.v20210516.jar:9.4.41.v20210516]
	at org.eclipse.jetty.util.component.AbstractLifeCycle.start(AbstractLifeCycle.java:73) ~[jetty-util-9.4.41.v20210516.jar:9.4.41.v20210516]
	at org.eclipse.jetty.deploy.providers.ScanningAppProvider.doStart(ScanningAppProvider.java:146) ~[jetty-deploy-9.4.41.v20210516.jar:9.4.41.v20210516]
	at org.eclipse.jetty.util.component.AbstractLifeCycle.start(AbstractLifeCycle.java:73) ~[jetty-util-9.4.41.v20210516.jar:9.4.41.v20210516]
	at org.eclipse.jetty.deploy.DeploymentManager.startAppProvider(DeploymentManager.java:605) ~[jetty-deploy-9.4.41.v20210516.jar:9.4.41.v20210516]
	at org.eclipse.jetty.deploy.DeploymentManager.doStart(DeploymentManager.java:252) ~[jetty-deploy-9.4.41.v20210516.jar:9.4.41.v20210516]
	at org.eclipse.jetty.util.component.AbstractLifeCycle.start(AbstractLifeCycle.java:73) ~[jetty-util-9.4.41.v20210516.jar:9.4.41.v20210516]
	at org.eclipse.jetty.util.component.ContainerLifeCycle.start(ContainerLifeCycle.java:169) ~[jetty-util-9.4.41.v20210516.jar:9.4.41.v20210516]
	at org.eclipse.jetty.server.Server.start(Server.java:423) ~[jetty-server-9.4.41.v20210516.jar:9.4.41.v20210516]
	at org.eclipse.jetty.util.component.ContainerLifeCycle.doStart(ContainerLifeCycle.java:117) ~[jetty-util-9.4.41.v20210516.jar:9.4.41.v20210516]
	at org.eclipse.jetty.server.handler.AbstractHandler.doStart(AbstractHandler.java:97) ~[jetty-server-9.4.41.v20210516.jar:9.4.41.v20210516]
	at org.eclipse.jetty.server.Server.doStart(Server.java:387) ~[jetty-server-9.4.41.v20210516.jar:9.4.41.v20210516]
	at org.eclipse.jetty.util.component.AbstractLifeCycle.start(AbstractLifeCycle.java:73) ~[jetty-util-9.4.41.v20210516.jar:9.4.41.v20210516]
	at org.eclipse.jetty.xml.XmlConfiguration.lambda$main$3(XmlConfiguration.java:1907) ~[jetty-xml-9.4.41.v20210516.jar:9.4.41.v20210516]
	at java.security.AccessController.doPrivileged(Native Method) ~[?:?]
	at org.eclipse.jetty.xml.XmlConfiguration.main(XmlConfiguration.java:1857) [jetty-xml-9.4.41.v20210516.jar:9.4.41.v20210516]
	at jdk.internal.reflect.NativeMethodAccessorImpl.invoke0(Native Method) ~[?:?]
	at jdk.internal.reflect.NativeMethodAccessorImpl.invoke(NativeMethodAccessorImpl.java:62) ~[?:?]
	at jdk.internal.reflect.DelegatingMethodAccessorImpl.invoke(DelegatingMethodAccessorImpl.java:43) ~[?:?]
	at java.lang.reflect.Method.invoke(Method.java:566) ~[?:?]
	at org.eclipse.jetty.start.Main.invokeMain(Main.java:218) [start.jar:9.4.41.v20210516]
	at org.eclipse.jetty.start.Main.start(Main.java:491) [start.jar:9.4.41.v20210516]
	at org.eclipse.jetty.start.Main.main(Main.java:77) [start.jar:9.4.41.v20210516]
02-26-2024 19:03:03 [main] WARN  org.eclipse.jetty.deploy.DeploymentManager - Unable to reach node goal: started
java.lang.Exception: Timeout scanning annotations
	at org.eclipse.jetty.annotations.AnnotationConfiguration.scanForAnnotations(AnnotationConfiguration.java:491) ~[jetty-annotations-9.4.41.v20210516.jar:9.4.41.v20210516]
	at org.eclipse.jetty.annotations.AnnotationConfiguration.configure(AnnotationConfiguration.java:346) ~[jetty-annotations-9.4.41.v20210516.jar:9.4.41.v20210516]
	at org.eclipse.jetty.webapp.WebAppContext.configure(WebAppContext.java:498) ~[jetty-webapp-9.4.41.v20210516.jar:9.4.41.v20210516]
	at org.eclipse.jetty.webapp.WebAppContext.startContext(WebAppContext.java:1409) ~[jetty-webapp-9.4.41.v20210516.jar:9.4.41.v20210516]
	at org.eclipse.jetty.server.handler.ContextHandler.doStart(ContextHandler.java:911) ~[jetty-server-9.4.41.v20210516.jar:9.4.41.v20210516]
	at org.eclipse.jetty.servlet.ServletContextHandler.doStart(ServletContextHandler.java:288) ~[jetty-servlet-9.4.41.v20210516.jar:9.4.41.v20210516]
	at org.eclipse.jetty.webapp.WebAppContext.doStart(WebAppContext.java:524) ~[jetty-webapp-9.4.41.v20210516.jar:9.4.41.v20210516]
	at org.eclipse.jetty.util.component.AbstractLifeCycle.start(AbstractLifeCycle.java:73) ~[jetty-util-9.4.41.v20210516.jar:9.4.41.v20210516]
	at org.eclipse.jetty.deploy.bindings.StandardStarter.processBinding(StandardStarter.java:46) ~[jetty-deploy-9.4.41.v20210516.jar:9.4.41.v20210516]
	at org.eclipse.jetty.deploy.AppLifeCycle.runBindings(AppLifeCycle.java:188) ~[jetty-deploy-9.4.41.v20210516.jar:9.4.41.v20210516]
	at org.eclipse.jetty.deploy.DeploymentManager.requestAppGoal(DeploymentManager.java:517) ~[jetty-deploy-9.4.41.v20210516.jar:9.4.41.v20210516]
	at org.eclipse.jetty.deploy.DeploymentManager.addApp(DeploymentManager.java:157) ~[jetty-deploy-9.4.41.v20210516.jar:9.4.41.v20210516]
	at org.eclipse.jetty.deploy.providers.ScanningAppProvider.fileAdded(ScanningAppProvider.java:173) ~[jetty-deploy-9.4.41.v20210516.jar:9.4.41.v20210516]
	at org.eclipse.jetty.deploy.providers.WebAppProvider.fileAdded(WebAppProvider.java:448) ~[jetty-deploy-9.4.41.v20210516.jar:9.4.41.v20210516]
	at org.eclipse.jetty.deploy.providers.ScanningAppProvider$1.fileAdded(ScanningAppProvider.java:66) ~[jetty-deploy-9.4.41.v20210516.jar:9.4.41.v20210516]
	at org.eclipse.jetty.util.Scanner.reportAddition(Scanner.java:785) ~[jetty-util-9.4.41.v20210516.jar:9.4.41.v20210516]
	at org.eclipse.jetty.util.Scanner.reportDifferences(Scanner.java:754) ~[jetty-util-9.4.41.v20210516.jar:9.4.41.v20210516]
	at org.eclipse.jetty.util.Scanner.scan(Scanner.java:641) ~[jetty-util-9.4.41.v20210516.jar:9.4.41.v20210516]
	at org.eclipse.jetty.util.Scanner.doStart(Scanner.java:540) ~[jetty-util-9.4.41.v20210516.jar:9.4.41.v20210516]
	at org.eclipse.jetty.util.component.AbstractLifeCycle.start(AbstractLifeCycle.java:73) ~[jetty-util-9.4.41.v20210516.jar:9.4.41.v20210516]
	at org.eclipse.jetty.deploy.providers.ScanningAppProvider.doStart(ScanningAppProvider.java:146) ~[jetty-deploy-9.4.41.v20210516.jar:9.4.41.v20210516]
	at org.eclipse.jetty.util.component.AbstractLifeCycle.start(AbstractLifeCycle.java:73) ~[jetty-util-9.4.41.v20210516.jar:9.4.41.v20210516]
	at org.eclipse.jetty.deploy.DeploymentManager.startAppProvider(DeploymentManager.java:605) ~[jetty-deploy-9.4.41.v20210516.jar:9.4.41.v20210516]
	at org.eclipse.jetty.deploy.DeploymentManager.doStart(DeploymentManager.java:252) ~[jetty-deploy-9.4.41.v20210516.jar:9.4.41.v20210516]
	at org.eclipse.jetty.util.component.AbstractLifeCycle.start(AbstractLifeCycle.java:73) ~[jetty-util-9.4.41.v20210516.jar:9.4.41.v20210516]
	at org.eclipse.jetty.util.component.ContainerLifeCycle.start(ContainerLifeCycle.java:169) ~[jetty-util-9.4.41.v20210516.jar:9.4.41.v20210516]
	at org.eclipse.jetty.server.Server.start(Server.java:423) ~[jetty-server-9.4.41.v20210516.jar:9.4.41.v20210516]
	at org.eclipse.jetty.util.component.ContainerLifeCycle.doStart(ContainerLifeCycle.java:117) ~[jetty-util-9.4.41.v20210516.jar:9.4.41.v20210516]
	at org.eclipse.jetty.server.handler.AbstractHandler.doStart(AbstractHandler.java:97) ~[jetty-server-9.4.41.v20210516.jar:9.4.41.v20210516]
	at org.eclipse.jetty.server.Server.doStart(Server.java:387) ~[jetty-server-9.4.41.v20210516.jar:9.4.41.v20210516]
	at org.eclipse.jetty.util.component.AbstractLifeCycle.start(AbstractLifeCycle.java:73) ~[jetty-util-9.4.41.v20210516.jar:9.4.41.v20210516]
	at org.eclipse.jetty.xml.XmlConfiguration.lambda$main$3(XmlConfiguration.java:1907) ~[jetty-xml-9.4.41.v20210516.jar:9.4.41.v20210516]
	at java.security.AccessController.doPrivileged(Native Method) ~[?:?]
	at org.eclipse.jetty.xml.XmlConfiguration.main(XmlConfiguration.java:1857) [jetty-xml-9.4.41.v20210516.jar:9.4.41.v20210516]
	at jdk.internal.reflect.NativeMethodAccessorImpl.invoke0(Native Method) ~[?:?]
	at jdk.internal.reflect.NativeMethodAccessorImpl.invoke(NativeMethodAccessorImpl.java:62) ~[?:?]
	at jdk.internal.reflect.DelegatingMethodAccessorImpl.invoke(DelegatingMethodAccessorImpl.java:43) ~[?:?]
	at java.lang.reflect.Method.invoke(Method.java:566) ~[?:?]
	at org.eclipse.jetty.start.Main.invokeMain(Main.java:218) [start.jar:9.4.41.v20210516]
	at org.eclipse.jetty.start.Main.start(Main.java:491) [start.jar:9.4.41.v20210516]
	at org.eclipse.jetty.start.Main.main(Main.java:77) [start.jar:9.4.41.v20210516]
02-26-2024 19:03:05 [main] WARN  org.eclipse.jetty.util.thread.QueuedThreadPool - QueuedThreadPool[qtp1230013344]@495083a0{STOPPING,8<=0<=200,i=7,r=-1,q=0}[NO_TRY] Couldn't stop Thread[qtp1230013344-25,5,main]
02-26-2024 19:03:05 [main] WARN  org.eclipse.jetty.xml.XmlConfiguration - 
java.security.PrivilegedActionException: null
	at java.security.AccessController.doPrivileged(Native Method) ~[?:?]
	at org.eclipse.jetty.xml.XmlConfiguration.main(XmlConfiguration.java:1857) [jetty-xml-9.4.41.v20210516.jar:9.4.41.v20210516]
	at jdk.internal.reflect.NativeMethodAccessorImpl.invoke0(Native Method) ~[?:?]
	at jdk.internal.reflect.NativeMethodAccessorImpl.invoke(NativeMethodAccessorImpl.java:62) ~[?:?]
	at jdk.internal.reflect.DelegatingMethodAccessorImpl.invoke(DelegatingMethodAccessorImpl.java:43) ~[?:?]
	at java.lang.reflect.Method.invoke(Method.java:566) ~[?:?]
	at org.eclipse.jetty.start.Main.invokeMain(Main.java:218) [start.jar:9.4.41.v20210516]
	at org.eclipse.jetty.start.Main.start(Main.java:491) [start.jar:9.4.41.v20210516]
	at org.eclipse.jetty.start.Main.main(Main.java:77) [start.jar:9.4.41.v20210516]
Caused by: java.lang.Exception: Timeout scanning annotations
	at org.eclipse.jetty.annotations.AnnotationConfiguration.scanForAnnotations(AnnotationConfiguration.java:491) ~[jetty-annotations-9.4.41.v20210516.jar:9.4.41.v20210516]
	at org.eclipse.jetty.annotations.AnnotationConfiguration.configure(AnnotationConfiguration.java:346) ~[jetty-annotations-9.4.41.v20210516.jar:9.4.41.v20210516]
	at org.eclipse.jetty.webapp.WebAppContext.configure(WebAppContext.java:498) ~[jetty-webapp-9.4.41.v20210516.jar:9.4.41.v20210516]
	at org.eclipse.jetty.webapp.WebAppContext.startContext(WebAppContext.java:1409) ~[jetty-webapp-9.4.41.v20210516.jar:9.4.41.v20210516]
	at org.eclipse.jetty.server.handler.ContextHandler.doStart(ContextHandler.java:911) ~[jetty-server-9.4.41.v20210516.jar:9.4.41.v20210516]
	at org.eclipse.jetty.servlet.ServletContextHandler.doStart(ServletContextHandler.java:288) ~[jetty-servlet-9.4.41.v20210516.jar:9.4.41.v20210516]
	at org.eclipse.jetty.webapp.WebAppContext.doStart(WebAppContext.java:524) ~[jetty-webapp-9.4.41.v20210516.jar:9.4.41.v20210516]
	at org.eclipse.jetty.util.component.AbstractLifeCycle.start(AbstractLifeCycle.java:73) ~[jetty-util-9.4.41.v20210516.jar:9.4.41.v20210516]
	at org.eclipse.jetty.deploy.bindings.StandardStarter.processBinding(StandardStarter.java:46) ~[jetty-deploy-9.4.41.v20210516.jar:9.4.41.v20210516]
	at org.eclipse.jetty.deploy.AppLifeCycle.runBindings(AppLifeCycle.java:188) ~[jetty-deploy-9.4.41.v20210516.jar:9.4.41.v20210516]
	at org.eclipse.jetty.deploy.DeploymentManager.requestAppGoal(DeploymentManager.java:517) ~[jetty-deploy-9.4.41.v20210516.jar:9.4.41.v20210516]
	at org.eclipse.jetty.deploy.DeploymentManager.addApp(DeploymentManager.java:157) ~[jetty-deploy-9.4.41.v20210516.jar:9.4.41.v20210516]
	at org.eclipse.jetty.deploy.providers.ScanningAppProvider.fileAdded(ScanningAppProvider.java:173) ~[jetty-deploy-9.4.41.v20210516.jar:9.4.41.v20210516]
	at org.eclipse.jetty.deploy.providers.WebAppProvider.fileAdded(WebAppProvider.java:448) ~[jetty-deploy-9.4.41.v20210516.jar:9.4.41.v20210516]
	at org.eclipse.jetty.deploy.providers.ScanningAppProvider$1.fileAdded(ScanningAppProvider.java:66) ~[jetty-deploy-9.4.41.v20210516.jar:9.4.41.v20210516]
	at org.eclipse.jetty.util.Scanner.reportAddition(Scanner.java:785) ~[jetty-util-9.4.41.v20210516.jar:9.4.41.v20210516]
	at org.eclipse.jetty.util.Scanner.reportDifferences(Scanner.java:754) ~[jetty-util-9.4.41.v20210516.jar:9.4.41.v20210516]
	at org.eclipse.jetty.util.Scanner.scan(Scanner.java:641) ~[jetty-util-9.4.41.v20210516.jar:9.4.41.v20210516]
	at org.eclipse.jetty.util.Scanner.doStart(Scanner.java:540) ~[jetty-util-9.4.41.v20210516.jar:9.4.41.v20210516]
	at org.eclipse.jetty.util.component.AbstractLifeCycle.start(AbstractLifeCycle.java:73) ~[jetty-util-9.4.41.v20210516.jar:9.4.41.v20210516]
	at org.eclipse.jetty.deploy.providers.ScanningAppProvider.doStart(ScanningAppProvider.java:146) ~[jetty-deploy-9.4.41.v20210516.jar:9.4.41.v20210516]
	at org.eclipse.jetty.util.component.AbstractLifeCycle.start(AbstractLifeCycle.java:73) ~[jetty-util-9.4.41.v20210516.jar:9.4.41.v20210516]
	at org.eclipse.jetty.deploy.DeploymentManager.startAppProvider(DeploymentManager.java:605) ~[jetty-deploy-9.4.41.v20210516.jar:9.4.41.v20210516]
	at org.eclipse.jetty.deploy.DeploymentManager.doStart(DeploymentManager.java:252) ~[jetty-deploy-9.4.41.v20210516.jar:9.4.41.v20210516]
	at org.eclipse.jetty.util.component.AbstractLifeCycle.start(AbstractLifeCycle.java:73) ~[jetty-util-9.4.41.v20210516.jar:9.4.41.v20210516]
	at org.eclipse.jetty.util.component.ContainerLifeCycle.start(ContainerLifeCycle.java:169) ~[jetty-util-9.4.41.v20210516.jar:9.4.41.v20210516]
	at org.eclipse.jetty.server.Server.start(Server.java:423) ~[jetty-server-9.4.41.v20210516.jar:9.4.41.v20210516]
	at org.eclipse.jetty.util.component.ContainerLifeCycle.doStart(ContainerLifeCycle.java:117) ~[jetty-util-9.4.41.v20210516.jar:9.4.41.v20210516]
	at org.eclipse.jetty.server.handler.AbstractHandler.doStart(AbstractHandler.java:97) ~[jetty-server-9.4.41.v20210516.jar:9.4.41.v20210516]
	at org.eclipse.jetty.server.Server.doStart(Server.java:387) ~[jetty-server-9.4.41.v20210516.jar:9.4.41.v20210516]
	at org.eclipse.jetty.util.component.AbstractLifeCycle.start(AbstractLifeCycle.java:73) ~[jetty-util-9.4.41.v20210516.jar:9.4.41.v20210516]
	at org.eclipse.jetty.xml.XmlConfiguration.lambda$main$3(XmlConfiguration.java:1907) ~[jetty-xml-9.4.41.v20210516.jar:9.4.41.v20210516]
	... 9 more
