02-26-2024 19:18:39 [Tutor Single Process Thread] ERROR mil.arl.gift.common.gwt.server.GiftServletUtils - Caught a server side error while trying to contact the virtual human character server at 'localhost:8088'.
java.net.ConnectException: Connection refused: connect
	at java.net.PlainSocketImpl.waitForConnect(Native Method) ~[?:?]
	at java.net.PlainSocketImpl.socketConnect(PlainSocketImpl.java:107) ~[?:?]
	at java.net.AbstractPlainSocketImpl.doConnect(AbstractPlainSocketImpl.java:399) ~[?:?]
	at java.net.AbstractPlainSocketImpl.connectToAddress(AbstractPlainSocketImpl.java:242) ~[?:?]
	at java.net.AbstractPlainSocketImpl.connect(AbstractPlainSocketImpl.java:224) ~[?:?]
	at java.net.Socket.connect(Socket.java:591) ~[?:?]
	at sun.net.NetworkClient.doConnect(NetworkClient.java:177) ~[?:?]
	at sun.net.www.http.HttpClient.openServer(HttpClient.java:474) ~[?:?]
	at sun.net.www.http.HttpClient.openServer(HttpClient.java:569) ~[?:?]
	at sun.net.www.http.HttpClient.<init>(HttpClient.java:242) ~[?:?]
	at sun.net.www.http.HttpClient.New(HttpClient.java:341) ~[?:?]
	at sun.net.www.http.HttpClient.New(HttpClient.java:362) ~[?:?]
	at sun.net.www.protocol.http.HttpURLConnection.getNewHttpClient(HttpURLConnection.java:1242) ~[?:?]
	at sun.net.www.protocol.http.HttpURLConnection.plainConnect0(HttpURLConnection.java:1181) ~[?:?]
	at sun.net.www.protocol.http.HttpURLConnection.plainConnect(HttpURLConnection.java:1075) ~[?:?]
	at sun.net.www.protocol.http.HttpURLConnection.connect(HttpURLConnection.java:1009) ~[?:?]
	at sun.net.www.protocol.http.HttpURLConnection.getInputStream0(HttpURLConnection.java:1581) ~[?:?]
	at sun.net.www.protocol.http.HttpURLConnection.getInputStream(HttpURLConnection.java:1509) ~[?:?]
	at mil.arl.gift.net.rest.RESTClient.callRequest(RESTClient.java:190) ~[gift-common.jar:?]
	at mil.arl.gift.net.rest.RESTClient.get(RESTClient.java:535) ~[gift-common.jar:?]
	at mil.arl.gift.common.gwt.server.GiftServletUtils.checkVHCharacterServer(GiftServletUtils.java:70) [gift-commongwt.jar:?]
	at jdk.internal.reflect.NativeMethodAccessorImpl.invoke0(Native Method) ~[?:?]
	at jdk.internal.reflect.NativeMethodAccessorImpl.invoke(NativeMethodAccessorImpl.java:62) ~[?:?]
	at jdk.internal.reflect.DelegatingMethodAccessorImpl.invoke(DelegatingMethodAccessorImpl.java:43) ~[?:?]
	at java.lang.reflect.Method.invoke(Method.java:566) ~[?:?]
	at org.eclipse.jetty.xml.XmlConfiguration$JettyXmlConfiguration.invokeMethod(XmlConfiguration.java:765) [jetty-xml-9.4.41.v20210516.jar:9.4.41.v20210516]
	at org.eclipse.jetty.xml.XmlConfiguration$JettyXmlConfiguration.invokeMethod(XmlConfiguration.java:760) [jetty-xml-9.4.41.v20210516.jar:9.4.41.v20210516]
	at org.eclipse.jetty.xml.XmlConfiguration$JettyXmlConfiguration.call(XmlConfiguration.java:979) [jetty-xml-9.4.41.v20210516.jar:9.4.41.v20210516]
	at org.eclipse.jetty.xml.XmlConfiguration$JettyXmlConfiguration.call(XmlConfiguration.java:942) [jetty-xml-9.4.41.v20210516.jar:9.4.41.v20210516]
	at org.eclipse.jetty.xml.XmlConfiguration$JettyXmlConfiguration.itemValue(XmlConfiguration.java:1536) [jetty-xml-9.4.41.v20210516.jar:9.4.41.v20210516]
	at org.eclipse.jetty.xml.XmlConfiguration$JettyXmlConfiguration.value(XmlConfiguration.java:1441) [jetty-xml-9.4.41.v20210516.jar:9.4.41.v20210516]
	at org.eclipse.jetty.xml.XmlConfiguration$JettyXmlConfiguration.access$700(XmlConfiguration.java:395) [jetty-xml-9.4.41.v20210516.jar:9.4.41.v20210516]
	at org.eclipse.jetty.xml.XmlConfiguration$JettyXmlConfiguration$Args.<init>(XmlConfiguration.java:1699) [jetty-xml-9.4.41.v20210516.jar:9.4.41.v20210516]
	at org.eclipse.jetty.xml.XmlConfiguration$JettyXmlConfiguration$Args.<init>(XmlConfiguration.java:1686) [jetty-xml-9.4.41.v20210516.jar:9.4.41.v20210516]
	at org.eclipse.jetty.xml.XmlConfiguration$JettyXmlConfiguration.newObj(XmlConfiguration.java:1011) [jetty-xml-9.4.41.v20210516.jar:9.4.41.v20210516]
	at org.eclipse.jetty.xml.XmlConfiguration$JettyXmlConfiguration.configure(XmlConfiguration.java:521) [jetty-xml-9.4.41.v20210516.jar:9.4.41.v20210516]
	at org.eclipse.jetty.xml.XmlConfiguration$JettyXmlConfiguration.configure(XmlConfiguration.java:468) [jetty-xml-9.4.41.v20210516.jar:9.4.41.v20210516]
	at org.eclipse.jetty.xml.XmlConfiguration.configure(XmlConfiguration.java:380) [jetty-xml-9.4.41.v20210516.jar:9.4.41.v20210516]
	at org.eclipse.jetty.deploy.providers.WebAppProvider.createContextHandler(WebAppProvider.java:300) [jetty-deploy-9.4.41.v20210516.jar:9.4.41.v20210516]
	at org.eclipse.jetty.deploy.App.getContextHandler(App.java:99) [jetty-deploy-9.4.41.v20210516.jar:9.4.41.v20210516]
	at org.eclipse.jetty.deploy.bindings.StandardDeployer.processBinding(StandardDeployer.java:39) [jetty-deploy-9.4.41.v20210516.jar:9.4.41.v20210516]
	at org.eclipse.jetty.deploy.AppLifeCycle.runBindings(AppLifeCycle.java:188) [jetty-deploy-9.4.41.v20210516.jar:9.4.41.v20210516]
	at org.eclipse.jetty.deploy.DeploymentManager.requestAppGoal(DeploymentManager.java:517) [jetty-deploy-9.4.41.v20210516.jar:9.4.41.v20210516]
	at org.eclipse.jetty.deploy.DeploymentManager.addApp(DeploymentManager.java:157) [jetty-deploy-9.4.41.v20210516.jar:9.4.41.v20210516]
	at org.eclipse.jetty.deploy.providers.ScanningAppProvider.fileAdded(ScanningAppProvider.java:173) [jetty-deploy-9.4.41.v20210516.jar:9.4.41.v20210516]
	at org.eclipse.jetty.deploy.providers.WebAppProvider.fileAdded(WebAppProvider.java:448) [jetty-deploy-9.4.41.v20210516.jar:9.4.41.v20210516]
	at org.eclipse.jetty.deploy.providers.ScanningAppProvider$1.fileAdded(ScanningAppProvider.java:66) [jetty-deploy-9.4.41.v20210516.jar:9.4.41.v20210516]
	at org.eclipse.jetty.util.Scanner.reportAddition(Scanner.java:785) [jetty-util-9.4.41.v20210516.jar:9.4.41.v20210516]
	at org.eclipse.jetty.util.Scanner.reportDifferences(Scanner.java:754) [jetty-util-9.4.41.v20210516.jar:9.4.41.v20210516]
	at org.eclipse.jetty.util.Scanner.scan(Scanner.java:641) [jetty-util-9.4.41.v20210516.jar:9.4.41.v20210516]
	at org.eclipse.jetty.util.Scanner.doStart(Scanner.java:540) [jetty-util-9.4.41.v20210516.jar:9.4.41.v20210516]
	at org.eclipse.jetty.util.component.AbstractLifeCycle.start(AbstractLifeCycle.java:73) [jetty-util-9.4.41.v20210516.jar:9.4.41.v20210516]
	at org.eclipse.jetty.deploy.providers.ScanningAppProvider.doStart(ScanningAppProvider.java:146) [jetty-deploy-9.4.41.v20210516.jar:9.4.41.v20210516]
	at org.eclipse.jetty.util.component.AbstractLifeCycle.start(AbstractLifeCycle.java:73) [jetty-util-9.4.41.v20210516.jar:9.4.41.v20210516]
	at org.eclipse.jetty.deploy.DeploymentManager.startAppProvider(DeploymentManager.java:605) [jetty-deploy-9.4.41.v20210516.jar:9.4.41.v20210516]
	at org.eclipse.jetty.deploy.DeploymentManager.doStart(DeploymentManager.java:252) [jetty-deploy-9.4.41.v20210516.jar:9.4.41.v20210516]
	at org.eclipse.jetty.util.component.AbstractLifeCycle.start(AbstractLifeCycle.java:73) [jetty-util-9.4.41.v20210516.jar:9.4.41.v20210516]
	at org.eclipse.jetty.util.component.ContainerLifeCycle.start(ContainerLifeCycle.java:169) [jetty-util-9.4.41.v20210516.jar:9.4.41.v20210516]
	at org.eclipse.jetty.server.Server.start(Server.java:423) [jetty-server-9.4.41.v20210516.jar:9.4.41.v20210516]
	at org.eclipse.jetty.util.component.ContainerLifeCycle.doStart(ContainerLifeCycle.java:117) [jetty-util-9.4.41.v20210516.jar:9.4.41.v20210516]
	at org.eclipse.jetty.server.handler.AbstractHandler.doStart(AbstractHandler.java:97) [jetty-server-9.4.41.v20210516.jar:9.4.41.v20210516]
	at org.eclipse.jetty.server.Server.doStart(Server.java:387) [jetty-server-9.4.41.v20210516.jar:9.4.41.v20210516]
	at org.eclipse.jetty.util.component.AbstractLifeCycle.start(AbstractLifeCycle.java:73) [jetty-util-9.4.41.v20210516.jar:9.4.41.v20210516]
	at jdk.internal.reflect.NativeMethodAccessorImpl.invoke0(Native Method) ~[?:?]
	at jdk.internal.reflect.NativeMethodAccessorImpl.invoke(NativeMethodAccessorImpl.java:62) ~[?:?]
	at jdk.internal.reflect.DelegatingMethodAccessorImpl.invoke(DelegatingMethodAccessorImpl.java:43) ~[?:?]
	at java.lang.reflect.Method.invoke(Method.java:566) ~[?:?]
	at mil.arl.gift.tools.spl.SingleProcessLauncher$22.run(SingleProcessLauncher.java:936) [gift-spl.jar:?]
02-26-2024 19:57:02 [qtp1915641729-271] WARN  org.eclipse.jetty.server.handler.ContextHandler.tutor - Exception while dispatching incoming RPC call
com.google.gwt.user.server.rpc.UnexpectedException: Service method 'public abstract mil.arl.gift.common.gwt.client.RpcResponse mil.arl.gift.tutor.client.TutorUserInterfaceService.userLogin(int,mil.arl.gift.tutor.shared.ClientProperties) throws java.lang.IllegalArgumentException' threw an unexpected exception: java.lang.NoClassDefFoundError: mil/arl/gift/tutor/server/TutorUserInterfaceServiceImpl$2
	at com.google.gwt.user.server.rpc.RPC.encodeResponseForFailure(RPC.java:416) ~[gwt-servlet.jar:?]
	at com.google.gwt.user.server.rpc.RPC.invokeAndEncodeResponse(RPC.java:605) ~[gwt-servlet.jar:?]
	at com.google.gwt.user.server.rpc.RemoteServiceServlet.processCall(RemoteServiceServlet.java:333) ~[gwt-servlet.jar:?]
	at com.google.gwt.user.server.rpc.RemoteServiceServlet.processCall(RemoteServiceServlet.java:303) ~[gwt-servlet.jar:?]
	at com.google.gwt.user.server.rpc.RemoteServiceServlet.processPost(RemoteServiceServlet.java:373) ~[gwt-servlet.jar:?]
	at com.google.gwt.user.server.rpc.AbstractRemoteServiceServlet.doPost(AbstractRemoteServiceServlet.java:62) ~[gwt-servlet.jar:?]
	at javax.servlet.http.HttpServlet.service(HttpServlet.java:707) ~[servlet-api-3.1.jar:3.1.0]
	at javax.servlet.http.HttpServlet.service(HttpServlet.java:790) ~[servlet-api-3.1.jar:3.1.0]
	at org.eclipse.jetty.servlet.ServletHolder$NotAsync.service(ServletHolder.java:1450) ~[jetty-servlet-9.4.41.v20210516.jar:9.4.41.v20210516]
	at org.eclipse.jetty.servlet.ServletHolder.handle(ServletHolder.java:799) ~[jetty-servlet-9.4.41.v20210516.jar:9.4.41.v20210516]
	at org.eclipse.jetty.servlet.ServletHandler$ChainEnd.doFilter(ServletHandler.java:1626) ~[jetty-servlet-9.4.41.v20210516.jar:9.4.41.v20210516]
	at org.eclipse.jetty.servlets.CrossOriginFilter.handle(CrossOriginFilter.java:319) ~[jetty-servlets-9.4.41.v20210516.jar:9.4.41.v20210516]
	at org.eclipse.jetty.servlets.CrossOriginFilter.doFilter(CrossOriginFilter.java:273) ~[jetty-servlets-9.4.41.v20210516.jar:9.4.41.v20210516]
	at org.eclipse.jetty.servlet.FilterHolder.doFilter(FilterHolder.java:193) ~[jetty-servlet-9.4.41.v20210516.jar:9.4.41.v20210516]
	at org.eclipse.jetty.servlet.ServletHandler$Chain.doFilter(ServletHandler.java:1601) ~[jetty-servlet-9.4.41.v20210516.jar:9.4.41.v20210516]
	at mil.arl.gift.common.gwt.server.GwtCacheControlFilter.doFilter(GwtCacheControlFilter.java:68) ~[gift-commongwt.jar:?]
	at org.eclipse.jetty.servlet.FilterHolder.doFilter(FilterHolder.java:193) ~[jetty-servlet-9.4.41.v20210516.jar:9.4.41.v20210516]
	at org.eclipse.jetty.servlet.ServletHandler$Chain.doFilter(ServletHandler.java:1601) ~[jetty-servlet-9.4.41.v20210516.jar:9.4.41.v20210516]
	at org.eclipse.jetty.servlet.ServletHandler.doHandle(ServletHandler.java:548) ~[jetty-servlet-9.4.41.v20210516.jar:9.4.41.v20210516]
	at org.eclipse.jetty.server.handler.ScopedHandler.handle(ScopedHandler.java:143) ~[jetty-server-9.4.41.v20210516.jar:9.4.41.v20210516]
	at org.eclipse.jetty.security.SecurityHandler.handle(SecurityHandler.java:602) ~[jetty-security-9.4.41.v20210516.jar:9.4.41.v20210516]
	at org.eclipse.jetty.server.handler.HandlerWrapper.handle(HandlerWrapper.java:127) ~[jetty-server-9.4.41.v20210516.jar:9.4.41.v20210516]
	at org.eclipse.jetty.server.handler.ScopedHandler.nextHandle(ScopedHandler.java:235) ~[jetty-server-9.4.41.v20210516.jar:9.4.41.v20210516]
	at org.eclipse.jetty.server.session.SessionHandler.doHandle(SessionHandler.java:1624) ~[jetty-server-9.4.41.v20210516.jar:9.4.41.v20210516]
	at org.eclipse.jetty.server.handler.ScopedHandler.nextHandle(ScopedHandler.java:233) ~[jetty-server-9.4.41.v20210516.jar:9.4.41.v20210516]
	at org.eclipse.jetty.server.handler.ContextHandler.doHandle(ContextHandler.java:1435) ~[jetty-server-9.4.41.v20210516.jar:9.4.41.v20210516]
	at org.eclipse.jetty.server.handler.ScopedHandler.nextScope(ScopedHandler.java:188) ~[jetty-server-9.4.41.v20210516.jar:9.4.41.v20210516]
	at org.eclipse.jetty.servlet.ServletHandler.doScope(ServletHandler.java:501) ~[jetty-servlet-9.4.41.v20210516.jar:9.4.41.v20210516]
	at org.eclipse.jetty.server.session.SessionHandler.doScope(SessionHandler.java:1594) ~[jetty-server-9.4.41.v20210516.jar:9.4.41.v20210516]
	at org.eclipse.jetty.server.handler.ScopedHandler.nextScope(ScopedHandler.java:186) ~[jetty-server-9.4.41.v20210516.jar:9.4.41.v20210516]
	at org.eclipse.jetty.server.handler.ContextHandler.doScope(ContextHandler.java:1350) ~[jetty-server-9.4.41.v20210516.jar:9.4.41.v20210516]
	at org.eclipse.jetty.server.handler.ScopedHandler.handle(ScopedHandler.java:141) ~[jetty-server-9.4.41.v20210516.jar:9.4.41.v20210516]
	at org.eclipse.jetty.server.handler.ContextHandlerCollection.handle(ContextHandlerCollection.java:191) ~[jetty-server-9.4.41.v20210516.jar:9.4.41.v20210516]
	at org.eclipse.jetty.server.handler.HandlerCollection.handle(HandlerCollection.java:146) ~[jetty-server-9.4.41.v20210516.jar:9.4.41.v20210516]
	at org.eclipse.jetty.server.handler.HandlerWrapper.handle(HandlerWrapper.java:127) ~[jetty-server-9.4.41.v20210516.jar:9.4.41.v20210516]
	at org.eclipse.jetty.server.Server.handle(Server.java:516) ~[jetty-server-9.4.41.v20210516.jar:9.4.41.v20210516]
	at org.eclipse.jetty.server.HttpChannel.lambda$handle$1(HttpChannel.java:388) ~[jetty-server-9.4.41.v20210516.jar:9.4.41.v20210516]
	at org.eclipse.jetty.server.HttpChannel.dispatch(HttpChannel.java:633) [jetty-server-9.4.41.v20210516.jar:9.4.41.v20210516]
	at org.eclipse.jetty.server.HttpChannel.handle(HttpChannel.java:380) [jetty-server-9.4.41.v20210516.jar:9.4.41.v20210516]
	at org.eclipse.jetty.server.HttpConnection.onFillable(HttpConnection.java:277) [jetty-server-9.4.41.v20210516.jar:9.4.41.v20210516]
	at org.eclipse.jetty.io.AbstractConnection$ReadCallback.succeeded(AbstractConnection.java:311) [jetty-io-9.4.41.v20210516.jar:9.4.41.v20210516]
	at org.eclipse.jetty.io.FillInterest.fillable(FillInterest.java:105) [jetty-io-9.4.41.v20210516.jar:9.4.41.v20210516]
	at org.eclipse.jetty.io.ChannelEndPoint$1.run(ChannelEndPoint.java:104) [jetty-io-9.4.41.v20210516.jar:9.4.41.v20210516]
	at org.eclipse.jetty.util.thread.strategy.EatWhatYouKill.runTask(EatWhatYouKill.java:336) [jetty-util-9.4.41.v20210516.jar:9.4.41.v20210516]
	at org.eclipse.jetty.util.thread.strategy.EatWhatYouKill.doProduce(EatWhatYouKill.java:313) [jetty-util-9.4.41.v20210516.jar:9.4.41.v20210516]
	at org.eclipse.jetty.util.thread.strategy.EatWhatYouKill.tryProduce(EatWhatYouKill.java:171) [jetty-util-9.4.41.v20210516.jar:9.4.41.v20210516]
	at org.eclipse.jetty.util.thread.strategy.EatWhatYouKill.run(EatWhatYouKill.java:129) [jetty-util-9.4.41.v20210516.jar:9.4.41.v20210516]
	at org.eclipse.jetty.util.thread.ReservedThreadExecutor$ReservedThread.run(ReservedThreadExecutor.java:383) [jetty-util-9.4.41.v20210516.jar:9.4.41.v20210516]
	at org.eclipse.jetty.util.thread.QueuedThreadPool.runJob(QueuedThreadPool.java:882) [jetty-util-9.4.41.v20210516.jar:9.4.41.v20210516]
	at org.eclipse.jetty.util.thread.QueuedThreadPool$Runner.run(QueuedThreadPool.java:1036) [jetty-util-9.4.41.v20210516.jar:9.4.41.v20210516]
	at java.lang.Thread.run(Thread.java:834) [?:?]
Caused by: java.lang.NoClassDefFoundError: mil/arl/gift/tutor/server/TutorUserInterfaceServiceImpl$2
	at mil.arl.gift.tutor.server.TutorUserInterfaceServiceImpl.userLogin(TutorUserInterfaceServiceImpl.java:454) ~[classes/:?]
	at jdk.internal.reflect.NativeMethodAccessorImpl.invoke0(Native Method) ~[?:?]
	at jdk.internal.reflect.NativeMethodAccessorImpl.invoke(NativeMethodAccessorImpl.java:62) ~[?:?]
	at jdk.internal.reflect.DelegatingMethodAccessorImpl.invoke(DelegatingMethodAccessorImpl.java:43) ~[?:?]
	at java.lang.reflect.Method.invoke(Method.java:566) ~[?:?]
	at com.google.gwt.user.server.rpc.RPC.invokeAndEncodeResponse(RPC.java:587) ~[gwt-servlet.jar:?]
	... 49 more
Caused by: java.lang.ClassNotFoundException: mil.arl.gift.tutor.server.TutorUserInterfaceServiceImpl$2
	at jdk.internal.loader.BuiltinClassLoader.loadClass(BuiltinClassLoader.java:582) ~[?:?]
	at jdk.internal.loader.ClassLoaders$AppClassLoader.loadClass(ClassLoaders.java:178) ~[?:?]
	at java.lang.ClassLoader.loadClass(ClassLoader.java:521) ~[?:?]
	at mil.arl.gift.tools.spl.ModuleClassLoader.findClass(ModuleClassLoader.java:181) ~[gift-spl.jar:?]
	at java.lang.ClassLoader.loadClass(ClassLoader.java:588) ~[?:?]
	at java.lang.ClassLoader.loadClass(ClassLoader.java:521) ~[?:?]
	at org.eclipse.jetty.webapp.WebAppClassLoader.loadClass(WebAppClassLoader.java:538) ~[jetty-webapp-9.4.41.v20210516.jar:9.4.41.v20210516]
	at java.lang.ClassLoader.loadClass(ClassLoader.java:521) ~[?:?]
	at mil.arl.gift.tutor.server.TutorUserInterfaceServiceImpl.userLogin(TutorUserInterfaceServiceImpl.java:454) ~[classes/:?]
	at jdk.internal.reflect.NativeMethodAccessorImpl.invoke0(Native Method) ~[?:?]
	at jdk.internal.reflect.NativeMethodAccessorImpl.invoke(NativeMethodAccessorImpl.java:62) ~[?:?]
	at jdk.internal.reflect.DelegatingMethodAccessorImpl.invoke(DelegatingMethodAccessorImpl.java:43) ~[?:?]
	at java.lang.reflect.Method.invoke(Method.java:566) ~[?:?]
	at com.google.gwt.user.server.rpc.RPC.invokeAndEncodeResponse(RPC.java:587) ~[gwt-servlet.jar:?]
	... 49 more
02-26-2024 19:57:08 [qtp1915641729-271] WARN  org.eclipse.jetty.server.handler.ContextHandler.tutor - Exception while dispatching incoming RPC call
com.google.gwt.user.server.rpc.UnexpectedException: Service method 'public abstract mil.arl.gift.common.gwt.client.RpcResponse mil.arl.gift.tutor.client.TutorUserInterfaceService.createNewUser(boolean,java.lang.String,mil.arl.gift.tutor.shared.ClientProperties) throws java.lang.IllegalArgumentException' threw an unexpected exception: java.lang.NoClassDefFoundError: mil/arl/gift/tutor/server/TutorUserInterfaceServiceImpl$1
	at com.google.gwt.user.server.rpc.RPC.encodeResponseForFailure(RPC.java:416) ~[gwt-servlet.jar:?]
	at com.google.gwt.user.server.rpc.RPC.invokeAndEncodeResponse(RPC.java:605) ~[gwt-servlet.jar:?]
	at com.google.gwt.user.server.rpc.RemoteServiceServlet.processCall(RemoteServiceServlet.java:333) ~[gwt-servlet.jar:?]
	at com.google.gwt.user.server.rpc.RemoteServiceServlet.processCall(RemoteServiceServlet.java:303) ~[gwt-servlet.jar:?]
	at com.google.gwt.user.server.rpc.RemoteServiceServlet.processPost(RemoteServiceServlet.java:373) ~[gwt-servlet.jar:?]
	at com.google.gwt.user.server.rpc.AbstractRemoteServiceServlet.doPost(AbstractRemoteServiceServlet.java:62) ~[gwt-servlet.jar:?]
	at javax.servlet.http.HttpServlet.service(HttpServlet.java:707) ~[servlet-api-3.1.jar:3.1.0]
	at javax.servlet.http.HttpServlet.service(HttpServlet.java:790) ~[servlet-api-3.1.jar:3.1.0]
	at org.eclipse.jetty.servlet.ServletHolder$NotAsync.service(ServletHolder.java:1450) ~[jetty-servlet-9.4.41.v20210516.jar:9.4.41.v20210516]
	at org.eclipse.jetty.servlet.ServletHolder.handle(ServletHolder.java:799) ~[jetty-servlet-9.4.41.v20210516.jar:9.4.41.v20210516]
	at org.eclipse.jetty.servlet.ServletHandler$ChainEnd.doFilter(ServletHandler.java:1626) ~[jetty-servlet-9.4.41.v20210516.jar:9.4.41.v20210516]
	at org.eclipse.jetty.servlets.CrossOriginFilter.handle(CrossOriginFilter.java:319) ~[jetty-servlets-9.4.41.v20210516.jar:9.4.41.v20210516]
	at org.eclipse.jetty.servlets.CrossOriginFilter.doFilter(CrossOriginFilter.java:273) ~[jetty-servlets-9.4.41.v20210516.jar:9.4.41.v20210516]
	at org.eclipse.jetty.servlet.FilterHolder.doFilter(FilterHolder.java:193) ~[jetty-servlet-9.4.41.v20210516.jar:9.4.41.v20210516]
	at org.eclipse.jetty.servlet.ServletHandler$Chain.doFilter(ServletHandler.java:1601) ~[jetty-servlet-9.4.41.v20210516.jar:9.4.41.v20210516]
	at mil.arl.gift.common.gwt.server.GwtCacheControlFilter.doFilter(GwtCacheControlFilter.java:68) ~[gift-commongwt.jar:?]
	at org.eclipse.jetty.servlet.FilterHolder.doFilter(FilterHolder.java:193) ~[jetty-servlet-9.4.41.v20210516.jar:9.4.41.v20210516]
	at org.eclipse.jetty.servlet.ServletHandler$Chain.doFilter(ServletHandler.java:1601) ~[jetty-servlet-9.4.41.v20210516.jar:9.4.41.v20210516]
	at org.eclipse.jetty.servlet.ServletHandler.doHandle(ServletHandler.java:548) ~[jetty-servlet-9.4.41.v20210516.jar:9.4.41.v20210516]
	at org.eclipse.jetty.server.handler.ScopedHandler.handle(ScopedHandler.java:143) ~[jetty-server-9.4.41.v20210516.jar:9.4.41.v20210516]
	at org.eclipse.jetty.security.SecurityHandler.handle(SecurityHandler.java:602) ~[jetty-security-9.4.41.v20210516.jar:9.4.41.v20210516]
	at org.eclipse.jetty.server.handler.HandlerWrapper.handle(HandlerWrapper.java:127) ~[jetty-server-9.4.41.v20210516.jar:9.4.41.v20210516]
	at org.eclipse.jetty.server.handler.ScopedHandler.nextHandle(ScopedHandler.java:235) ~[jetty-server-9.4.41.v20210516.jar:9.4.41.v20210516]
	at org.eclipse.jetty.server.session.SessionHandler.doHandle(SessionHandler.java:1624) ~[jetty-server-9.4.41.v20210516.jar:9.4.41.v20210516]
	at org.eclipse.jetty.server.handler.ScopedHandler.nextHandle(ScopedHandler.java:233) ~[jetty-server-9.4.41.v20210516.jar:9.4.41.v20210516]
	at org.eclipse.jetty.server.handler.ContextHandler.doHandle(ContextHandler.java:1435) ~[jetty-server-9.4.41.v20210516.jar:9.4.41.v20210516]
	at org.eclipse.jetty.server.handler.ScopedHandler.nextScope(ScopedHandler.java:188) ~[jetty-server-9.4.41.v20210516.jar:9.4.41.v20210516]
	at org.eclipse.jetty.servlet.ServletHandler.doScope(ServletHandler.java:501) ~[jetty-servlet-9.4.41.v20210516.jar:9.4.41.v20210516]
	at org.eclipse.jetty.server.session.SessionHandler.doScope(SessionHandler.java:1594) ~[jetty-server-9.4.41.v20210516.jar:9.4.41.v20210516]
	at org.eclipse.jetty.server.handler.ScopedHandler.nextScope(ScopedHandler.java:186) ~[jetty-server-9.4.41.v20210516.jar:9.4.41.v20210516]
	at org.eclipse.jetty.server.handler.ContextHandler.doScope(ContextHandler.java:1350) ~[jetty-server-9.4.41.v20210516.jar:9.4.41.v20210516]
	at org.eclipse.jetty.server.handler.ScopedHandler.handle(ScopedHandler.java:141) ~[jetty-server-9.4.41.v20210516.jar:9.4.41.v20210516]
	at org.eclipse.jetty.server.handler.ContextHandlerCollection.handle(ContextHandlerCollection.java:191) ~[jetty-server-9.4.41.v20210516.jar:9.4.41.v20210516]
	at org.eclipse.jetty.server.handler.HandlerCollection.handle(HandlerCollection.java:146) ~[jetty-server-9.4.41.v20210516.jar:9.4.41.v20210516]
	at org.eclipse.jetty.server.handler.HandlerWrapper.handle(HandlerWrapper.java:127) ~[jetty-server-9.4.41.v20210516.jar:9.4.41.v20210516]
	at org.eclipse.jetty.server.Server.handle(Server.java:516) ~[jetty-server-9.4.41.v20210516.jar:9.4.41.v20210516]
	at org.eclipse.jetty.server.HttpChannel.lambda$handle$1(HttpChannel.java:388) ~[jetty-server-9.4.41.v20210516.jar:9.4.41.v20210516]
	at org.eclipse.jetty.server.HttpChannel.dispatch(HttpChannel.java:633) [jetty-server-9.4.41.v20210516.jar:9.4.41.v20210516]
	at org.eclipse.jetty.server.HttpChannel.handle(HttpChannel.java:380) [jetty-server-9.4.41.v20210516.jar:9.4.41.v20210516]
	at org.eclipse.jetty.server.HttpConnection.onFillable(HttpConnection.java:277) [jetty-server-9.4.41.v20210516.jar:9.4.41.v20210516]
	at org.eclipse.jetty.io.AbstractConnection$ReadCallback.succeeded(AbstractConnection.java:311) [jetty-io-9.4.41.v20210516.jar:9.4.41.v20210516]
	at org.eclipse.jetty.io.FillInterest.fillable(FillInterest.java:105) [jetty-io-9.4.41.v20210516.jar:9.4.41.v20210516]
	at org.eclipse.jetty.io.ChannelEndPoint$1.run(ChannelEndPoint.java:104) [jetty-io-9.4.41.v20210516.jar:9.4.41.v20210516]
	at org.eclipse.jetty.util.thread.strategy.EatWhatYouKill.runTask(EatWhatYouKill.java:336) [jetty-util-9.4.41.v20210516.jar:9.4.41.v20210516]
	at org.eclipse.jetty.util.thread.strategy.EatWhatYouKill.doProduce(EatWhatYouKill.java:313) [jetty-util-9.4.41.v20210516.jar:9.4.41.v20210516]
	at org.eclipse.jetty.util.thread.strategy.EatWhatYouKill.tryProduce(EatWhatYouKill.java:171) [jetty-util-9.4.41.v20210516.jar:9.4.41.v20210516]
	at org.eclipse.jetty.util.thread.strategy.EatWhatYouKill.run(EatWhatYouKill.java:129) [jetty-util-9.4.41.v20210516.jar:9.4.41.v20210516]
	at org.eclipse.jetty.util.thread.ReservedThreadExecutor$ReservedThread.run(ReservedThreadExecutor.java:383) [jetty-util-9.4.41.v20210516.jar:9.4.41.v20210516]
	at org.eclipse.jetty.util.thread.QueuedThreadPool.runJob(QueuedThreadPool.java:882) [jetty-util-9.4.41.v20210516.jar:9.4.41.v20210516]
	at org.eclipse.jetty.util.thread.QueuedThreadPool$Runner.run(QueuedThreadPool.java:1036) [jetty-util-9.4.41.v20210516.jar:9.4.41.v20210516]
	at java.lang.Thread.run(Thread.java:834) [?:?]
Caused by: java.lang.NoClassDefFoundError: mil/arl/gift/tutor/server/TutorUserInterfaceServiceImpl$1
	at mil.arl.gift.tutor.server.TutorUserInterfaceServiceImpl.createNewUser(TutorUserInterfaceServiceImpl.java:378) ~[classes/:?]
	at jdk.internal.reflect.NativeMethodAccessorImpl.invoke0(Native Method) ~[?:?]
	at jdk.internal.reflect.NativeMethodAccessorImpl.invoke(NativeMethodAccessorImpl.java:62) ~[?:?]
	at jdk.internal.reflect.DelegatingMethodAccessorImpl.invoke(DelegatingMethodAccessorImpl.java:43) ~[?:?]
	at java.lang.reflect.Method.invoke(Method.java:566) ~[?:?]
	at com.google.gwt.user.server.rpc.RPC.invokeAndEncodeResponse(RPC.java:587) ~[gwt-servlet.jar:?]
	... 49 more
Caused by: java.lang.ClassNotFoundException: mil.arl.gift.tutor.server.TutorUserInterfaceServiceImpl$1
	at jdk.internal.loader.BuiltinClassLoader.loadClass(BuiltinClassLoader.java:582) ~[?:?]
	at jdk.internal.loader.ClassLoaders$AppClassLoader.loadClass(ClassLoaders.java:178) ~[?:?]
	at java.lang.ClassLoader.loadClass(ClassLoader.java:521) ~[?:?]
	at mil.arl.gift.tools.spl.ModuleClassLoader.findClass(ModuleClassLoader.java:181) ~[gift-spl.jar:?]
	at java.lang.ClassLoader.loadClass(ClassLoader.java:588) ~[?:?]
	at java.lang.ClassLoader.loadClass(ClassLoader.java:521) ~[?:?]
	at org.eclipse.jetty.webapp.WebAppClassLoader.loadClass(WebAppClassLoader.java:538) ~[jetty-webapp-9.4.41.v20210516.jar:9.4.41.v20210516]
	at java.lang.ClassLoader.loadClass(ClassLoader.java:521) ~[?:?]
	at mil.arl.gift.tutor.server.TutorUserInterfaceServiceImpl.createNewUser(TutorUserInterfaceServiceImpl.java:378) ~[classes/:?]
	at jdk.internal.reflect.NativeMethodAccessorImpl.invoke0(Native Method) ~[?:?]
	at jdk.internal.reflect.NativeMethodAccessorImpl.invoke(NativeMethodAccessorImpl.java:62) ~[?:?]
	at jdk.internal.reflect.DelegatingMethodAccessorImpl.invoke(DelegatingMethodAccessorImpl.java:43) ~[?:?]
	at java.lang.reflect.Method.invoke(Method.java:566) ~[?:?]
	at com.google.gwt.user.server.rpc.RPC.invokeAndEncodeResponse(RPC.java:587) ~[gwt-servlet.jar:?]
	... 49 more
02-26-2024 19:57:15 [qtp1915641729-694] WARN  org.eclipse.jetty.server.handler.ContextHandler.tutor - Exception while dispatching incoming RPC call
com.google.gwt.user.server.rpc.UnexpectedException: Service method 'public abstract mil.arl.gift.common.gwt.client.RpcResponse mil.arl.gift.tutor.client.TutorUserInterfaceService.createNewUser(boolean,java.lang.String,mil.arl.gift.tutor.shared.ClientProperties) throws java.lang.IllegalArgumentException' threw an unexpected exception: java.lang.NoClassDefFoundError: mil/arl/gift/tutor/server/TutorUserInterfaceServiceImpl$1
	at com.google.gwt.user.server.rpc.RPC.encodeResponseForFailure(RPC.java:416) ~[gwt-servlet.jar:?]
	at com.google.gwt.user.server.rpc.RPC.invokeAndEncodeResponse(RPC.java:605) ~[gwt-servlet.jar:?]
	at com.google.gwt.user.server.rpc.RemoteServiceServlet.processCall(RemoteServiceServlet.java:333) ~[gwt-servlet.jar:?]
	at com.google.gwt.user.server.rpc.RemoteServiceServlet.processCall(RemoteServiceServlet.java:303) ~[gwt-servlet.jar:?]
	at com.google.gwt.user.server.rpc.RemoteServiceServlet.processPost(RemoteServiceServlet.java:373) ~[gwt-servlet.jar:?]
	at com.google.gwt.user.server.rpc.AbstractRemoteServiceServlet.doPost(AbstractRemoteServiceServlet.java:62) ~[gwt-servlet.jar:?]
	at javax.servlet.http.HttpServlet.service(HttpServlet.java:707) ~[servlet-api-3.1.jar:3.1.0]
	at javax.servlet.http.HttpServlet.service(HttpServlet.java:790) ~[servlet-api-3.1.jar:3.1.0]
	at org.eclipse.jetty.servlet.ServletHolder$NotAsync.service(ServletHolder.java:1450) ~[jetty-servlet-9.4.41.v20210516.jar:9.4.41.v20210516]
	at org.eclipse.jetty.servlet.ServletHolder.handle(ServletHolder.java:799) ~[jetty-servlet-9.4.41.v20210516.jar:9.4.41.v20210516]
	at org.eclipse.jetty.servlet.ServletHandler$ChainEnd.doFilter(ServletHandler.java:1626) ~[jetty-servlet-9.4.41.v20210516.jar:9.4.41.v20210516]
	at org.eclipse.jetty.servlets.CrossOriginFilter.handle(CrossOriginFilter.java:319) ~[jetty-servlets-9.4.41.v20210516.jar:9.4.41.v20210516]
	at org.eclipse.jetty.servlets.CrossOriginFilter.doFilter(CrossOriginFilter.java:273) ~[jetty-servlets-9.4.41.v20210516.jar:9.4.41.v20210516]
	at org.eclipse.jetty.servlet.FilterHolder.doFilter(FilterHolder.java:193) ~[jetty-servlet-9.4.41.v20210516.jar:9.4.41.v20210516]
	at org.eclipse.jetty.servlet.ServletHandler$Chain.doFilter(ServletHandler.java:1601) ~[jetty-servlet-9.4.41.v20210516.jar:9.4.41.v20210516]
	at mil.arl.gift.common.gwt.server.GwtCacheControlFilter.doFilter(GwtCacheControlFilter.java:68) ~[gift-commongwt.jar:?]
	at org.eclipse.jetty.servlet.FilterHolder.doFilter(FilterHolder.java:193) ~[jetty-servlet-9.4.41.v20210516.jar:9.4.41.v20210516]
	at org.eclipse.jetty.servlet.ServletHandler$Chain.doFilter(ServletHandler.java:1601) ~[jetty-servlet-9.4.41.v20210516.jar:9.4.41.v20210516]
	at org.eclipse.jetty.servlet.ServletHandler.doHandle(ServletHandler.java:548) ~[jetty-servlet-9.4.41.v20210516.jar:9.4.41.v20210516]
	at org.eclipse.jetty.server.handler.ScopedHandler.handle(ScopedHandler.java:143) ~[jetty-server-9.4.41.v20210516.jar:9.4.41.v20210516]
	at org.eclipse.jetty.security.SecurityHandler.handle(SecurityHandler.java:602) ~[jetty-security-9.4.41.v20210516.jar:9.4.41.v20210516]
	at org.eclipse.jetty.server.handler.HandlerWrapper.handle(HandlerWrapper.java:127) ~[jetty-server-9.4.41.v20210516.jar:9.4.41.v20210516]
	at org.eclipse.jetty.server.handler.ScopedHandler.nextHandle(ScopedHandler.java:235) ~[jetty-server-9.4.41.v20210516.jar:9.4.41.v20210516]
	at org.eclipse.jetty.server.session.SessionHandler.doHandle(SessionHandler.java:1624) ~[jetty-server-9.4.41.v20210516.jar:9.4.41.v20210516]
	at org.eclipse.jetty.server.handler.ScopedHandler.nextHandle(ScopedHandler.java:233) ~[jetty-server-9.4.41.v20210516.jar:9.4.41.v20210516]
	at org.eclipse.jetty.server.handler.ContextHandler.doHandle(ContextHandler.java:1435) ~[jetty-server-9.4.41.v20210516.jar:9.4.41.v20210516]
	at org.eclipse.jetty.server.handler.ScopedHandler.nextScope(ScopedHandler.java:188) ~[jetty-server-9.4.41.v20210516.jar:9.4.41.v20210516]
	at org.eclipse.jetty.servlet.ServletHandler.doScope(ServletHandler.java:501) ~[jetty-servlet-9.4.41.v20210516.jar:9.4.41.v20210516]
	at org.eclipse.jetty.server.session.SessionHandler.doScope(SessionHandler.java:1594) ~[jetty-server-9.4.41.v20210516.jar:9.4.41.v20210516]
	at org.eclipse.jetty.server.handler.ScopedHandler.nextScope(ScopedHandler.java:186) ~[jetty-server-9.4.41.v20210516.jar:9.4.41.v20210516]
	at org.eclipse.jetty.server.handler.ContextHandler.doScope(ContextHandler.java:1350) ~[jetty-server-9.4.41.v20210516.jar:9.4.41.v20210516]
	at org.eclipse.jetty.server.handler.ScopedHandler.handle(ScopedHandler.java:141) ~[jetty-server-9.4.41.v20210516.jar:9.4.41.v20210516]
	at org.eclipse.jetty.server.handler.ContextHandlerCollection.handle(ContextHandlerCollection.java:191) ~[jetty-server-9.4.41.v20210516.jar:9.4.41.v20210516]
	at org.eclipse.jetty.server.handler.HandlerCollection.handle(HandlerCollection.java:146) ~[jetty-server-9.4.41.v20210516.jar:9.4.41.v20210516]
	at org.eclipse.jetty.server.handler.HandlerWrapper.handle(HandlerWrapper.java:127) ~[jetty-server-9.4.41.v20210516.jar:9.4.41.v20210516]
	at org.eclipse.jetty.server.Server.handle(Server.java:516) ~[jetty-server-9.4.41.v20210516.jar:9.4.41.v20210516]
	at org.eclipse.jetty.server.HttpChannel.lambda$handle$1(HttpChannel.java:388) ~[jetty-server-9.4.41.v20210516.jar:9.4.41.v20210516]
	at org.eclipse.jetty.server.HttpChannel.dispatch(HttpChannel.java:633) [jetty-server-9.4.41.v20210516.jar:9.4.41.v20210516]
	at org.eclipse.jetty.server.HttpChannel.handle(HttpChannel.java:380) [jetty-server-9.4.41.v20210516.jar:9.4.41.v20210516]
	at org.eclipse.jetty.server.HttpConnection.onFillable(HttpConnection.java:277) [jetty-server-9.4.41.v20210516.jar:9.4.41.v20210516]
	at org.eclipse.jetty.io.AbstractConnection$ReadCallback.succeeded(AbstractConnection.java:311) [jetty-io-9.4.41.v20210516.jar:9.4.41.v20210516]
	at org.eclipse.jetty.io.FillInterest.fillable(FillInterest.java:105) [jetty-io-9.4.41.v20210516.jar:9.4.41.v20210516]
	at org.eclipse.jetty.io.ChannelEndPoint$1.run(ChannelEndPoint.java:104) [jetty-io-9.4.41.v20210516.jar:9.4.41.v20210516]
	at org.eclipse.jetty.util.thread.strategy.EatWhatYouKill.runTask(EatWhatYouKill.java:336) [jetty-util-9.4.41.v20210516.jar:9.4.41.v20210516]
	at org.eclipse.jetty.util.thread.strategy.EatWhatYouKill.doProduce(EatWhatYouKill.java:313) [jetty-util-9.4.41.v20210516.jar:9.4.41.v20210516]
	at org.eclipse.jetty.util.thread.strategy.EatWhatYouKill.tryProduce(EatWhatYouKill.java:171) [jetty-util-9.4.41.v20210516.jar:9.4.41.v20210516]
	at org.eclipse.jetty.util.thread.strategy.EatWhatYouKill.run(EatWhatYouKill.java:129) [jetty-util-9.4.41.v20210516.jar:9.4.41.v20210516]
	at org.eclipse.jetty.util.thread.ReservedThreadExecutor$ReservedThread.run(ReservedThreadExecutor.java:383) [jetty-util-9.4.41.v20210516.jar:9.4.41.v20210516]
	at org.eclipse.jetty.util.thread.QueuedThreadPool.runJob(QueuedThreadPool.java:882) [jetty-util-9.4.41.v20210516.jar:9.4.41.v20210516]
	at org.eclipse.jetty.util.thread.QueuedThreadPool$Runner.run(QueuedThreadPool.java:1036) [jetty-util-9.4.41.v20210516.jar:9.4.41.v20210516]
	at java.lang.Thread.run(Thread.java:834) [?:?]
Caused by: java.lang.NoClassDefFoundError: mil/arl/gift/tutor/server/TutorUserInterfaceServiceImpl$1
	at mil.arl.gift.tutor.server.TutorUserInterfaceServiceImpl.createNewUser(TutorUserInterfaceServiceImpl.java:378) ~[classes/:?]
	at jdk.internal.reflect.NativeMethodAccessorImpl.invoke0(Native Method) ~[?:?]
	at jdk.internal.reflect.NativeMethodAccessorImpl.invoke(NativeMethodAccessorImpl.java:62) ~[?:?]
	at jdk.internal.reflect.DelegatingMethodAccessorImpl.invoke(DelegatingMethodAccessorImpl.java:43) ~[?:?]
	at java.lang.reflect.Method.invoke(Method.java:566) ~[?:?]
	at com.google.gwt.user.server.rpc.RPC.invokeAndEncodeResponse(RPC.java:587) ~[gwt-servlet.jar:?]
	... 49 more
